2024-06-12 13:39:32,851.MTA_ConsumeLine5V2.INFO ==================================================
2024-06-12 13:39:32,851.MTA_ConsumeLine5V2.INFO Today is 2024-06-12 at 01:39 PM
2024-06-12 13:39:32,851.MTA_ConsumeLine5V2.INFO Running on: nt Windows 10
2024-06-12 13:39:32,851.MTA_ConsumeLine5V2.INFO Python version:  3.12.3
2024-06-12 13:39:32,851.MTA_ConsumeLine5V2.INFO Python path: C:\Users\Tower\anaconda3\envs\RabbitEnv
2024-06-12 13:39:32,851.MTA_ConsumeLine5V2.INFO Working dir: C:\Users\Tower\Documents\ACoffinCSIS44671\streaming-07-FinalMTA
2024-06-12 13:39:32,851.MTA_ConsumeLine5V2.INFO ==================================================
2024-06-12 13:39:32,914.MTA_ConsumeLine5V2.INFO  [*] Ready for work. To exit press CTRL+C
2024-06-12 13:39:58,114.MTA_ConsumeLine5V2.INFO 02/01/22 0:00:00,subway,446,Morris Park (5),5,Bronx,Metrocard - Full Fare,1,0,40.85436249,-73.86049652,POINT (-73.8604965209961 40.85436248779297)
2024-06-12 13:39:58,114.MTA_ConsumeLine5V2.INFO Row ingested: 02/01/22 0:00:00,subway,446,Morris Park (5),5,Bronx,Metrocard - Full Fare,1,0,40.85436249,-73.86049652,POINT (-73.8604965209961 40.85436248779297)
2024-06-12 13:39:58,114.MTA_ConsumeLine5V2.INFO  [x] Done.
2024-06-12 13:39:58,133.MTA_ConsumeLine5V2.INFO 02/01/22 0:00:00,subway,446,Morris Park (5),5,Bronx,Metrocard - Students,1,0,40.85436249,-73.86049652,POINT (-73.8604965209961 40.85436248779297)
2024-06-12 13:39:58,133.MTA_ConsumeLine5V2.INFO Row ingested: 02/01/22 0:00:00,subway,446,Morris Park (5),5,Bronx,Metrocard - Students,1,0,40.85436249,-73.86049652,POINT (-73.8604965209961 40.85436248779297)
2024-06-12 13:39:58,133.MTA_ConsumeLine5V2.INFO  [x] Done.
2024-06-12 13:40:00,656.MTA_ConsumeLine5V2.INFO 02/01/22 4:00:00,subway,445,Pelham Pkwy (5),5,Bronx,Metrocard - Unlimited 30-Day,1,0,40.8589859,-73.85536194,POINT (-73.85536193847656 40.858985900878906)
2024-06-12 13:40:00,656.MTA_ConsumeLine5V2.INFO Row ingested: 02/01/22 4:00:00,subway,445,Pelham Pkwy (5),5,Bronx,Metrocard - Unlimited 30-Day,1,0,40.8589859,-73.85536194,POINT (-73.85536193847656 40.858985900878906)
2024-06-12 13:40:00,660.MTA_ConsumeLine5V2.INFO  [x] Done.
2024-06-12 13:40:00,668.MTA_ConsumeLine5V2.INFO 02/01/22 4:00:00,subway,446,Morris Park (5),5,Bronx,Metrocard - Fair Fare,1,0,40.85436249,-73.86049652,POINT (-73.8604965209961 40.85436248779297)
2024-06-12 13:40:00,668.MTA_ConsumeLine5V2.INFO Row ingested: 02/01/22 4:00:00,subway,446,Morris Park (5),5,Bronx,Metrocard - Fair Fare,1,0,40.85436249,-73.86049652,POINT (-73.8604965209961 40.85436248779297)
2024-06-12 13:40:00,669.MTA_ConsumeLine5V2.INFO  [x] Done.
2024-06-12 13:40:00,672.MTA_ConsumeLine5V2.INFO 02/01/22 4:00:00,subway,446,Morris Park (5),5,Bronx,Metrocard - Full Fare,1,0,40.85436249,-73.86049652,POINT (-73.8604965209961 40.85436248779297)
2024-06-12 13:40:00,672.MTA_ConsumeLine5V2.INFO Row ingested: 02/01/22 4:00:00,subway,446,Morris Park (5),5,Bronx,Metrocard - Full Fare,1,0,40.85436249,-73.86049652,POINT (-73.8604965209961 40.85436248779297)
2024-06-12 13:40:00,678.MTA_ConsumeLine5V2.INFO  [x] Done.
2024-06-12 13:40:00,684.MTA_ConsumeLine5V2.INFO 02/01/22 4:00:00,subway,446,Morris Park (5),5,Bronx,Metrocard - Unlimited 30-Day,1,0,40.85436249,-73.86049652,POINT (-73.8604965209961 40.85436248779297)
2024-06-12 13:40:00,684.MTA_ConsumeLine5V2.INFO Row ingested: 02/01/22 4:00:00,subway,446,Morris Park (5),5,Bronx,Metrocard - Unlimited 30-Day,1,0,40.85436249,-73.86049652,POINT (-73.8604965209961 40.85436248779297)
2024-06-12 13:40:00,689.MTA_ConsumeLine5V2.INFO  [x] Done.
2024-06-12 13:40:01,536.MTA_ConsumeLine5V2.INFO 02/01/22 5:00:00,subway,445,Pelham Pkwy (5),5,Bronx,Metrocard - Unlimited 7-Day,5,0,40.8589859,-73.85536194,POINT (-73.85536193847656 40.858985900878906)
2024-06-12 13:40:01,540.MTA_ConsumeLine5V2.INFO Row ingested: 02/01/22 5:00:00,subway,445,Pelham Pkwy (5),5,Bronx,Metrocard - Unlimited 7-Day,5,0,40.8589859,-73.85536194,POINT (-73.85536193847656 40.858985900878906)
2024-06-12 13:40:01,541.MTA_ConsumeLine5V2.INFO  [x] Done.
2024-06-12 13:40:01,548.MTA_ConsumeLine5V2.INFO 02/01/22 5:00:00,subway,445,Pelham Pkwy (5),5,Bronx,Metrocard - Unlimited 30-Day,22,0,40.8589859,-73.85536194,POINT (-73.85536193847656 40.858985900878906)
2024-06-12 13:40:01,550.MTA_ConsumeLine5V2.INFO Row ingested: 02/01/22 5:00:00,subway,445,Pelham Pkwy (5),5,Bronx,Metrocard - Unlimited 30-Day,22,0,40.8589859,-73.85536194,POINT (-73.85536193847656 40.858985900878906)
2024-06-12 13:40:01,551.MTA_ConsumeLine5V2.INFO  [x] Done.
2024-06-12 13:40:01,556.MTA_ConsumeLine5V2.INFO 02/01/22 5:00:00,subway,446,Morris Park (5),5,Bronx,Metrocard - Seniors & Disability,2,0,40.85436249,-73.86049652,POINT (-73.8604965209961 40.85436248779297)
2024-06-12 13:40:01,556.MTA_ConsumeLine5V2.INFO Row ingested: 02/01/22 5:00:00,subway,446,Morris Park (5),5,Bronx,Metrocard - Seniors & Disability,2,0,40.85436249,-73.86049652,POINT (-73.8604965209961 40.85436248779297)
2024-06-12 13:40:01,559.MTA_ConsumeLine5V2.INFO  [x] Done.
2024-06-12 13:40:01,566.MTA_ConsumeLine5V2.INFO 02/01/22 5:00:00,subway,446,Morris Park (5),5,Bronx,Metrocard - Full Fare,52,0,40.85436249,-73.86049652,POINT (-73.8604965209961 40.85436248779297)
2024-06-12 13:40:01,566.MTA_ConsumeLine5V2.INFO Row ingested: 02/01/22 5:00:00,subway,446,Morris Park (5),5,Bronx,Metrocard - Full Fare,52,0,40.85436249,-73.86049652,POINT (-73.8604965209961 40.85436248779297)
2024-06-12 13:40:01,566.MTA_ConsumeLine5V2.INFO  [x] Done.
2024-06-12 13:40:01,577.MTA_ConsumeLine5V2.INFO 02/01/22 5:00:00,subway,446,Morris Park (5),5,Bronx,Metrocard - Fair Fare,1,0,40.85436249,-73.86049652,POINT (-73.8604965209961 40.85436248779297)
2024-06-12 13:40:01,578.MTA_ConsumeLine5V2.INFO Row ingested: 02/01/22 5:00:00,subway,446,Morris Park (5),5,Bronx,Metrocard - Fair Fare,1,0,40.85436249,-73.86049652,POINT (-73.8604965209961 40.85436248779297)
2024-06-12 13:40:01,578.MTA_ConsumeLine5V2.INFO  [x] Done.
2024-06-12 13:40:01,587.MTA_ConsumeLine5V2.INFO 02/01/22 5:00:00,subway,446,Morris Park (5),5,Bronx,Metrocard - Other,8,0,40.85436249,-73.86049652,POINT (-73.8604965209961 40.85436248779297)
2024-06-12 13:40:01,588.MTA_ConsumeLine5V2.INFO Row ingested: 02/01/22 5:00:00,subway,446,Morris Park (5),5,Bronx,Metrocard - Other,8,0,40.85436249,-73.86049652,POINT (-73.8604965209961 40.85436248779297)
2024-06-12 13:40:01,589.MTA_ConsumeLine5V2.INFO  [x] Done.
2024-06-12 13:40:01,592.MTA_ConsumeLine5V2.INFO 02/01/22 5:00:00,subway,446,Morris Park (5),5,Bronx,Metrocard - Unlimited 7-Day,14,0,40.85436249,-73.86049652,POINT (-73.8604965209961 40.85436248779297)
2024-06-12 13:40:01,592.MTA_ConsumeLine5V2.INFO Row ingested: 02/01/22 5:00:00,subway,446,Morris Park (5),5,Bronx,Metrocard - Unlimited 7-Day,14,0,40.85436249,-73.86049652,POINT (-73.8604965209961 40.85436248779297)
2024-06-12 13:40:01,598.MTA_ConsumeLine5V2.INFO  [x] Done.
2024-06-12 13:40:01,603.MTA_ConsumeLine5V2.INFO 02/01/22 5:00:00,subway,446,Morris Park (5),5,Bronx,Metrocard - Unlimited 30-Day,16,0,40.85436249,-73.86049652,POINT (-73.8604965209961 40.85436248779297)
2024-06-12 13:40:01,609.MTA_ConsumeLine5V2.INFO Row ingested: 02/01/22 5:00:00,subway,446,Morris Park (5),5,Bronx,Metrocard - Unlimited 30-Day,16,0,40.85436249,-73.86049652,POINT (-73.8604965209961 40.85436248779297)
2024-06-12 13:40:01,609.MTA_ConsumeLine5V2.INFO  [x] Done.
2024-06-12 13:40:02,650.MTA_ConsumeLine5V2.INFO 02/01/22 6:00:00,subway,445,Pelham Pkwy (5),5,Bronx,Metrocard - Unlimited 7-Day,20,0,40.8589859,-73.85536194,POINT (-73.85536193847656 40.858985900878906)
2024-06-12 13:40:02,650.MTA_ConsumeLine5V2.INFO Row ingested: 02/01/22 6:00:00,subway,445,Pelham Pkwy (5),5,Bronx,Metrocard - Unlimited 7-Day,20,0,40.8589859,-73.85536194,POINT (-73.85536193847656 40.858985900878906)
2024-06-12 13:40:02,650.MTA_ConsumeLine5V2.INFO  [x] Done.
2024-06-12 13:40:02,666.MTA_ConsumeLine5V2.INFO 02/01/22 6:00:00,subway,446,Morris Park (5),5,Bronx,Metrocard - Other,11,0,40.85436249,-73.86049652,POINT (-73.8604965209961 40.85436248779297)
2024-06-12 13:40:02,666.MTA_ConsumeLine5V2.INFO Row ingested: 02/01/22 6:00:00,subway,446,Morris Park (5),5,Bronx,Metrocard - Other,11,0,40.85436249,-73.86049652,POINT (-73.8604965209961 40.85436248779297)
2024-06-12 13:40:02,666.MTA_ConsumeLine5V2.INFO  [x] Done.
2024-06-12 13:40:02,666.MTA_ConsumeLine5V2.INFO 02/01/22 6:00:00,subway,446,Morris Park (5),5,Bronx,Metrocard - Seniors & Disability,2,0,40.85436249,-73.86049652,POINT (-73.8604965209961 40.85436248779297)
2024-06-12 13:40:02,666.MTA_ConsumeLine5V2.INFO Row ingested: 02/01/22 6:00:00,subway,446,Morris Park (5),5,Bronx,Metrocard - Seniors & Disability,2,0,40.85436249,-73.86049652,POINT (-73.8604965209961 40.85436248779297)
2024-06-12 13:40:02,666.MTA_ConsumeLine5V2.INFO  [x] Done.
2024-06-12 13:40:02,687.MTA_ConsumeLine5V2.INFO 02/01/22 6:00:00,subway,446,Morris Park (5),5,Bronx,Metrocard - Full Fare,73,0,40.85436249,-73.86049652,POINT (-73.8604965209961 40.85436248779297)
2024-06-12 13:40:02,687.MTA_ConsumeLine5V2.INFO Row ingested: 02/01/22 6:00:00,subway,446,Morris Park (5),5,Bronx,Metrocard - Full Fare,73,0,40.85436249,-73.86049652,POINT (-73.8604965209961 40.85436248779297)
2024-06-12 13:40:02,688.MTA_ConsumeLine5V2.INFO  [x] Done.
2024-06-12 13:40:02,696.MTA_ConsumeLine5V2.INFO 02/01/22 6:00:00,subway,446,Morris Park (5),5,Bronx,Metrocard - Fair Fare,7,0,40.85436249,-73.86049652,POINT (-73.8604965209961 40.85436248779297)
2024-06-12 13:40:02,697.MTA_ConsumeLine5V2.INFO Row ingested: 02/01/22 6:00:00,subway,446,Morris Park (5),5,Bronx,Metrocard - Fair Fare,7,0,40.85436249,-73.86049652,POINT (-73.8604965209961 40.85436248779297)
2024-06-12 13:40:02,698.MTA_ConsumeLine5V2.INFO  [x] Done.
2024-06-12 13:40:02,705.MTA_ConsumeLine5V2.INFO 02/01/22 6:00:00,subway,446,Morris Park (5),5,Bronx,Metrocard - Unlimited 7-Day,22,0,40.85436249,-73.86049652,POINT (-73.8604965209961 40.85436248779297)
2024-06-12 13:40:02,705.MTA_ConsumeLine5V2.INFO Row ingested: 02/01/22 6:00:00,subway,446,Morris Park (5),5,Bronx,Metrocard - Unlimited 7-Day,22,0,40.85436249,-73.86049652,POINT (-73.8604965209961 40.85436248779297)
2024-06-12 13:40:02,705.MTA_ConsumeLine5V2.INFO  [x] Done.
2024-06-12 13:40:02,717.MTA_ConsumeLine5V2.INFO 02/01/22 6:00:00,subway,446,Morris Park (5),5,Bronx,Metrocard - Unlimited 30-Day,18,0,40.85436249,-73.86049652,POINT (-73.8604965209961 40.85436248779297)
2024-06-12 13:40:02,717.MTA_ConsumeLine5V2.INFO Row ingested: 02/01/22 6:00:00,subway,446,Morris Park (5),5,Bronx,Metrocard - Unlimited 30-Day,18,0,40.85436249,-73.86049652,POINT (-73.8604965209961 40.85436248779297)
2024-06-12 13:40:02,718.MTA_ConsumeLine5V2.INFO  [x] Done.
2024-06-12 13:40:02,727.MTA_ConsumeLine5V2.INFO 02/01/22 6:00:00,subway,446,Morris Park (5),5,Bronx,Metrocard - Students,8,0,40.85436249,-73.86049652,POINT (-73.8604965209961 40.85436248779297)
2024-06-12 13:40:02,727.MTA_ConsumeLine5V2.INFO Row ingested: 02/01/22 6:00:00,subway,446,Morris Park (5),5,Bronx,Metrocard - Students,8,0,40.85436249,-73.86049652,POINT (-73.8604965209961 40.85436248779297)
2024-06-12 13:40:02,727.MTA_ConsumeLine5V2.INFO  [x] Done.
2024-06-12 13:40:03,953.MTA_ConsumeLine5V2.INFO 02/01/22 7:00:00,subway,445,Pelham Pkwy (5),5,Bronx,Metrocard - Unlimited 7-Day,17,0,40.8589859,-73.85536194,POINT (-73.85536193847656 40.858985900878906)
2024-06-12 13:40:03,953.MTA_ConsumeLine5V2.INFO Row ingested: 02/01/22 7:00:00,subway,445,Pelham Pkwy (5),5,Bronx,Metrocard - Unlimited 7-Day,17,0,40.8589859,-73.85536194,POINT (-73.85536193847656 40.858985900878906)
2024-06-12 13:40:03,954.MTA_ConsumeLine5V2.INFO  [x] Done.
2024-06-12 13:40:03,955.MTA_ConsumeLine5V2.INFO 02/01/22 7:00:00,subway,446,Morris Park (5),5,Bronx,Metrocard - Full Fare,96,1,40.85436249,-73.86049652,POINT (-73.8604965209961 40.85436248779297)
2024-06-12 13:40:03,955.MTA_ConsumeLine5V2.INFO Row ingested: 02/01/22 7:00:00,subway,446,Morris Park (5),5,Bronx,Metrocard - Full Fare,96,1,40.85436249,-73.86049652,POINT (-73.8604965209961 40.85436248779297)
2024-06-12 13:40:03,962.MTA_ConsumeLine5V2.INFO  [x] Done.
2024-06-12 13:40:03,966.MTA_ConsumeLine5V2.INFO 02/01/22 7:00:00,subway,446,Morris Park (5),5,Bronx,Metrocard - Other,5,0,40.85436249,-73.86049652,POINT (-73.8604965209961 40.85436248779297)
2024-06-12 13:40:03,966.MTA_ConsumeLine5V2.INFO Row ingested: 02/01/22 7:00:00,subway,446,Morris Park (5),5,Bronx,Metrocard - Other,5,0,40.85436249,-73.86049652,POINT (-73.8604965209961 40.85436248779297)
2024-06-12 13:40:03,966.MTA_ConsumeLine5V2.INFO  [x] Done.
2024-06-12 13:40:03,966.MTA_ConsumeLine5V2.INFO 02/01/22 7:00:00,subway,446,Morris Park (5),5,Bronx,Metrocard - Fair Fare,9,0,40.85436249,-73.86049652,POINT (-73.8604965209961 40.85436248779297)
2024-06-12 13:40:03,966.MTA_ConsumeLine5V2.INFO Row ingested: 02/01/22 7:00:00,subway,446,Morris Park (5),5,Bronx,Metrocard - Fair Fare,9,0,40.85436249,-73.86049652,POINT (-73.8604965209961 40.85436248779297)
2024-06-12 13:40:03,982.MTA_ConsumeLine5V2.INFO  [x] Done.
2024-06-12 13:40:03,987.MTA_ConsumeLine5V2.INFO 02/01/22 7:00:00,subway,446,Morris Park (5),5,Bronx,Metrocard - Seniors & Disability,6,0,40.85436249,-73.86049652,POINT (-73.8604965209961 40.85436248779297)
2024-06-12 13:40:03,987.MTA_ConsumeLine5V2.INFO Row ingested: 02/01/22 7:00:00,subway,446,Morris Park (5),5,Bronx,Metrocard - Seniors & Disability,6,0,40.85436249,-73.86049652,POINT (-73.8604965209961 40.85436248779297)
2024-06-12 13:40:03,990.MTA_ConsumeLine5V2.INFO  [x] Done.
2024-06-12 13:40:03,998.MTA_ConsumeLine5V2.INFO 02/01/22 7:00:00,subway,446,Morris Park (5),5,Bronx,Metrocard - Students,10,0,40.85436249,-73.86049652,POINT (-73.8604965209961 40.85436248779297)
2024-06-12 13:40:03,999.MTA_ConsumeLine5V2.INFO Row ingested: 02/01/22 7:00:00,subway,446,Morris Park (5),5,Bronx,Metrocard - Students,10,0,40.85436249,-73.86049652,POINT (-73.8604965209961 40.85436248779297)
2024-06-12 13:40:04,001.MTA_ConsumeLine5V2.INFO  [x] Done.
2024-06-12 13:40:04,007.MTA_ConsumeLine5V2.INFO 02/01/22 7:00:00,subway,446,Morris Park (5),5,Bronx,Metrocard - Unlimited 30-Day,32,0,40.85436249,-73.86049652,POINT (-73.8604965209961 40.85436248779297)
2024-06-12 13:40:04,007.MTA_ConsumeLine5V2.INFO Row ingested: 02/01/22 7:00:00,subway,446,Morris Park (5),5,Bronx,Metrocard - Unlimited 30-Day,32,0,40.85436249,-73.86049652,POINT (-73.8604965209961 40.85436248779297)
2024-06-12 13:40:04,010.MTA_ConsumeLine5V2.INFO  [x] Done.
2024-06-12 13:40:04,016.MTA_ConsumeLine5V2.INFO 02/01/22 7:00:00,subway,446,Morris Park (5),5,Bronx,Metrocard - Unlimited 7-Day,16,0,40.85436249,-73.86049652,POINT (-73.8604965209961 40.85436248779297)
2024-06-12 13:40:04,016.MTA_ConsumeLine5V2.INFO Row ingested: 02/01/22 7:00:00,subway,446,Morris Park (5),5,Bronx,Metrocard - Unlimited 7-Day,16,0,40.85436249,-73.86049652,POINT (-73.8604965209961 40.85436248779297)
2024-06-12 13:40:04,016.MTA_ConsumeLine5V2.INFO  [x] Done.
2024-06-12 13:40:05,201.MTA_ConsumeLine5V2.INFO 02/01/22 8:00:00,subway,445,Pelham Pkwy (5),5,Bronx,Metrocard - Unlimited 7-Day,11,0,40.8589859,-73.85536194,POINT (-73.85536193847656 40.858985900878906)
2024-06-12 13:40:05,201.MTA_ConsumeLine5V2.INFO Row ingested: 02/01/22 8:00:00,subway,445,Pelham Pkwy (5),5,Bronx,Metrocard - Unlimited 7-Day,11,0,40.8589859,-73.85536194,POINT (-73.85536193847656 40.858985900878906)
2024-06-12 13:40:05,201.MTA_ConsumeLine5V2.INFO  [x] Done.
2024-06-12 13:40:05,215.MTA_ConsumeLine5V2.INFO 02/01/22 8:00:00,subway,445,Pelham Pkwy (5),5,Bronx,Metrocard - Unlimited 30-Day,30,0,40.8589859,-73.85536194,POINT (-73.85536193847656 40.858985900878906)
2024-06-12 13:40:05,215.MTA_ConsumeLine5V2.INFO Row ingested: 02/01/22 8:00:00,subway,445,Pelham Pkwy (5),5,Bronx,Metrocard - Unlimited 30-Day,30,0,40.8589859,-73.85536194,POINT (-73.85536193847656 40.858985900878906)
2024-06-12 13:40:05,215.MTA_ConsumeLine5V2.INFO  [x] Done.
2024-06-12 13:40:05,227.MTA_ConsumeLine5V2.INFO 02/01/22 8:00:00,subway,446,Morris Park (5),5,Bronx,Metrocard - Fair Fare,8,0,40.85436249,-73.86049652,POINT (-73.8604965209961 40.85436248779297)
2024-06-12 13:40:05,227.MTA_ConsumeLine5V2.INFO Row ingested: 02/01/22 8:00:00,subway,446,Morris Park (5),5,Bronx,Metrocard - Fair Fare,8,0,40.85436249,-73.86049652,POINT (-73.8604965209961 40.85436248779297)
2024-06-12 13:40:05,227.MTA_ConsumeLine5V2.INFO  [x] Done.
2024-06-12 13:40:05,238.MTA_ConsumeLine5V2.INFO 02/01/22 8:00:00,subway,446,Morris Park (5),5,Bronx,Metrocard - Other,14,0,40.85436249,-73.86049652,POINT (-73.8604965209961 40.85436248779297)
2024-06-12 13:40:05,238.MTA_ConsumeLine5V2.INFO Row ingested: 02/01/22 8:00:00,subway,446,Morris Park (5),5,Bronx,Metrocard - Other,14,0,40.85436249,-73.86049652,POINT (-73.8604965209961 40.85436248779297)
2024-06-12 13:40:05,238.MTA_ConsumeLine5V2.INFO  [x] Done.
2024-06-12 13:40:05,240.MTA_ConsumeLine5V2.INFO 02/01/22 8:00:00,subway,446,Morris Park (5),5,Bronx,Metrocard - Full Fare,82,0,40.85436249,-73.86049652,POINT (-73.8604965209961 40.85436248779297)
2024-06-12 13:40:05,248.MTA_ConsumeLine5V2.INFO Row ingested: 02/01/22 8:00:00,subway,446,Morris Park (5),5,Bronx,Metrocard - Full Fare,82,0,40.85436249,-73.86049652,POINT (-73.8604965209961 40.85436248779297)
2024-06-12 13:40:05,249.MTA_ConsumeLine5V2.INFO  [x] Done.
2024-06-12 13:40:05,249.MTA_ConsumeLine5V2.INFO 02/01/22 8:00:00,subway,446,Morris Park (5),5,Bronx,Metrocard - Seniors & Disability,3,0,40.85436249,-73.86049652,POINT (-73.8604965209961 40.85436248779297)
2024-06-12 13:40:05,249.MTA_ConsumeLine5V2.INFO Row ingested: 02/01/22 8:00:00,subway,446,Morris Park (5),5,Bronx,Metrocard - Seniors & Disability,3,0,40.85436249,-73.86049652,POINT (-73.8604965209961 40.85436248779297)
2024-06-12 13:40:05,258.MTA_ConsumeLine5V2.INFO  [x] Done.
2024-06-12 13:40:05,267.MTA_ConsumeLine5V2.INFO 02/01/22 8:00:00,subway,446,Morris Park (5),5,Bronx,Metrocard - Students,1,0,40.85436249,-73.86049652,POINT (-73.8604965209961 40.85436248779297)
2024-06-12 13:40:05,267.MTA_ConsumeLine5V2.INFO Row ingested: 02/01/22 8:00:00,subway,446,Morris Park (5),5,Bronx,Metrocard - Students,1,0,40.85436249,-73.86049652,POINT (-73.8604965209961 40.85436248779297)
2024-06-12 13:40:05,268.MTA_ConsumeLine5V2.INFO  [x] Done.
2024-06-12 13:40:05,274.MTA_ConsumeLine5V2.INFO 02/01/22 8:00:00,subway,446,Morris Park (5),5,Bronx,Metrocard - Unlimited 7-Day,6,0,40.85436249,-73.86049652,POINT (-73.8604965209961 40.85436248779297)
2024-06-12 13:40:05,278.MTA_ConsumeLine5V2.INFO Row ingested: 02/01/22 8:00:00,subway,446,Morris Park (5),5,Bronx,Metrocard - Unlimited 7-Day,6,0,40.85436249,-73.86049652,POINT (-73.8604965209961 40.85436248779297)
2024-06-12 13:40:05,278.MTA_ConsumeLine5V2.INFO  [x] Done.
2024-06-12 13:40:05,282.MTA_ConsumeLine5V2.INFO 02/01/22 8:00:00,subway,446,Morris Park (5),5,Bronx,Metrocard - Unlimited 30-Day,32,0,40.85436249,-73.86049652,POINT (-73.8604965209961 40.85436248779297)
2024-06-12 13:40:05,282.MTA_ConsumeLine5V2.INFO Row ingested: 02/01/22 8:00:00,subway,446,Morris Park (5),5,Bronx,Metrocard - Unlimited 30-Day,32,0,40.85436249,-73.86049652,POINT (-73.8604965209961 40.85436248779297)
2024-06-12 13:40:05,282.MTA_ConsumeLine5V2.INFO  [x] Done.
2024-06-12 13:40:06,578.MTA_ConsumeLine5V2.INFO 02/01/22 9:00:00,subway,445,Pelham Pkwy (5),5,Bronx,Metrocard - Unlimited 30-Day,14,0,40.8589859,-73.85536194,POINT (-73.85536193847656 40.858985900878906)
2024-06-12 13:40:06,578.MTA_ConsumeLine5V2.INFO Row ingested: 02/01/22 9:00:00,subway,445,Pelham Pkwy (5),5,Bronx,Metrocard - Unlimited 30-Day,14,0,40.8589859,-73.85536194,POINT (-73.85536193847656 40.858985900878906)
2024-06-12 13:40:06,582.MTA_ConsumeLine5V2.INFO  [x] Done.
2024-06-12 13:40:06,582.MTA_ConsumeLine5V2.INFO 02/01/22 9:00:00,subway,445,Pelham Pkwy (5),5,Bronx,Metrocard - Unlimited 7-Day,6,0,40.8589859,-73.85536194,POINT (-73.85536193847656 40.858985900878906)
2024-06-12 13:40:06,582.MTA_ConsumeLine5V2.INFO Row ingested: 02/01/22 9:00:00,subway,445,Pelham Pkwy (5),5,Bronx,Metrocard - Unlimited 7-Day,6,0,40.8589859,-73.85536194,POINT (-73.85536193847656 40.858985900878906)
2024-06-12 13:40:06,591.MTA_ConsumeLine5V2.INFO  [x] Done.
2024-06-12 13:40:06,597.MTA_ConsumeLine5V2.INFO 02/01/22 9:00:00,subway,446,Morris Park (5),5,Bronx,Metrocard - Fair Fare,3,0,40.85436249,-73.86049652,POINT (-73.8604965209961 40.85436248779297)
2024-06-12 13:40:06,597.MTA_ConsumeLine5V2.INFO Row ingested: 02/01/22 9:00:00,subway,446,Morris Park (5),5,Bronx,Metrocard - Fair Fare,3,0,40.85436249,-73.86049652,POINT (-73.8604965209961 40.85436248779297)
2024-06-12 13:40:06,602.MTA_ConsumeLine5V2.INFO  [x] Done.
2024-06-12 13:40:06,608.MTA_ConsumeLine5V2.INFO 02/01/22 9:00:00,subway,446,Morris Park (5),5,Bronx,Metrocard - Full Fare,48,0,40.85436249,-73.86049652,POINT (-73.8604965209961 40.85436248779297)
2024-06-12 13:40:06,608.MTA_ConsumeLine5V2.INFO Row ingested: 02/01/22 9:00:00,subway,446,Morris Park (5),5,Bronx,Metrocard - Full Fare,48,0,40.85436249,-73.86049652,POINT (-73.8604965209961 40.85436248779297)
2024-06-12 13:40:06,611.MTA_ConsumeLine5V2.INFO  [x] Done.
2024-06-12 13:40:06,619.MTA_ConsumeLine5V2.INFO 02/01/22 9:00:00,subway,446,Morris Park (5),5,Bronx,Metrocard - Seniors & Disability,4,0,40.85436249,-73.86049652,POINT (-73.8604965209961 40.85436248779297)
2024-06-12 13:40:06,621.MTA_ConsumeLine5V2.INFO Row ingested: 02/01/22 9:00:00,subway,446,Morris Park (5),5,Bronx,Metrocard - Seniors & Disability,4,0,40.85436249,-73.86049652,POINT (-73.8604965209961 40.85436248779297)
2024-06-12 13:40:06,621.MTA_ConsumeLine5V2.INFO  [x] Done.
2024-06-12 13:40:06,624.MTA_ConsumeLine5V2.INFO 02/01/22 9:00:00,subway,446,Morris Park (5),5,Bronx,Metrocard - Other,2,0,40.85436249,-73.86049652,POINT (-73.8604965209961 40.85436248779297)
2024-06-12 13:40:06,624.MTA_ConsumeLine5V2.INFO Row ingested: 02/01/22 9:00:00,subway,446,Morris Park (5),5,Bronx,Metrocard - Other,2,0,40.85436249,-73.86049652,POINT (-73.8604965209961 40.85436248779297)
2024-06-12 13:40:06,631.MTA_ConsumeLine5V2.INFO  [x] Done.
2024-06-12 13:40:06,639.MTA_ConsumeLine5V2.INFO 02/01/22 9:00:00,subway,446,Morris Park (5),5,Bronx,Metrocard - Unlimited 30-Day,11,0,40.85436249,-73.86049652,POINT (-73.8604965209961 40.85436248779297)
2024-06-12 13:40:06,639.MTA_ConsumeLine5V2.INFO Row ingested: 02/01/22 9:00:00,subway,446,Morris Park (5),5,Bronx,Metrocard - Unlimited 30-Day,11,0,40.85436249,-73.86049652,POINT (-73.8604965209961 40.85436248779297)
2024-06-12 13:40:06,640.MTA_ConsumeLine5V2.INFO  [x] Done.
2024-06-12 13:40:06,642.MTA_ConsumeLine5V2.INFO 02/01/22 9:00:00,subway,446,Morris Park (5),5,Bronx,Metrocard - Unlimited 7-Day,3,0,40.85436249,-73.86049652,POINT (-73.8604965209961 40.85436248779297)
2024-06-12 13:40:06,642.MTA_ConsumeLine5V2.INFO Row ingested: 02/01/22 9:00:00,subway,446,Morris Park (5),5,Bronx,Metrocard - Unlimited 7-Day,3,0,40.85436249,-73.86049652,POINT (-73.8604965209961 40.85436248779297)
2024-06-12 13:40:06,642.MTA_ConsumeLine5V2.INFO  [x] Done.
2024-06-12 13:40:06,660.MTA_ConsumeLine5V2.INFO 02/01/22 9:00:00,subway,446,Morris Park (5),5,Bronx,Metrocard - Students,1,0,40.85436249,-73.86049652,POINT (-73.8604965209961 40.85436248779297)
2024-06-12 13:40:06,660.MTA_ConsumeLine5V2.INFO Row ingested: 02/01/22 9:00:00,subway,446,Morris Park (5),5,Bronx,Metrocard - Students,1,0,40.85436249,-73.86049652,POINT (-73.8604965209961 40.85436248779297)
2024-06-12 13:40:06,661.MTA_ConsumeLine5V2.INFO  [x] Done.
2024-06-12 13:40:07,948.MTA_ConsumeLine5V2.INFO 02/01/22 10:00:00,subway,445,Pelham Pkwy (5),5,Bronx,Metrocard - Unlimited 30-Day,5,0,40.8589859,-73.85536194,POINT (-73.85536193847656 40.858985900878906)
2024-06-12 13:40:07,948.MTA_ConsumeLine5V2.INFO Row ingested: 02/01/22 10:00:00,subway,445,Pelham Pkwy (5),5,Bronx,Metrocard - Unlimited 30-Day,5,0,40.8589859,-73.85536194,POINT (-73.85536193847656 40.858985900878906)
2024-06-12 13:40:07,959.MTA_ConsumeLine5V2.INFO  [x] Done.
2024-06-12 13:40:07,964.MTA_ConsumeLine5V2.INFO 02/01/22 10:00:00,subway,446,Morris Park (5),5,Bronx,Metrocard - Other,4,0,40.85436249,-73.86049652,POINT (-73.8604965209961 40.85436248779297)
2024-06-12 13:40:07,964.MTA_ConsumeLine5V2.INFO Row ingested: 02/01/22 10:00:00,subway,446,Morris Park (5),5,Bronx,Metrocard - Other,4,0,40.85436249,-73.86049652,POINT (-73.8604965209961 40.85436248779297)
2024-06-12 13:40:07,964.MTA_ConsumeLine5V2.INFO  [x] Done.
2024-06-12 13:40:07,964.MTA_ConsumeLine5V2.INFO 02/01/22 10:00:00,subway,446,Morris Park (5),5,Bronx,Metrocard - Seniors & Disability,3,1,40.85436249,-73.86049652,POINT (-73.8604965209961 40.85436248779297)
2024-06-12 13:40:07,978.MTA_ConsumeLine5V2.INFO Row ingested: 02/01/22 10:00:00,subway,446,Morris Park (5),5,Bronx,Metrocard - Seniors & Disability,3,1,40.85436249,-73.86049652,POINT (-73.8604965209961 40.85436248779297)
2024-06-12 13:40:07,978.MTA_ConsumeLine5V2.INFO  [x] Done.
2024-06-12 13:40:07,984.MTA_ConsumeLine5V2.INFO 02/01/22 10:00:00,subway,446,Morris Park (5),5,Bronx,Metrocard - Full Fare,27,0,40.85436249,-73.86049652,POINT (-73.8604965209961 40.85436248779297)
2024-06-12 13:40:07,990.MTA_ConsumeLine5V2.INFO Row ingested: 02/01/22 10:00:00,subway,446,Morris Park (5),5,Bronx,Metrocard - Full Fare,27,0,40.85436249,-73.86049652,POINT (-73.8604965209961 40.85436248779297)
2024-06-12 13:40:07,990.MTA_ConsumeLine5V2.INFO  [x] Done.
2024-06-12 13:40:07,996.MTA_ConsumeLine5V2.INFO 02/01/22 10:00:00,subway,446,Morris Park (5),5,Bronx,Metrocard - Fair Fare,2,0,40.85436249,-73.86049652,POINT (-73.8604965209961 40.85436248779297)
2024-06-12 13:40:07,996.MTA_ConsumeLine5V2.INFO Row ingested: 02/01/22 10:00:00,subway,446,Morris Park (5),5,Bronx,Metrocard - Fair Fare,2,0,40.85436249,-73.86049652,POINT (-73.8604965209961 40.85436248779297)
2024-06-12 13:40:07,996.MTA_ConsumeLine5V2.INFO  [x] Done.
2024-06-12 13:40:08,009.MTA_ConsumeLine5V2.INFO 02/01/22 10:00:00,subway,446,Morris Park (5),5,Bronx,Metrocard - Unlimited 7-Day,2,0,40.85436249,-73.86049652,POINT (-73.8604965209961 40.85436248779297)
2024-06-12 13:40:08,009.MTA_ConsumeLine5V2.INFO Row ingested: 02/01/22 10:00:00,subway,446,Morris Park (5),5,Bronx,Metrocard - Unlimited 7-Day,2,0,40.85436249,-73.86049652,POINT (-73.8604965209961 40.85436248779297)
2024-06-12 13:40:08,010.MTA_ConsumeLine5V2.INFO  [x] Done.
2024-06-12 13:40:08,010.MTA_ConsumeLine5V2.INFO 02/01/22 10:00:00,subway,446,Morris Park (5),5,Bronx,Metrocard - Unlimited 30-Day,5,0,40.85436249,-73.86049652,POINT (-73.8604965209961 40.85436248779297)
2024-06-12 13:40:08,010.MTA_ConsumeLine5V2.INFO Row ingested: 02/01/22 10:00:00,subway,446,Morris Park (5),5,Bronx,Metrocard - Unlimited 30-Day,5,0,40.85436249,-73.86049652,POINT (-73.8604965209961 40.85436248779297)
2024-06-12 13:40:08,020.MTA_ConsumeLine5V2.INFO  [x] Done.
2024-06-12 13:40:09,240.MTA_ConsumeLine5V2.INFO 02/01/22 11:00:00,subway,446,Morris Park (5),5,Bronx,Metrocard - Fair Fare,2,0,40.85436249,-73.86049652,POINT (-73.8604965209961 40.85436248779297)
2024-06-12 13:40:09,246.MTA_ConsumeLine5V2.INFO Row ingested: 02/01/22 11:00:00,subway,446,Morris Park (5),5,Bronx,Metrocard - Fair Fare,2,0,40.85436249,-73.86049652,POINT (-73.8604965209961 40.85436248779297)
2024-06-12 13:40:09,247.MTA_ConsumeLine5V2.INFO  [x] Done.
2024-06-12 13:40:09,249.MTA_ConsumeLine5V2.INFO 02/01/22 11:00:00,subway,446,Morris Park (5),5,Bronx,Metrocard - Full Fare,23,0,40.85436249,-73.86049652,POINT (-73.8604965209961 40.85436248779297)
2024-06-12 13:40:09,256.MTA_ConsumeLine5V2.INFO Row ingested: 02/01/22 11:00:00,subway,446,Morris Park (5),5,Bronx,Metrocard - Full Fare,23,0,40.85436249,-73.86049652,POINT (-73.8604965209961 40.85436248779297)
2024-06-12 13:40:09,256.MTA_ConsumeLine5V2.INFO  [x] Done.
2024-06-12 13:40:09,261.MTA_ConsumeLine5V2.INFO 02/01/22 11:00:00,subway,446,Morris Park (5),5,Bronx,Metrocard - Other,3,0,40.85436249,-73.86049652,POINT (-73.8604965209961 40.85436248779297)
2024-06-12 13:40:09,261.MTA_ConsumeLine5V2.INFO Row ingested: 02/01/22 11:00:00,subway,446,Morris Park (5),5,Bronx,Metrocard - Other,3,0,40.85436249,-73.86049652,POINT (-73.8604965209961 40.85436248779297)
2024-06-12 13:40:09,266.MTA_ConsumeLine5V2.INFO  [x] Done.
2024-06-12 13:40:09,270.MTA_ConsumeLine5V2.INFO 02/01/22 11:00:00,subway,446,Morris Park (5),5,Bronx,Metrocard - Students,3,0,40.85436249,-73.86049652,POINT (-73.8604965209961 40.85436248779297)
2024-06-12 13:40:09,270.MTA_ConsumeLine5V2.INFO Row ingested: 02/01/22 11:00:00,subway,446,Morris Park (5),5,Bronx,Metrocard - Students,3,0,40.85436249,-73.86049652,POINT (-73.8604965209961 40.85436248779297)
2024-06-12 13:40:09,274.MTA_ConsumeLine5V2.INFO  [x] Done.
2024-06-12 13:40:09,284.MTA_ConsumeLine5V2.INFO 02/01/22 11:00:00,subway,446,Morris Park (5),5,Bronx,Metrocard - Unlimited 30-Day,7,0,40.85436249,-73.86049652,POINT (-73.8604965209961 40.85436248779297)
2024-06-12 13:40:09,285.MTA_ConsumeLine5V2.INFO Row ingested: 02/01/22 11:00:00,subway,446,Morris Park (5),5,Bronx,Metrocard - Unlimited 30-Day,7,0,40.85436249,-73.86049652,POINT (-73.8604965209961 40.85436248779297)
2024-06-12 13:40:09,286.MTA_ConsumeLine5V2.INFO  [x] Done.
2024-06-12 13:40:09,289.MTA_ConsumeLine5V2.INFO 02/01/22 11:00:00,subway,446,Morris Park (5),5,Bronx,Metrocard - Unlimited 7-Day,1,0,40.85436249,-73.86049652,POINT (-73.8604965209961 40.85436248779297)
2024-06-12 13:40:09,295.MTA_ConsumeLine5V2.INFO Row ingested: 02/01/22 11:00:00,subway,446,Morris Park (5),5,Bronx,Metrocard - Unlimited 7-Day,1,0,40.85436249,-73.86049652,POINT (-73.8604965209961 40.85436248779297)
2024-06-12 13:40:09,295.MTA_ConsumeLine5V2.INFO  [x] Done.
2024-06-12 13:40:10,515.MTA_ConsumeLine5V2.INFO 02/01/22 12:00:00,subway,445,Pelham Pkwy (5),5,Bronx,Metrocard - Unlimited 7-Day,4,0,40.8589859,-73.85536194,POINT (-73.85536193847656 40.858985900878906)
2024-06-12 13:40:10,515.MTA_ConsumeLine5V2.INFO Row ingested: 02/01/22 12:00:00,subway,445,Pelham Pkwy (5),5,Bronx,Metrocard - Unlimited 7-Day,4,0,40.8589859,-73.85536194,POINT (-73.85536193847656 40.858985900878906)
2024-06-12 13:40:10,531.MTA_ConsumeLine5V2.INFO  [x] Done.
2024-06-12 13:40:10,536.MTA_ConsumeLine5V2.INFO 02/01/22 12:00:00,subway,446,Morris Park (5),5,Bronx,Metrocard - Fair Fare,1,0,40.85436249,-73.86049652,POINT (-73.8604965209961 40.85436248779297)
2024-06-12 13:40:10,536.MTA_ConsumeLine5V2.INFO Row ingested: 02/01/22 12:00:00,subway,446,Morris Park (5),5,Bronx,Metrocard - Fair Fare,1,0,40.85436249,-73.86049652,POINT (-73.8604965209961 40.85436248779297)
2024-06-12 13:40:10,540.MTA_ConsumeLine5V2.INFO  [x] Done.
2024-06-12 13:40:10,546.MTA_ConsumeLine5V2.INFO 02/01/22 12:00:00,subway,446,Morris Park (5),5,Bronx,Metrocard - Full Fare,23,1,40.85436249,-73.86049652,POINT (-73.8604965209961 40.85436248779297)
2024-06-12 13:40:10,548.MTA_ConsumeLine5V2.INFO Row ingested: 02/01/22 12:00:00,subway,446,Morris Park (5),5,Bronx,Metrocard - Full Fare,23,1,40.85436249,-73.86049652,POINT (-73.8604965209961 40.85436248779297)
2024-06-12 13:40:10,549.MTA_ConsumeLine5V2.INFO  [x] Done.
2024-06-12 13:40:10,557.MTA_ConsumeLine5V2.INFO 02/01/22 12:00:00,subway,446,Morris Park (5),5,Bronx,Metrocard - Other,2,0,40.85436249,-73.86049652,POINT (-73.8604965209961 40.85436248779297)
2024-06-12 13:40:10,558.MTA_ConsumeLine5V2.INFO Row ingested: 02/01/22 12:00:00,subway,446,Morris Park (5),5,Bronx,Metrocard - Other,2,0,40.85436249,-73.86049652,POINT (-73.8604965209961 40.85436248779297)
2024-06-12 13:40:10,558.MTA_ConsumeLine5V2.INFO  [x] Done.
2024-06-12 13:40:10,572.MTA_ConsumeLine5V2.INFO 02/01/22 12:00:00,subway,446,Morris Park (5),5,Bronx,Metrocard - Seniors & Disability,2,0,40.85436249,-73.86049652,POINT (-73.8604965209961 40.85436248779297)
2024-06-12 13:40:10,572.MTA_ConsumeLine5V2.INFO Row ingested: 02/01/22 12:00:00,subway,446,Morris Park (5),5,Bronx,Metrocard - Seniors & Disability,2,0,40.85436249,-73.86049652,POINT (-73.8604965209961 40.85436248779297)
2024-06-12 13:40:10,574.MTA_ConsumeLine5V2.INFO  [x] Done.
2024-06-12 13:40:10,583.MTA_ConsumeLine5V2.INFO 02/01/22 12:00:00,subway,446,Morris Park (5),5,Bronx,Metrocard - Unlimited 30-Day,9,0,40.85436249,-73.86049652,POINT (-73.8604965209961 40.85436248779297)
2024-06-12 13:40:10,583.MTA_ConsumeLine5V2.INFO Row ingested: 02/01/22 12:00:00,subway,446,Morris Park (5),5,Bronx,Metrocard - Unlimited 30-Day,9,0,40.85436249,-73.86049652,POINT (-73.8604965209961 40.85436248779297)
2024-06-12 13:40:10,584.MTA_ConsumeLine5V2.INFO  [x] Done.
2024-06-12 13:40:10,594.MTA_ConsumeLine5V2.INFO 02/01/22 12:00:00,subway,446,Morris Park (5),5,Bronx,Metrocard - Unlimited 7-Day,1,0,40.85436249,-73.86049652,POINT (-73.8604965209961 40.85436248779297)
2024-06-12 13:40:10,595.MTA_ConsumeLine5V2.INFO Row ingested: 02/01/22 12:00:00,subway,446,Morris Park (5),5,Bronx,Metrocard - Unlimited 7-Day,1,0,40.85436249,-73.86049652,POINT (-73.8604965209961 40.85436248779297)
2024-06-12 13:40:10,595.MTA_ConsumeLine5V2.INFO  [x] Done.
2024-06-12 13:40:20,626.MTA_ConsumeLine5V2.INFO KeyboardInterrupt. Stopping the Program
2024-06-12 13:40:20,626.MTA_ConsumeLine5V2.INFO 
closing connection. Goodby

