2024-06-08 12:28:13,860.MTA_Num7_Producer.INFO ==================================================
2024-06-08 12:28:13,860.MTA_Num7_Producer.INFO Today is 2024-06-08 at 12:28 PM
2024-06-08 12:28:13,860.MTA_Num7_Producer.INFO Running on: nt Windows 10
2024-06-08 12:28:13,861.MTA_Num7_Producer.INFO Python version:  3.11.4
2024-06-08 12:28:13,861.MTA_Num7_Producer.INFO Python path: C:\Users\Tower\AppData\Local\Programs\Python\Python311
2024-06-08 12:28:13,861.MTA_Num7_Producer.INFO Working dir: C:\Users\Tower\Documents\ACoffinCSIS44671\streaming-07-FinalMTA
2024-06-08 12:28:13,861.MTA_Num7_Producer.INFO ==================================================
2024-06-08 12:28:13,921.MTA_Num7_Producer.INFO [x] sent 02/01/22 0:00:00,subway,446,Morris Park (5),Bronx,metrocard,Metrocard - Full Fare,1,0,40.85436249,-73.86049652,POINT (-73.8604965209961 40.85436248779297) at 02/01/22 0:00:00 to 07-Line
2024-06-08 12:28:13,943.MTA_Num7_Producer.INFO [x] sent 02/01/22 0:00:00,subway,446,Morris Park (5),Bronx,metrocard,Metrocard - Students,1,0,40.85436249,-73.86049652,POINT (-73.8604965209961 40.85436248779297) at 02/01/22 0:00:00 to 07-Line
2024-06-08 12:28:13,965.MTA_Num7_Producer.INFO [x] sent 02/01/22 0:00:00,subway,447,Flushing-Main St (7),Queens,metrocard,Metrocard - Other,23,0,40.75960159,-73.83003235,POINT (-73.83003234863281 40.75960159301758) at 02/01/22 0:00:00 to 07-Line
2024-06-08 12:28:13,986.MTA_Num7_Producer.INFO [x] sent 02/01/22 0:00:00,subway,447,Flushing-Main St (7),Queens,metrocard,Metrocard - Full Fare,54,22,40.75960159,-73.83003235,POINT (-73.83003234863281 40.75960159301758) at 02/01/22 0:00:00 to 07-Line
2024-06-08 12:28:14,005.MTA_Num7_Producer.INFO [x] sent 02/01/22 0:00:00,subway,447,Flushing-Main St (7),Queens,metrocard,Metrocard - Fair Fare,7,2,40.75960159,-73.83003235,POINT (-73.83003234863281 40.75960159301758) at 02/01/22 0:00:00 to 07-Line
2024-06-08 12:28:14,024.MTA_Num7_Producer.INFO [x] sent 02/01/22 0:00:00,subway,447,Flushing-Main St (7),Queens,metrocard,Metrocard - Seniors & Disability,1,0,40.75960159,-73.83003235,POINT (-73.83003234863281 40.75960159301758) at 02/01/22 0:00:00 to 07-Line
2024-06-08 12:28:14,043.MTA_Num7_Producer.INFO [x] sent 02/01/22 0:00:00,subway,447,Flushing-Main St (7),Queens,metrocard,Metrocard - Unlimited 7-Day,48,0,40.75960159,-73.83003235,POINT (-73.83003234863281 40.75960159301758) at 02/01/22 0:00:00 to 07-Line
2024-06-08 12:28:14,071.MTA_Num7_Producer.INFO [x] sent 02/01/22 0:00:00,subway,447,Flushing-Main St (7),Queens,metrocard,Metrocard - Unlimited 30-Day,10,0,40.75960159,-73.83003235,POINT (-73.83003234863281 40.75960159301758) at 02/01/22 0:00:00 to 07-Line
2024-06-08 12:28:14,090.MTA_Num7_Producer.INFO [x] sent 02/01/22 0:00:00,subway,448,Mets-Willets Point (7),Queens,metrocard,Metrocard - Full Fare,2,0,40.75462341,-73.84562683,POINT (-73.84562683105469 40.75462341308594) at 02/01/22 0:00:00 to 07-Line
2024-06-08 12:28:14,108.MTA_Num7_Producer.INFO [x] sent 02/01/22 0:00:00,subway,448,Mets-Willets Point (7),Queens,metrocard,Metrocard - Other,4,0,40.75462341,-73.84562683,POINT (-73.84562683105469 40.75462341308594) at 02/01/22 0:00:00 to 07-Line
2024-06-08 12:28:14,126.MTA_Num7_Producer.INFO [x] sent 02/01/22 0:00:00,subway,448,Mets-Willets Point (7),Queens,metrocard,Metrocard - Unlimited 30-Day,2,0,40.75462341,-73.84562683,POINT (-73.84562683105469 40.75462341308594) at 02/01/22 0:00:00 to 07-Line
2024-06-08 12:28:14,146.MTA_Num7_Producer.INFO [x] sent 02/01/22 0:00:00,subway,448,Mets-Willets Point (7),Queens,metrocard,Metrocard - Unlimited 7-Day,2,0,40.75462341,-73.84562683,POINT (-73.84562683105469 40.75462341308594) at 02/01/22 0:00:00 to 07-Line
2024-06-08 12:28:14,163.MTA_Num7_Producer.INFO [x] sent 02/01/22 0:00:00,subway,449,111 St (7),Queens,metrocard,Metrocard - Full Fare,7,0,40.75173187,-73.85533142,POINT (-73.85533142089844 40.751731872558594) at 02/01/22 0:00:00 to 07-Line
2024-06-08 12:28:14,182.MTA_Num7_Producer.INFO [x] sent 02/01/22 0:00:00,subway,449,111 St (7),Queens,metrocard,Metrocard - Other,2,0,40.75173187,-73.85533142,POINT (-73.85533142089844 40.751731872558594) at 02/01/22 0:00:00 to 07-Line
2024-06-08 12:28:14,200.MTA_Num7_Producer.INFO [x] sent 02/01/22 0:00:00,subway,449,111 St (7),Queens,metrocard,Metrocard - Unlimited 7-Day,4,0,40.75173187,-73.85533142,POINT (-73.85533142089844 40.751731872558594) at 02/01/22 0:00:00 to 07-Line
2024-06-08 12:28:14,233.MTA_Num7_Producer.INFO [x] sent 02/01/22 0:00:00,subway,45,Beverley Rd (Q),Brooklyn,metrocard,Metrocard - Full Fare,3,0,40.64403152,-73.9644928,POINT (-73.96449279785156 40.6440315246582) at 02/01/22 0:00:00 to 07-Line
2024-06-08 12:28:14,251.MTA_Num7_Producer.INFO [x] sent 02/01/22 0:00:00,subway,45,Beverley Rd (Q),Brooklyn,metrocard,Metrocard - Unlimited 7-Day,2,0,40.64403152,-73.9644928,POINT (-73.96449279785156 40.6440315246582) at 02/01/22 0:00:00 to 07-Line
2024-06-08 12:28:14,270.MTA_Num7_Producer.INFO [x] sent 02/01/22 0:00:00,subway,450,103 St-Corona Plaza (7),Queens,metrocard,Metrocard - Full Fare,13,1,40.74986649,-73.86270142,POINT (-73.86270141601562 40.7498664855957) at 02/01/22 0:00:00 to 07-Line
2024-06-08 12:28:14,289.MTA_Num7_Producer.INFO [x] sent 02/01/22 0:00:00,subway,450,103 St-Corona Plaza (7),Queens,metrocard,Metrocard - Students,1,0,40.74986649,-73.86270142,POINT (-73.86270141601562 40.7498664855957) at 02/01/22 0:00:00 to 07-Line
2024-06-08 12:28:14,308.MTA_Num7_Producer.INFO [x] sent 02/01/22 0:00:00,subway,450,103 St-Corona Plaza (7),Queens,metrocard,Metrocard - Unlimited 30-Day,2,0,40.74986649,-73.86270142,POINT (-73.86270141601562 40.7498664855957) at 02/01/22 0:00:00 to 07-Line
2024-06-08 12:28:14,327.MTA_Num7_Producer.INFO [x] sent 02/01/22 0:00:00,subway,450,103 St-Corona Plaza (7),Queens,metrocard,Metrocard - Unlimited 7-Day,10,0,40.74986649,-73.86270142,POINT (-73.86270141601562 40.7498664855957) at 02/01/22 0:00:00 to 07-Line
2024-06-08 12:28:14,345.MTA_Num7_Producer.INFO [x] sent 02/01/22 0:00:00,subway,451,Junction Blvd (7),Queens,metrocard,Metrocard - Other,1,0,40.74914551,-73.86952972,POINT (-73.8695297241211 40.7491455078125) at 02/01/22 0:00:00 to 07-Line
2024-06-08 12:28:14,365.MTA_Num7_Producer.INFO [x] sent 02/01/22 0:00:00,subway,451,Junction Blvd (7),Queens,metrocard,Metrocard - Full Fare,6,0,40.74914551,-73.86952972,POINT (-73.8695297241211 40.7491455078125) at 02/01/22 0:00:00 to 07-Line
2024-06-08 12:28:14,384.MTA_Num7_Producer.INFO [x] sent 02/01/22 0:00:00,subway,451,Junction Blvd (7),Queens,metrocard,Metrocard - Students,1,0,40.74914551,-73.86952972,POINT (-73.8695297241211 40.7491455078125) at 02/01/22 0:00:00 to 07-Line
2024-06-08 12:28:14,402.MTA_Num7_Producer.INFO [x] sent 02/01/22 0:00:00,subway,451,Junction Blvd (7),Queens,metrocard,Metrocard - Unlimited 30-Day,4,0,40.74914551,-73.86952972,POINT (-73.8695297241211 40.7491455078125) at 02/01/22 0:00:00 to 07-Line
2024-06-08 12:28:14,421.MTA_Num7_Producer.INFO [x] sent 02/01/22 0:00:00,subway,451,Junction Blvd (7),Queens,metrocard,Metrocard - Unlimited 7-Day,10,0,40.74914551,-73.86952972,POINT (-73.8695297241211 40.7491455078125) at 02/01/22 0:00:00 to 07-Line
2024-06-08 12:28:14,440.MTA_Num7_Producer.INFO [x] sent 02/01/22 0:00:00,subway,452,90 St-Elmhurst Av (7),Queens,metrocard,Metrocard - Full Fare,11,0,40.74840927,-73.8766098,POINT (-73.8766098022461 40.748409271240234) at 02/01/22 0:00:00 to 07-Line
2024-06-08 12:28:14,458.MTA_Num7_Producer.INFO [x] sent 02/01/22 0:00:00,subway,452,90 St-Elmhurst Av (7),Queens,metrocard,Metrocard - Unlimited 30-Day,2,0,40.74840927,-73.8766098,POINT (-73.8766098022461 40.748409271240234) at 02/01/22 0:00:00 to 07-Line
2024-06-08 12:28:14,477.MTA_Num7_Producer.INFO [x] sent 02/01/22 0:00:00,subway,452,90 St-Elmhurst Av (7),Queens,metrocard,Metrocard - Unlimited 7-Day,9,0,40.74840927,-73.8766098,POINT (-73.8766098022461 40.748409271240234) at 02/01/22 0:00:00 to 07-Line
2024-06-08 12:28:14,496.MTA_Num7_Producer.INFO [x] sent 02/01/22 0:00:00,subway,453,82 St-Jackson Hts (7),Queens,metrocard,Metrocard - Other,1,0,40.74765778,-73.88369751,POINT (-73.88369750976562 40.747657775878906) at 02/01/22 0:00:00 to 07-Line
2024-06-08 12:28:14,514.MTA_Num7_Producer.INFO [x] sent 02/01/22 0:00:00,subway,453,82 St-Jackson Hts (7),Queens,metrocard,Metrocard - Full Fare,9,0,40.74765778,-73.88369751,POINT (-73.88369750976562 40.747657775878906) at 02/01/22 0:00:00 to 07-Line
2024-06-08 12:28:14,534.MTA_Num7_Producer.INFO [x] sent 02/01/22 0:00:00,subway,453,82 St-Jackson Hts (7),Queens,metrocard,Metrocard - Unlimited 30-Day,6,0,40.74765778,-73.88369751,POINT (-73.88369750976562 40.747657775878906) at 02/01/22 0:00:00 to 07-Line
2024-06-08 12:28:14,552.MTA_Num7_Producer.INFO [x] sent 02/01/22 0:00:00,subway,453,82 St-Jackson Hts (7),Queens,metrocard,Metrocard - Unlimited 7-Day,10,0,40.74765778,-73.88369751,POINT (-73.88369750976562 40.747657775878906) at 02/01/22 0:00:00 to 07-Line
2024-06-08 12:28:14,570.MTA_Num7_Producer.INFO [x] sent 02/01/22 0:00:00,subway,455,69 St (7),Queens,metrocard,Metrocard - Full Fare,2,0,40.74632645,-73.89640045,POINT (-73.89640045166016 40.7463264465332) at 02/01/22 0:00:00 to 07-Line
2024-06-08 12:28:14,588.MTA_Num7_Producer.INFO [x] sent 02/01/22 0:00:00,subway,455,69 St (7),Queens,metrocard,Metrocard - Unlimited 30-Day,2,0,40.74632645,-73.89640045,POINT (-73.89640045166016 40.7463264465332) at 02/01/22 0:00:00 to 07-Line
2024-06-08 12:28:14,606.MTA_Num7_Producer.INFO [x] sent 02/01/22 0:00:00,subway,455,69 St (7),Queens,metrocard,Metrocard - Unlimited 7-Day,3,0,40.74632645,-73.89640045,POINT (-73.89640045166016 40.7463264465332) at 02/01/22 0:00:00 to 07-Line
2024-06-08 12:28:14,627.MTA_Num7_Producer.INFO [x] sent 02/01/22 0:00:00,subway,456,61 St-Woodside (7),Queens,metrocard,Metrocard - Full Fare,4,0,40.74562836,-73.90298462,POINT (-73.90298461914062 40.745628356933594) at 02/01/22 0:00:00 to 07-Line
2024-06-08 12:28:14,645.MTA_Num7_Producer.INFO [x] sent 02/01/22 0:00:00,subway,456,61 St-Woodside (7),Queens,metrocard,Metrocard - Other,2,0,40.74562836,-73.90298462,POINT (-73.90298461914062 40.745628356933594) at 02/01/22 0:00:00 to 07-Line
2024-06-08 12:28:14,665.MTA_Num7_Producer.INFO [x] sent 02/01/22 0:00:00,subway,456,61 St-Woodside (7),Queens,metrocard,Metrocard - Unlimited 7-Day,8,0,40.74562836,-73.90298462,POINT (-73.90298461914062 40.745628356933594) at 02/01/22 0:00:00 to 07-Line
2024-06-08 12:28:14,682.MTA_Num7_Producer.INFO [x] sent 02/01/22 0:00:00,subway,456,61 St-Woodside (7),Queens,metrocard,Metrocard - Unlimited 30-Day,5,0,40.74562836,-73.90298462,POINT (-73.90298461914062 40.745628356933594) at 02/01/22 0:00:00 to 07-Line
2024-06-08 12:28:14,701.MTA_Num7_Producer.INFO [x] sent 02/01/22 0:00:00,subway,457,52 St (7),Queens,metrocard,Metrocard - Full Fare,9,0,40.74414825,-73.91255188,POINT (-73.91255187988281 40.74414825439453) at 02/01/22 0:00:00 to 07-Line
2024-06-08 12:28:14,720.MTA_Num7_Producer.INFO [x] sent 02/01/22 0:00:00,subway,457,52 St (7),Queens,metrocard,Metrocard - Other,1,0,40.74414825,-73.91255188,POINT (-73.91255187988281 40.74414825439453) at 02/01/22 0:00:00 to 07-Line
2024-06-08 12:28:14,739.MTA_Num7_Producer.INFO [x] sent 02/01/22 0:00:00,subway,457,52 St (7),Queens,metrocard,Metrocard - Unlimited 30-Day,2,0,40.74414825,-73.91255188,POINT (-73.91255187988281 40.74414825439453) at 02/01/22 0:00:00 to 07-Line
2024-06-08 12:28:14,757.MTA_Num7_Producer.INFO [x] sent 02/01/22 0:00:00,subway,457,52 St (7),Queens,metrocard,Metrocard - Unlimited 7-Day,3,0,40.74414825,-73.91255188,POINT (-73.91255187988281 40.74414825439453) at 02/01/22 0:00:00 to 07-Line
2024-06-08 12:28:14,775.MTA_Num7_Producer.INFO [x] sent 02/01/22 0:00:00,subway,458,46 St-Bliss St (7),Queens,metrocard,Metrocard - Full Fare,10,0,40.74313354,-73.91843414,POINT (-73.9184341430664 40.743133544921875) at 02/01/22 0:00:00 to 07-Line
2024-06-08 12:28:14,794.MTA_Num7_Producer.INFO [x] sent 02/01/22 0:00:00,subway,458,46 St-Bliss St (7),Queens,metrocard,Metrocard - Other,3,0,40.74313354,-73.91843414,POINT (-73.9184341430664 40.743133544921875) at 02/01/22 0:00:00 to 07-Line
2024-06-08 12:28:14,812.MTA_Num7_Producer.INFO [x] sent 02/01/22 0:00:00,subway,458,46 St-Bliss St (7),Queens,metrocard,Metrocard - Fair Fare,1,0,40.74313354,-73.91843414,POINT (-73.9184341430664 40.743133544921875) at 02/01/22 0:00:00 to 07-Line
2024-06-08 12:28:14,830.MTA_Num7_Producer.INFO [x] sent 02/01/22 0:00:00,subway,458,46 St-Bliss St (7),Queens,metrocard,Metrocard - Seniors & Disability,1,0,40.74313354,-73.91843414,POINT (-73.9184341430664 40.743133544921875) at 02/01/22 0:00:00 to 07-Line
2024-06-08 12:28:14,848.MTA_Num7_Producer.INFO [x] sent 02/01/22 0:00:00,subway,458,46 St-Bliss St (7),Queens,metrocard,Metrocard - Unlimited 30-Day,2,0,40.74313354,-73.91843414,POINT (-73.9184341430664 40.743133544921875) at 02/01/22 0:00:00 to 07-Line
2024-06-08 12:28:14,867.MTA_Num7_Producer.INFO [x] sent 02/01/22 0:00:00,subway,458,46 St-Bliss St (7),Queens,metrocard,Metrocard - Unlimited 7-Day,15,0,40.74313354,-73.91843414,POINT (-73.9184341430664 40.743133544921875) at 02/01/22 0:00:00 to 07-Line
2024-06-08 12:28:14,886.MTA_Num7_Producer.INFO [x] sent 02/01/22 0:00:00,subway,459,40 St-Lowery St (7),Queens,metrocard,Metrocard - Full Fare,3,0,40.74378204,-73.92401886,POINT (-73.92401885986328 40.74378204345703) at 02/01/22 0:00:00 to 07-Line
2024-06-08 12:28:14,910.MTA_Num7_Producer.INFO [x] sent 02/01/22 0:00:00,subway,459,40 St-Lowery St (7),Queens,metrocard,Metrocard - Fair Fare,1,0,40.74378204,-73.92401886,POINT (-73.92401885986328 40.74378204345703) at 02/01/22 0:00:00 to 07-Line
2024-06-08 12:28:14,929.MTA_Num7_Producer.INFO [x] sent 02/01/22 0:00:00,subway,459,40 St-Lowery St (7),Queens,metrocard,Metrocard - Unlimited 30-Day,1,0,40.74378204,-73.92401886,POINT (-73.92401885986328 40.74378204345703) at 02/01/22 0:00:00 to 07-Line
2024-06-08 12:28:14,950.MTA_Num7_Producer.INFO [x] sent 02/01/22 0:00:00,subway,46,Cortelyou Rd (Q),Brooklyn,metrocard,Metrocard - Fair Fare,1,0,40.64092636,-73.96389008,POINT (-73.9638900756836 40.640926361083984) at 02/01/22 0:00:00 to 07-Line
2024-06-08 12:28:14,969.MTA_Num7_Producer.INFO [x] sent 02/01/22 0:00:00,subway,459,40 St-Lowery St (7),Queens,metrocard,Metrocard - Unlimited 7-Day,2,0,40.74378204,-73.92401886,POINT (-73.92401885986328 40.74378204345703) at 02/01/22 0:00:00 to 07-Line
2024-06-08 12:28:14,988.MTA_Num7_Producer.INFO [x] sent 02/01/22 0:00:00,subway,46,Cortelyou Rd (Q),Brooklyn,metrocard,Metrocard - Full Fare,3,0,40.64092636,-73.96389008,POINT (-73.9638900756836 40.640926361083984) at 02/01/22 0:00:00 to 07-Line
2024-06-08 12:28:15,007.MTA_Num7_Producer.INFO [x] sent 02/01/22 0:00:00,subway,46,Cortelyou Rd (Q),Brooklyn,metrocard,Metrocard - Unlimited 7-Day,2,0,40.64092636,-73.96389008,POINT (-73.9638900756836 40.640926361083984) at 02/01/22 0:00:00 to 07-Line
2024-06-08 12:28:15,026.MTA_Num7_Producer.INFO [x] sent 02/01/22 0:00:00,subway,46,Cortelyou Rd (Q),Brooklyn,metrocard,Metrocard - Unlimited 30-Day,1,0,40.64092636,-73.96389008,POINT (-73.9638900756836 40.640926361083984) at 02/01/22 0:00:00 to 07-Line
2024-06-08 12:28:15,044.MTA_Num7_Producer.INFO [x] sent 02/01/22 0:00:00,subway,460,33 St-Rawson St (7),Queens,metrocard,Metrocard - Full Fare,4,0,40.74458694,-73.93099976,POINT (-73.93099975585938 40.74458694458008) at 02/01/22 0:00:00 to 07-Line
2024-06-08 12:28:15,062.MTA_Num7_Producer.INFO [x] sent 02/01/22 0:00:00,subway,460,33 St-Rawson St (7),Queens,metrocard,Metrocard - Other,1,0,40.74458694,-73.93099976,POINT (-73.93099975585938 40.74458694458008) at 02/01/22 0:00:00 to 07-Line
2024-06-08 12:28:15,081.MTA_Num7_Producer.INFO [x] sent 02/01/22 0:00:00,subway,460,33 St-Rawson St (7),Queens,metrocard,Metrocard - Unlimited 30-Day,3,0,40.74458694,-73.93099976,POINT (-73.93099975585938 40.74458694458008) at 02/01/22 0:00:00 to 07-Line
2024-06-08 12:28:15,099.MTA_Num7_Producer.INFO [x] sent 02/01/22 0:00:00,subway,460,33 St-Rawson St (7),Queens,metrocard,Metrocard - Unlimited 7-Day,3,0,40.74458694,-73.93099976,POINT (-73.93099975585938 40.74458694458008) at 02/01/22 0:00:00 to 07-Line
2024-06-08 12:28:15,118.MTA_Num7_Producer.INFO [x] sent 02/01/22 0:00:00,subway,461,Queensboro Plaza (7,N,W),Queens,metrocard,Metrocard - Full Fare,21,3,40.75058365,-73.94020081,POINT (-73.94020080566406 40.75058364868164) at 02/01/22 0:00:00 to 07-Line
2024-06-08 12:28:15,137.MTA_Num7_Producer.INFO [x] sent 02/01/22 0:00:00,subway,50,Avenue M (Q),Brooklyn,metrocard,Metrocard - Full Fare,2,2,40.61761856,-73.95939636,POINT (-73.95939636230469 40.617618560791016) at 02/01/22 0:00:00 to 07-Line
2024-06-08 12:28:15,155.MTA_Num7_Producer.INFO [x] sent 02/01/22 0:00:00,subway,461,Queensboro Plaza (7,N,W),Queens,metrocard,Metrocard - Fair Fare,1,0,40.75058365,-73.94020081,POINT (-73.94020080566406 40.75058364868164) at 02/01/22 0:00:00 to 07-Line
2024-06-08 12:28:15,175.MTA_Num7_Producer.INFO [x] sent 02/01/22 0:00:00,subway,461,Queensboro Plaza (7,N,W),Queens,metrocard,Metrocard - Seniors & Disability,2,1,40.75058365,-73.94020081,POINT (-73.94020080566406 40.75058364868164) at 02/01/22 0:00:00 to 07-Line
2024-06-08 12:28:15,194.MTA_Num7_Producer.INFO [x] sent 02/01/22 0:00:00,subway,461,Queensboro Plaza (7,N,W),Queens,metrocard,Metrocard - Other,5,0,40.75058365,-73.94020081,POINT (-73.94020080566406 40.75058364868164) at 02/01/22 0:00:00 to 07-Line
2024-06-08 12:28:15,212.MTA_Num7_Producer.INFO [x] sent 02/01/22 0:00:00,subway,461,Queensboro Plaza (7,N,W),Queens,metrocard,Metrocard - Unlimited 30-Day,10,0,40.75058365,-73.94020081,POINT (-73.94020080566406 40.75058364868164) at 02/01/22 0:00:00 to 07-Line
2024-06-08 12:28:15,231.MTA_Num7_Producer.INFO [x] sent 02/01/22 0:00:00,subway,461,Queensboro Plaza (7,N,W),Queens,metrocard,Metrocard - Unlimited 7-Day,8,0,40.75058365,-73.94020081,POINT (-73.94020080566406 40.75058364868164) at 02/01/22 0:00:00 to 07-Line
2024-06-08 12:28:15,249.MTA_Num7_Producer.INFO [x] sent 02/01/22 0:00:00,subway,463,Hunters Point Av (7),Queens,metrocard,Metrocard - Fair Fare,2,0,40.7422142,-73.94891357,POINT (-73.94891357421875 40.74221420288086) at 02/01/22 0:00:00 to 07-Line
2024-06-08 12:28:15,267.MTA_Num7_Producer.INFO [x] sent 02/01/22 0:00:00,subway,463,Hunters Point Av (7),Queens,metrocard,Metrocard - Full Fare,11,0,40.7422142,-73.94891357,POINT (-73.94891357421875 40.74221420288086) at 02/01/22 0:00:00 to 07-Line
2024-06-08 12:28:15,286.MTA_Num7_Producer.INFO [x] sent 02/01/22 0:00:00,subway,463,Hunters Point Av (7),Queens,metrocard,Metrocard - Unlimited 30-Day,2,0,40.7422142,-73.94891357,POINT (-73.94891357421875 40.74221420288086) at 02/01/22 0:00:00 to 07-Line
2024-06-08 12:28:15,304.MTA_Num7_Producer.INFO [x] sent 02/01/22 0:00:00,subway,463,Hunters Point Av (7),Queens,metrocard,Metrocard - Unlimited 7-Day,5,0,40.7422142,-73.94891357,POINT (-73.94891357421875 40.74221420288086) at 02/01/22 0:00:00 to 07-Line
2024-06-08 12:28:15,324.MTA_Num7_Producer.INFO [x] sent 02/01/22 0:00:00,subway,464,Vernon Blvd-Jackson Av (7),Queens,metrocard,Metrocard - Other,3,0,40.74262619,-73.95358276,POINT (-73.95358276367188 40.74262619018555) at 02/01/22 0:00:00 to 07-Line
2024-06-08 12:28:15,341.MTA_Num7_Producer.INFO [x] sent 02/01/22 0:00:00,subway,464,Vernon Blvd-Jackson Av (7),Queens,metrocard,Metrocard - Seniors & Disability,1,0,40.74262619,-73.95358276,POINT (-73.95358276367188 40.74262619018555) at 02/01/22 0:00:00 to 07-Line
2024-06-08 12:28:15,360.MTA_Num7_Producer.INFO [x] sent 02/01/22 0:00:00,subway,464,Vernon Blvd-Jackson Av (7),Queens,metrocard,Metrocard - Full Fare,11,0,40.74262619,-73.95358276,POINT (-73.95358276367188 40.74262619018555) at 02/01/22 0:00:00 to 07-Line
2024-06-08 12:28:15,378.MTA_Num7_Producer.INFO [x] sent 02/01/22 0:00:00,subway,464,Vernon Blvd-Jackson Av (7),Queens,metrocard,Metrocard - Unlimited 30-Day,1,0,40.74262619,-73.95358276,POINT (-73.95358276367188 40.74262619018555) at 02/01/22 0:00:00 to 07-Line
2024-06-08 12:28:15,396.MTA_Num7_Producer.INFO [x] sent 02/01/22 0:00:00,subway,464,Vernon Blvd-Jackson Av (7),Queens,metrocard,Metrocard - Unlimited 7-Day,5,0,40.74262619,-73.95358276,POINT (-73.95358276367188 40.74262619018555) at 02/01/22 0:00:00 to 07-Line
2024-06-08 12:28:15,415.MTA_Num7_Producer.INFO [x] sent 02/01/22 0:00:00,subway,47,Newkirk Plaza (B,Q),Brooklyn,metrocard,Metrocard - Fair Fare,3,0,40.63508224,-73.96279144,POINT (-73.9627914428711 40.63508224487305) at 02/01/22 0:00:00 to 07-Line
2024-06-08 12:28:15,433.MTA_Num7_Producer.INFO [x] sent 02/01/22 1:00:00,subway,447,Flushing-Main St (7),Queens,metrocard,Metrocard - Full Fare,19,10,40.75960159,-73.83003235,POINT (-73.83003234863281 40.75960159301758) at 02/01/22 1:00:00 to 07-Line
2024-06-08 12:28:15,454.MTA_Num7_Producer.INFO [x] sent 02/01/22 1:00:00,subway,447,Flushing-Main St (7),Queens,metrocard,Metrocard - Fair Fare,1,1,40.75960159,-73.83003235,POINT (-73.83003234863281 40.75960159301758) at 02/01/22 1:00:00 to 07-Line
2024-06-08 12:28:15,473.MTA_Num7_Producer.INFO [x] sent 02/01/22 1:00:00,subway,447,Flushing-Main St (7),Queens,metrocard,Metrocard - Other,8,0,40.75960159,-73.83003235,POINT (-73.83003234863281 40.75960159301758) at 02/01/22 1:00:00 to 07-Line
2024-06-08 12:28:15,492.MTA_Num7_Producer.INFO [x] sent 02/01/22 1:00:00,subway,447,Flushing-Main St (7),Queens,metrocard,Metrocard - Seniors & Disability,1,0,40.75960159,-73.83003235,POINT (-73.83003234863281 40.75960159301758) at 02/01/22 1:00:00 to 07-Line
2024-06-08 12:28:15,510.MTA_Num7_Producer.INFO [x] sent 02/01/22 1:00:00,subway,447,Flushing-Main St (7),Queens,metrocard,Metrocard - Unlimited 7-Day,19,0,40.75960159,-73.83003235,POINT (-73.83003234863281 40.75960159301758) at 02/01/22 1:00:00 to 07-Line
2024-06-08 12:28:15,529.MTA_Num7_Producer.INFO [x] sent 02/01/22 1:00:00,subway,447,Flushing-Main St (7),Queens,metrocard,Metrocard - Unlimited 30-Day,7,0,40.75960159,-73.83003235,POINT (-73.83003234863281 40.75960159301758) at 02/01/22 1:00:00 to 07-Line
2024-06-08 12:28:15,549.MTA_Num7_Producer.INFO [x] sent 02/01/22 1:00:00,subway,448,Mets-Willets Point (7),Queens,metrocard,Metrocard - Other,4,0,40.75462341,-73.84562683,POINT (-73.84562683105469 40.75462341308594) at 02/01/22 1:00:00 to 07-Line
2024-06-08 12:28:15,567.MTA_Num7_Producer.INFO [x] sent 02/01/22 1:00:00,subway,449,111 St (7),Queens,metrocard,Metrocard - Full Fare,4,0,40.75173187,-73.85533142,POINT (-73.85533142089844 40.751731872558594) at 02/01/22 1:00:00 to 07-Line
2024-06-08 12:28:15,586.MTA_Num7_Producer.INFO [x] sent 02/01/22 1:00:00,subway,449,111 St (7),Queens,metrocard,Metrocard - Unlimited 30-Day,1,0,40.75173187,-73.85533142,POINT (-73.85533142089844 40.751731872558594) at 02/01/22 1:00:00 to 07-Line
2024-06-08 12:28:15,605.MTA_Num7_Producer.INFO [x] sent 02/01/22 1:00:00,subway,449,111 St (7),Queens,metrocard,Metrocard - Unlimited 7-Day,6,0,40.75173187,-73.85533142,POINT (-73.85533142089844 40.751731872558594) at 02/01/22 1:00:00 to 07-Line
2024-06-08 12:28:15,623.MTA_Num7_Producer.INFO [x] sent 02/01/22 1:00:00,subway,45,Beverley Rd (Q),Brooklyn,metrocard,Metrocard - Fair Fare,1,0,40.64403152,-73.9644928,POINT (-73.96449279785156 40.6440315246582) at 02/01/22 1:00:00 to 07-Line
2024-06-08 12:28:15,641.MTA_Num7_Producer.INFO [x] sent 02/01/22 1:00:00,subway,45,Beverley Rd (Q),Brooklyn,metrocard,Metrocard - Full Fare,2,0,40.64403152,-73.9644928,POINT (-73.96449279785156 40.6440315246582) at 02/01/22 1:00:00 to 07-Line
2024-06-08 12:28:15,660.MTA_Num7_Producer.INFO [x] sent 02/01/22 1:00:00,subway,45,Beverley Rd (Q),Brooklyn,metrocard,Metrocard - Unlimited 7-Day,1,0,40.64403152,-73.9644928,POINT (-73.96449279785156 40.6440315246582) at 02/01/22 1:00:00 to 07-Line
2024-06-08 12:28:15,679.MTA_Num7_Producer.INFO [x] sent 02/01/22 1:00:00,subway,450,103 St-Corona Plaza (7),Queens,metrocard,Metrocard - Full Fare,6,0,40.74986649,-73.86270142,POINT (-73.86270141601562 40.7498664855957) at 02/01/22 1:00:00 to 07-Line
2024-06-08 12:28:15,698.MTA_Num7_Producer.INFO [x] sent 02/01/22 1:00:00,subway,450,103 St-Corona Plaza (7),Queens,metrocard,Metrocard - Unlimited 30-Day,1,0,40.74986649,-73.86270142,POINT (-73.86270141601562 40.7498664855957) at 02/01/22 1:00:00 to 07-Line
2024-06-08 12:28:15,716.MTA_Num7_Producer.INFO [x] sent 02/01/22 1:00:00,subway,450,103 St-Corona Plaza (7),Queens,metrocard,Metrocard - Unlimited 7-Day,3,0,40.74986649,-73.86270142,POINT (-73.86270141601562 40.7498664855957) at 02/01/22 1:00:00 to 07-Line
2024-06-08 12:28:15,735.MTA_Num7_Producer.INFO [x] sent 02/01/22 1:00:00,subway,451,Junction Blvd (7),Queens,metrocard,Metrocard - Full Fare,5,1,40.74914551,-73.86952972,POINT (-73.8695297241211 40.7491455078125) at 02/01/22 1:00:00 to 07-Line
2024-06-08 12:28:15,753.MTA_Num7_Producer.INFO [x] sent 02/01/22 1:00:00,subway,451,Junction Blvd (7),Queens,metrocard,Metrocard - Other,3,0,40.74914551,-73.86952972,POINT (-73.8695297241211 40.7491455078125) at 02/01/22 1:00:00 to 07-Line
2024-06-08 12:28:15,772.MTA_Num7_Producer.INFO [x] sent 02/01/22 1:00:00,subway,451,Junction Blvd (7),Queens,metrocard,Metrocard - Fair Fare,1,0,40.74914551,-73.86952972,POINT (-73.8695297241211 40.7491455078125) at 02/01/22 1:00:00 to 07-Line
2024-06-08 12:28:15,791.MTA_Num7_Producer.INFO [x] sent 02/01/22 1:00:00,subway,451,Junction Blvd (7),Queens,metrocard,Metrocard - Unlimited 30-Day,3,0,40.74914551,-73.86952972,POINT (-73.8695297241211 40.7491455078125) at 02/01/22 1:00:00 to 07-Line
2024-06-08 12:28:15,809.MTA_Num7_Producer.INFO [x] sent 02/01/22 1:00:00,subway,451,Junction Blvd (7),Queens,metrocard,Metrocard - Unlimited 7-Day,3,0,40.74914551,-73.86952972,POINT (-73.8695297241211 40.7491455078125) at 02/01/22 1:00:00 to 07-Line
2024-06-08 12:28:15,828.MTA_Num7_Producer.INFO [x] sent 02/01/22 1:00:00,subway,452,90 St-Elmhurst Av (7),Queens,metrocard,Metrocard - Full Fare,1,0,40.74840927,-73.8766098,POINT (-73.8766098022461 40.748409271240234) at 02/01/22 1:00:00 to 07-Line
2024-06-08 12:28:15,846.MTA_Num7_Producer.INFO [x] sent 02/01/22 1:00:00,subway,452,90 St-Elmhurst Av (7),Queens,metrocard,Metrocard - Fair Fare,1,0,40.74840927,-73.8766098,POINT (-73.8766098022461 40.748409271240234) at 02/01/22 1:00:00 to 07-Line
2024-06-08 12:28:15,865.MTA_Num7_Producer.INFO [x] sent 02/01/22 1:00:00,subway,452,90 St-Elmhurst Av (7),Queens,metrocard,Metrocard - Unlimited 30-Day,3,0,40.74840927,-73.8766098,POINT (-73.8766098022461 40.748409271240234) at 02/01/22 1:00:00 to 07-Line
2024-06-08 12:28:15,883.MTA_Num7_Producer.INFO [x] sent 02/01/22 1:00:00,subway,452,90 St-Elmhurst Av (7),Queens,metrocard,Metrocard - Unlimited 7-Day,6,0,40.74840927,-73.8766098,POINT (-73.8766098022461 40.748409271240234) at 02/01/22 1:00:00 to 07-Line
2024-06-08 12:28:15,901.MTA_Num7_Producer.INFO [x] sent 02/01/22 1:00:00,subway,453,82 St-Jackson Hts (7),Queens,metrocard,Metrocard - Full Fare,4,1,40.74765778,-73.88369751,POINT (-73.88369750976562 40.747657775878906) at 02/01/22 1:00:00 to 07-Line
2024-06-08 12:28:15,920.MTA_Num7_Producer.INFO [x] sent 02/01/22 1:00:00,subway,453,82 St-Jackson Hts (7),Queens,metrocard,Metrocard - Fair Fare,2,0,40.74765778,-73.88369751,POINT (-73.88369750976562 40.747657775878906) at 02/01/22 1:00:00 to 07-Line
2024-06-08 12:28:15,940.MTA_Num7_Producer.INFO [x] sent 02/01/22 1:00:00,subway,453,82 St-Jackson Hts (7),Queens,metrocard,Metrocard - Unlimited 30-Day,4,0,40.74765778,-73.88369751,POINT (-73.88369750976562 40.747657775878906) at 02/01/22 1:00:00 to 07-Line
2024-06-08 12:28:15,961.MTA_Num7_Producer.INFO [x] sent 02/01/22 1:00:00,subway,453,82 St-Jackson Hts (7),Queens,metrocard,Metrocard - Unlimited 7-Day,5,0,40.74765778,-73.88369751,POINT (-73.88369750976562 40.747657775878906) at 02/01/22 1:00:00 to 07-Line
2024-06-08 12:28:15,980.MTA_Num7_Producer.INFO [x] sent 02/01/22 1:00:00,subway,455,69 St (7),Queens,metrocard,Metrocard - Full Fare,4,0,40.74632645,-73.89640045,POINT (-73.89640045166016 40.7463264465332) at 02/01/22 1:00:00 to 07-Line
2024-06-08 12:28:15,998.MTA_Num7_Producer.INFO [x] sent 02/01/22 1:00:00,subway,455,69 St (7),Queens,metrocard,Metrocard - Unlimited 7-Day,1,0,40.74632645,-73.89640045,POINT (-73.89640045166016 40.7463264465332) at 02/01/22 1:00:00 to 07-Line
2024-06-08 12:28:16,016.MTA_Num7_Producer.INFO [x] sent 02/01/22 1:00:00,subway,456,61 St-Woodside (7),Queens,metrocard,Metrocard - Full Fare,3,0,40.74562836,-73.90298462,POINT (-73.90298461914062 40.745628356933594) at 02/01/22 1:00:00 to 07-Line
2024-06-08 12:28:16,035.MTA_Num7_Producer.INFO [x] sent 02/01/22 1:00:00,subway,456,61 St-Woodside (7),Queens,metrocard,Metrocard - Unlimited 30-Day,1,0,40.74562836,-73.90298462,POINT (-73.90298461914062 40.745628356933594) at 02/01/22 1:00:00 to 07-Line
2024-06-08 12:28:16,053.MTA_Num7_Producer.INFO [x] sent 02/01/22 1:00:00,subway,456,61 St-Woodside (7),Queens,metrocard,Metrocard - Unlimited 7-Day,5,0,40.74562836,-73.90298462,POINT (-73.90298461914062 40.745628356933594) at 02/01/22 1:00:00 to 07-Line
2024-06-08 12:28:16,071.MTA_Num7_Producer.INFO [x] sent 02/01/22 1:00:00,subway,457,52 St (7),Queens,metrocard,Metrocard - Full Fare,1,0,40.74414825,-73.91255188,POINT (-73.91255187988281 40.74414825439453) at 02/01/22 1:00:00 to 07-Line
2024-06-08 12:28:16,089.MTA_Num7_Producer.INFO [x] sent 02/01/22 1:00:00,subway,458,46 St-Bliss St (7),Queens,metrocard,Metrocard - Fair Fare,2,0,40.74313354,-73.91843414,POINT (-73.9184341430664 40.743133544921875) at 02/01/22 1:00:00 to 07-Line
2024-06-08 12:28:16,107.MTA_Num7_Producer.INFO [x] sent 02/01/22 1:00:00,subway,459,40 St-Lowery St (7),Queens,metrocard,Metrocard - Other,1,0,40.74378204,-73.92401886,POINT (-73.92401885986328 40.74378204345703) at 02/01/22 1:00:00 to 07-Line
2024-06-08 12:28:16,125.MTA_Num7_Producer.INFO [x] sent 02/01/22 1:00:00,subway,459,40 St-Lowery St (7),Queens,metrocard,Metrocard - Full Fare,1,0,40.74378204,-73.92401886,POINT (-73.92401885986328 40.74378204345703) at 02/01/22 1:00:00 to 07-Line
2024-06-08 12:28:16,149.MTA_Num7_Producer.INFO [x] sent 02/01/22 1:00:00,subway,459,40 St-Lowery St (7),Queens,metrocard,Metrocard - Unlimited 30-Day,1,0,40.74378204,-73.92401886,POINT (-73.92401885986328 40.74378204345703) at 02/01/22 1:00:00 to 07-Line
2024-06-08 12:28:16,167.MTA_Num7_Producer.INFO [x] sent 02/01/22 1:00:00,subway,459,40 St-Lowery St (7),Queens,metrocard,Metrocard - Unlimited 7-Day,1,0,40.74378204,-73.92401886,POINT (-73.92401885986328 40.74378204345703) at 02/01/22 1:00:00 to 07-Line
2024-06-08 12:28:16,186.MTA_Num7_Producer.INFO [x] sent 02/01/22 1:00:00,subway,46,Cortelyou Rd (Q),Brooklyn,metrocard,Metrocard - Seniors & Disability,1,0,40.64092636,-73.96389008,POINT (-73.9638900756836 40.640926361083984) at 02/01/22 1:00:00 to 07-Line
2024-06-08 12:28:16,203.MTA_Num7_Producer.INFO [x] sent 02/01/22 1:00:00,subway,46,Cortelyou Rd (Q),Brooklyn,metrocard,Metrocard - Unlimited 7-Day,1,0,40.64092636,-73.96389008,POINT (-73.9638900756836 40.640926361083984) at 02/01/22 1:00:00 to 07-Line
2024-06-08 12:28:16,223.MTA_Num7_Producer.INFO [x] sent 02/01/22 1:00:00,subway,460,33 St-Rawson St (7),Queens,metrocard,Metrocard - Full Fare,3,0,40.74458694,-73.93099976,POINT (-73.93099975585938 40.74458694458008) at 02/01/22 1:00:00 to 07-Line
2024-06-08 12:28:16,241.MTA_Num7_Producer.INFO [x] sent 02/01/22 1:00:00,subway,460,33 St-Rawson St (7),Queens,metrocard,Metrocard - Unlimited 7-Day,3,0,40.74458694,-73.93099976,POINT (-73.93099975585938 40.74458694458008) at 02/01/22 1:00:00 to 07-Line
2024-06-08 12:28:16,259.MTA_Num7_Producer.INFO [x] sent 02/01/22 1:00:00,subway,461,Queensboro Plaza (7,N,W),Queens,metrocard,Metrocard - Fair Fare,1,0,40.75058365,-73.94020081,POINT (-73.94020080566406 40.75058364868164) at 02/01/22 1:00:00 to 07-Line
2024-06-08 12:28:16,286.MTA_Num7_Producer.INFO [x] sent 02/01/22 1:00:00,subway,461,Queensboro Plaza (7,N,W),Queens,metrocard,Metrocard - Full Fare,10,2,40.75058365,-73.94020081,POINT (-73.94020080566406 40.75058364868164) at 02/01/22 1:00:00 to 07-Line
2024-06-08 12:28:16,307.MTA_Num7_Producer.INFO [x] sent 02/01/22 1:00:00,subway,461,Queensboro Plaza (7,N,W),Queens,metrocard,Metrocard - Other,2,1,40.75058365,-73.94020081,POINT (-73.94020080566406 40.75058364868164) at 02/01/22 1:00:00 to 07-Line
2024-06-08 12:28:16,327.MTA_Num7_Producer.INFO [x] sent 02/01/22 1:00:00,subway,461,Queensboro Plaza (7,N,W),Queens,metrocard,Metrocard - Unlimited 7-Day,8,0,40.75058365,-73.94020081,POINT (-73.94020080566406 40.75058364868164) at 02/01/22 1:00:00 to 07-Line
2024-06-08 12:28:16,348.MTA_Num7_Producer.INFO [x] sent 02/01/22 1:00:00,subway,461,Queensboro Plaza (7,N,W),Queens,metrocard,Metrocard - Unlimited 30-Day,2,0,40.75058365,-73.94020081,POINT (-73.94020080566406 40.75058364868164) at 02/01/22 1:00:00 to 07-Line
2024-06-08 12:28:16,365.MTA_Num7_Producer.INFO [x] sent 02/01/22 1:00:00,subway,463,Hunters Point Av (7),Queens,metrocard,Metrocard - Full Fare,2,0,40.7422142,-73.94891357,POINT (-73.94891357421875 40.74221420288086) at 02/01/22 1:00:00 to 07-Line
2024-06-08 12:28:16,383.MTA_Num7_Producer.INFO [x] sent 02/01/22 1:00:00,subway,463,Hunters Point Av (7),Queens,metrocard,Metrocard - Seniors & Disability,1,0,40.7422142,-73.94891357,POINT (-73.94891357421875 40.74221420288086) at 02/01/22 1:00:00 to 07-Line
2024-06-08 12:28:16,400.MTA_Num7_Producer.INFO [x] sent 02/01/22 1:00:00,subway,463,Hunters Point Av (7),Queens,metrocard,Metrocard - Other,1,0,40.7422142,-73.94891357,POINT (-73.94891357421875 40.74221420288086) at 02/01/22 1:00:00 to 07-Line
2024-06-08 12:28:16,598.MTA_Num7_Producer.INFO [x] sent 02/01/22 1:00:00,subway,463,Hunters Point Av (7),Queens,metrocard,Metrocard - Unlimited 7-Day,2,0,40.7422142,-73.94891357,POINT (-73.94891357421875 40.74221420288086) at 02/01/22 1:00:00 to 07-Line
2024-06-08 12:28:16,634.MTA_Num7_Producer.INFO [x] sent 02/01/22 1:00:00,subway,464,Vernon Blvd-Jackson Av (7),Queens,metrocard,Metrocard - Full Fare,1,0,40.74262619,-73.95358276,POINT (-73.95358276367188 40.74262619018555) at 02/01/22 1:00:00 to 07-Line
2024-06-08 12:28:16,661.MTA_Num7_Producer.INFO [x] sent 02/01/22 1:00:00,subway,47,Newkirk Plaza (B,Q),Brooklyn,metrocard,Metrocard - Fair Fare,1,0,40.63508224,-73.96279144,POINT (-73.9627914428711 40.63508224487305) at 02/01/22 1:00:00 to 07-Line
2024-06-08 12:28:16,688.MTA_Num7_Producer.INFO [x] sent 02/01/22 2:00:00,subway,447,Flushing-Main St (7),Queens,metrocard,Metrocard - Fair Fare,2,1,40.75960159,-73.83003235,POINT (-73.83003234863281 40.75960159301758) at 02/01/22 2:00:00 to 07-Line
2024-06-08 12:28:16,709.MTA_Num7_Producer.INFO [x] sent 02/01/22 2:00:00,subway,447,Flushing-Main St (7),Queens,metrocard,Metrocard - Other,9,0,40.75960159,-73.83003235,POINT (-73.83003234863281 40.75960159301758) at 02/01/22 2:00:00 to 07-Line
2024-06-08 12:28:16,730.MTA_Num7_Producer.INFO [x] sent 02/01/22 2:00:00,subway,447,Flushing-Main St (7),Queens,metrocard,Metrocard - Full Fare,8,2,40.75960159,-73.83003235,POINT (-73.83003234863281 40.75960159301758) at 02/01/22 2:00:00 to 07-Line
2024-06-08 12:28:16,748.MTA_Num7_Producer.INFO [x] sent 02/01/22 2:00:00,subway,447,Flushing-Main St (7),Queens,metrocard,Metrocard - Seniors & Disability,3,1,40.75960159,-73.83003235,POINT (-73.83003234863281 40.75960159301758) at 02/01/22 2:00:00 to 07-Line
2024-06-08 12:28:16,767.MTA_Num7_Producer.INFO [x] sent 02/01/22 2:00:00,subway,447,Flushing-Main St (7),Queens,metrocard,Metrocard - Unlimited 7-Day,12,0,40.75960159,-73.83003235,POINT (-73.83003234863281 40.75960159301758) at 02/01/22 2:00:00 to 07-Line
2024-06-08 12:28:16,786.MTA_Num7_Producer.INFO [x] sent 02/01/22 2:00:00,subway,447,Flushing-Main St (7),Queens,metrocard,Metrocard - Unlimited 30-Day,5,0,40.75960159,-73.83003235,POINT (-73.83003234863281 40.75960159301758) at 02/01/22 2:00:00 to 07-Line
2024-06-08 12:28:16,805.MTA_Num7_Producer.INFO [x] sent 02/01/22 2:00:00,subway,448,Mets-Willets Point (7),Queens,metrocard,Metrocard - Other,2,0,40.75462341,-73.84562683,POINT (-73.84562683105469 40.75462341308594) at 02/01/22 2:00:00 to 07-Line
2024-06-08 12:28:16,824.MTA_Num7_Producer.INFO [x] sent 02/01/22 2:00:00,subway,448,Mets-Willets Point (7),Queens,metrocard,Metrocard - Full Fare,1,0,40.75462341,-73.84562683,POINT (-73.84562683105469 40.75462341308594) at 02/01/22 2:00:00 to 07-Line
2024-06-08 12:28:16,843.MTA_Num7_Producer.INFO [x] sent 02/01/22 2:00:00,subway,449,111 St (7),Queens,metrocard,Metrocard - Full Fare,2,0,40.75173187,-73.85533142,POINT (-73.85533142089844 40.751731872558594) at 02/01/22 2:00:00 to 07-Line
2024-06-08 12:28:16,861.MTA_Num7_Producer.INFO [x] sent 02/01/22 2:00:00,subway,449,111 St (7),Queens,metrocard,Metrocard - Unlimited 30-Day,2,0,40.75173187,-73.85533142,POINT (-73.85533142089844 40.751731872558594) at 02/01/22 2:00:00 to 07-Line
2024-06-08 12:28:16,880.MTA_Num7_Producer.INFO [x] sent 02/01/22 2:00:00,subway,449,111 St (7),Queens,metrocard,Metrocard - Unlimited 7-Day,2,0,40.75173187,-73.85533142,POINT (-73.85533142089844 40.751731872558594) at 02/01/22 2:00:00 to 07-Line
2024-06-08 12:28:16,899.MTA_Num7_Producer.INFO [x] sent 02/01/22 2:00:00,subway,45,Beverley Rd (Q),Brooklyn,metrocard,Metrocard - Full Fare,4,0,40.64403152,-73.9644928,POINT (-73.96449279785156 40.6440315246582) at 02/01/22 2:00:00 to 07-Line
2024-06-08 12:28:16,919.MTA_Num7_Producer.INFO [x] sent 02/01/22 2:00:00,subway,45,Beverley Rd (Q),Brooklyn,metrocard,Metrocard - Fair Fare,1,0,40.64403152,-73.9644928,POINT (-73.96449279785156 40.6440315246582) at 02/01/22 2:00:00 to 07-Line
2024-06-08 12:28:16,937.MTA_Num7_Producer.INFO [x] sent 02/01/22 2:00:00,subway,45,Beverley Rd (Q),Brooklyn,metrocard,Metrocard - Unlimited 7-Day,1,0,40.64403152,-73.9644928,POINT (-73.96449279785156 40.6440315246582) at 02/01/22 2:00:00 to 07-Line
2024-06-08 12:28:16,957.MTA_Num7_Producer.INFO [x] sent 02/01/22 2:00:00,subway,450,103 St-Corona Plaza (7),Queens,metrocard,Metrocard - Full Fare,4,0,40.74986649,-73.86270142,POINT (-73.86270141601562 40.7498664855957) at 02/01/22 2:00:00 to 07-Line
2024-06-08 12:28:16,976.MTA_Num7_Producer.INFO [x] sent 02/01/22 2:00:00,subway,450,103 St-Corona Plaza (7),Queens,metrocard,Metrocard - Unlimited 30-Day,1,0,40.74986649,-73.86270142,POINT (-73.86270141601562 40.7498664855957) at 02/01/22 2:00:00 to 07-Line
2024-06-08 12:28:16,995.MTA_Num7_Producer.INFO [x] sent 02/01/22 2:00:00,subway,450,103 St-Corona Plaza (7),Queens,metrocard,Metrocard - Unlimited 7-Day,8,0,40.74986649,-73.86270142,POINT (-73.86270141601562 40.7498664855957) at 02/01/22 2:00:00 to 07-Line
2024-06-08 12:28:17,013.MTA_Num7_Producer.INFO [x] sent 02/01/22 2:00:00,subway,451,Junction Blvd (7),Queens,metrocard,Metrocard - Fair Fare,1,0,40.74914551,-73.86952972,POINT (-73.8695297241211 40.7491455078125) at 02/01/22 2:00:00 to 07-Line
2024-06-08 12:28:17,031.MTA_Num7_Producer.INFO [x] sent 02/01/22 2:00:00,subway,451,Junction Blvd (7),Queens,metrocard,Metrocard - Full Fare,3,0,40.74914551,-73.86952972,POINT (-73.8695297241211 40.7491455078125) at 02/01/22 2:00:00 to 07-Line
2024-06-08 12:28:17,050.MTA_Num7_Producer.INFO [x] sent 02/01/22 2:00:00,subway,451,Junction Blvd (7),Queens,metrocard,Metrocard - Unlimited 30-Day,3,0,40.74914551,-73.86952972,POINT (-73.8695297241211 40.7491455078125) at 02/01/22 2:00:00 to 07-Line
2024-06-08 12:28:17,068.MTA_Num7_Producer.INFO [x] sent 02/01/22 2:00:00,subway,451,Junction Blvd (7),Queens,metrocard,Metrocard - Unlimited 7-Day,7,0,40.74914551,-73.86952972,POINT (-73.8695297241211 40.7491455078125) at 02/01/22 2:00:00 to 07-Line
2024-06-08 12:28:17,088.MTA_Num7_Producer.INFO [x] sent 02/01/22 2:00:00,subway,452,90 St-Elmhurst Av (7),Queens,metrocard,Metrocard - Full Fare,3,0,40.74840927,-73.8766098,POINT (-73.8766098022461 40.748409271240234) at 02/01/22 2:00:00 to 07-Line
2024-06-08 12:28:17,105.MTA_Num7_Producer.INFO [x] sent 02/01/22 2:00:00,subway,452,90 St-Elmhurst Av (7),Queens,metrocard,Metrocard - Unlimited 30-Day,1,0,40.74840927,-73.8766098,POINT (-73.8766098022461 40.748409271240234) at 02/01/22 2:00:00 to 07-Line
2024-06-08 12:28:17,124.MTA_Num7_Producer.INFO [x] sent 02/01/22 2:00:00,subway,452,90 St-Elmhurst Av (7),Queens,metrocard,Metrocard - Unlimited 7-Day,6,0,40.74840927,-73.8766098,POINT (-73.8766098022461 40.748409271240234) at 02/01/22 2:00:00 to 07-Line
2024-06-08 12:28:17,142.MTA_Num7_Producer.INFO [x] sent 02/01/22 2:00:00,subway,453,82 St-Jackson Hts (7),Queens,metrocard,Metrocard - Full Fare,7,0,40.74765778,-73.88369751,POINT (-73.88369750976562 40.747657775878906) at 02/01/22 2:00:00 to 07-Line
2024-06-08 12:28:17,160.MTA_Num7_Producer.INFO [x] sent 02/01/22 2:00:00,subway,453,82 St-Jackson Hts (7),Queens,metrocard,Metrocard - Other,2,0,40.74765778,-73.88369751,POINT (-73.88369750976562 40.747657775878906) at 02/01/22 2:00:00 to 07-Line
2024-06-08 12:28:17,179.MTA_Num7_Producer.INFO [x] sent 02/01/22 2:00:00,subway,453,82 St-Jackson Hts (7),Queens,metrocard,Metrocard - Unlimited 30-Day,3,0,40.74765778,-73.88369751,POINT (-73.88369750976562 40.747657775878906) at 02/01/22 2:00:00 to 07-Line
2024-06-08 12:28:17,197.MTA_Num7_Producer.INFO [x] sent 02/01/22 2:00:00,subway,453,82 St-Jackson Hts (7),Queens,metrocard,Metrocard - Unlimited 7-Day,1,0,40.74765778,-73.88369751,POINT (-73.88369750976562 40.747657775878906) at 02/01/22 2:00:00 to 07-Line
2024-06-08 12:28:17,215.MTA_Num7_Producer.INFO [x] sent 02/01/22 2:00:00,subway,455,69 St (7),Queens,metrocard,Metrocard - Full Fare,1,0,40.74632645,-73.89640045,POINT (-73.89640045166016 40.7463264465332) at 02/01/22 2:00:00 to 07-Line
2024-06-08 12:28:17,234.MTA_Num7_Producer.INFO [x] sent 02/01/22 2:00:00,subway,455,69 St (7),Queens,metrocard,Metrocard - Unlimited 7-Day,2,0,40.74632645,-73.89640045,POINT (-73.89640045166016 40.7463264465332) at 02/01/22 2:00:00 to 07-Line
2024-06-08 12:28:17,251.MTA_Num7_Producer.INFO [x] sent 02/01/22 2:00:00,subway,456,61 St-Woodside (7),Queens,metrocard,Metrocard - Other,3,0,40.74562836,-73.90298462,POINT (-73.90298461914062 40.745628356933594) at 02/01/22 2:00:00 to 07-Line
2024-06-08 12:28:17,269.MTA_Num7_Producer.INFO [x] sent 02/01/22 2:00:00,subway,456,61 St-Woodside (7),Queens,metrocard,Metrocard - Full Fare,3,0,40.74562836,-73.90298462,POINT (-73.90298461914062 40.745628356933594) at 02/01/22 2:00:00 to 07-Line
2024-06-08 12:28:17,289.MTA_Num7_Producer.INFO [x] sent 02/01/22 2:00:00,subway,456,61 St-Woodside (7),Queens,metrocard,Metrocard - Unlimited 30-Day,2,0,40.74562836,-73.90298462,POINT (-73.90298461914062 40.745628356933594) at 02/01/22 2:00:00 to 07-Line
2024-06-08 12:28:17,308.MTA_Num7_Producer.INFO [x] sent 02/01/22 2:00:00,subway,456,61 St-Woodside (7),Queens,metrocard,Metrocard - Unlimited 7-Day,1,0,40.74562836,-73.90298462,POINT (-73.90298461914062 40.745628356933594) at 02/01/22 2:00:00 to 07-Line
2024-06-08 12:28:17,327.MTA_Num7_Producer.INFO [x] sent 02/01/22 2:00:00,subway,457,52 St (7),Queens,metrocard,Metrocard - Full Fare,1,0,40.74414825,-73.91255188,POINT (-73.91255187988281 40.74414825439453) at 02/01/22 2:00:00 to 07-Line
2024-06-08 12:28:17,347.MTA_Num7_Producer.INFO [x] sent 02/01/22 2:00:00,subway,458,46 St-Bliss St (7),Queens,metrocard,Metrocard - Full Fare,2,0,40.74313354,-73.91843414,POINT (-73.9184341430664 40.743133544921875) at 02/01/22 2:00:00 to 07-Line
2024-06-08 12:28:17,366.MTA_Num7_Producer.INFO [x] sent 02/01/22 2:00:00,subway,458,46 St-Bliss St (7),Queens,metrocard,Metrocard - Unlimited 30-Day,2,0,40.74313354,-73.91843414,POINT (-73.9184341430664 40.743133544921875) at 02/01/22 2:00:00 to 07-Line
2024-06-08 12:28:17,384.MTA_Num7_Producer.INFO [x] sent 02/01/22 2:00:00,subway,458,46 St-Bliss St (7),Queens,metrocard,Metrocard - Unlimited 7-Day,3,0,40.74313354,-73.91843414,POINT (-73.9184341430664 40.743133544921875) at 02/01/22 2:00:00 to 07-Line
2024-06-08 12:28:17,403.MTA_Num7_Producer.INFO [x] sent 02/01/22 2:00:00,subway,459,40 St-Lowery St (7),Queens,metrocard,Metrocard - Full Fare,1,0,40.74378204,-73.92401886,POINT (-73.92401885986328 40.74378204345703) at 02/01/22 2:00:00 to 07-Line
2024-06-08 12:28:17,422.MTA_Num7_Producer.INFO [x] sent 02/01/22 2:00:00,subway,459,40 St-Lowery St (7),Queens,metrocard,Metrocard - Other,1,0,40.74378204,-73.92401886,POINT (-73.92401885986328 40.74378204345703) at 02/01/22 2:00:00 to 07-Line
2024-06-08 12:28:17,440.MTA_Num7_Producer.INFO [x] sent 02/01/22 2:00:00,subway,459,40 St-Lowery St (7),Queens,metrocard,Metrocard - Unlimited 30-Day,1,0,40.74378204,-73.92401886,POINT (-73.92401885986328 40.74378204345703) at 02/01/22 2:00:00 to 07-Line
2024-06-08 12:28:17,460.MTA_Num7_Producer.INFO [x] sent 02/01/22 2:00:00,subway,459,40 St-Lowery St (7),Queens,metrocard,Metrocard - Unlimited 7-Day,1,0,40.74378204,-73.92401886,POINT (-73.92401885986328 40.74378204345703) at 02/01/22 2:00:00 to 07-Line
2024-06-08 12:28:17,478.MTA_Num7_Producer.INFO [x] sent 02/01/22 2:00:00,subway,46,Cortelyou Rd (Q),Brooklyn,metrocard,Metrocard - Full Fare,2,0,40.64092636,-73.96389008,POINT (-73.9638900756836 40.640926361083984) at 02/01/22 2:00:00 to 07-Line
2024-06-08 12:28:17,498.MTA_Num7_Producer.INFO [x] sent 02/01/22 2:00:00,subway,46,Cortelyou Rd (Q),Brooklyn,metrocard,Metrocard - Unlimited 7-Day,1,0,40.64092636,-73.96389008,POINT (-73.9638900756836 40.640926361083984) at 02/01/22 2:00:00 to 07-Line
2024-06-08 12:28:17,517.MTA_Num7_Producer.INFO [x] sent 02/01/22 2:00:00,subway,460,33 St-Rawson St (7),Queens,metrocard,Metrocard - Full Fare,2,0,40.74458694,-73.93099976,POINT (-73.93099975585938 40.74458694458008) at 02/01/22 2:00:00 to 07-Line
2024-06-08 12:28:17,535.MTA_Num7_Producer.INFO [x] sent 02/01/22 2:00:00,subway,460,33 St-Rawson St (7),Queens,metrocard,Metrocard - Other,1,0,40.74458694,-73.93099976,POINT (-73.93099975585938 40.74458694458008) at 02/01/22 2:00:00 to 07-Line
2024-06-08 12:28:17,554.MTA_Num7_Producer.INFO [x] sent 02/01/22 2:00:00,subway,460,33 St-Rawson St (7),Queens,metrocard,Metrocard - Unlimited 30-Day,1,0,40.74458694,-73.93099976,POINT (-73.93099975585938 40.74458694458008) at 02/01/22 2:00:00 to 07-Line
2024-06-08 12:28:17,574.MTA_Num7_Producer.INFO [x] sent 02/01/22 2:00:00,subway,461,Queensboro Plaza (7,N,W),Queens,metrocard,Metrocard - Full Fare,4,0,40.75058365,-73.94020081,POINT (-73.94020080566406 40.75058364868164) at 02/01/22 2:00:00 to 07-Line
2024-06-08 12:28:17,592.MTA_Num7_Producer.INFO [x] sent 02/01/22 2:00:00,subway,461,Queensboro Plaza (7,N,W),Queens,metrocard,Metrocard - Other,1,1,40.75058365,-73.94020081,POINT (-73.94020080566406 40.75058364868164) at 02/01/22 2:00:00 to 07-Line
2024-06-08 12:28:17,612.MTA_Num7_Producer.INFO [x] sent 02/01/22 2:00:00,subway,461,Queensboro Plaza (7,N,W),Queens,metrocard,Metrocard - Unlimited 7-Day,3,0,40.75058365,-73.94020081,POINT (-73.94020080566406 40.75058364868164) at 02/01/22 2:00:00 to 07-Line
2024-06-08 12:28:17,630.MTA_Num7_Producer.INFO [x] sent 02/01/22 2:00:00,subway,461,Queensboro Plaza (7,N,W),Queens,metrocard,Metrocard - Unlimited 30-Day,2,0,40.75058365,-73.94020081,POINT (-73.94020080566406 40.75058364868164) at 02/01/22 2:00:00 to 07-Line
2024-06-08 12:28:17,649.MTA_Num7_Producer.INFO [x] sent 02/01/22 2:00:00,subway,463,Hunters Point Av (7),Queens,metrocard,Metrocard - Full Fare,5,0,40.7422142,-73.94891357,POINT (-73.94891357421875 40.74221420288086) at 02/01/22 2:00:00 to 07-Line
2024-06-08 12:28:17,667.MTA_Num7_Producer.INFO [x] sent 02/01/22 2:00:00,subway,463,Hunters Point Av (7),Queens,metrocard,Metrocard - Seniors & Disability,1,0,40.7422142,-73.94891357,POINT (-73.94891357421875 40.74221420288086) at 02/01/22 2:00:00 to 07-Line
2024-06-08 12:28:17,685.MTA_Num7_Producer.INFO [x] sent 02/01/22 2:00:00,subway,463,Hunters Point Av (7),Queens,metrocard,Metrocard - Unlimited 30-Day,2,0,40.7422142,-73.94891357,POINT (-73.94891357421875 40.74221420288086) at 02/01/22 2:00:00 to 07-Line
2024-06-08 12:28:17,704.MTA_Num7_Producer.INFO [x] sent 02/01/22 2:00:00,subway,464,Vernon Blvd-Jackson Av (7),Queens,metrocard,Metrocard - Fair Fare,1,0,40.74262619,-73.95358276,POINT (-73.95358276367188 40.74262619018555) at 02/01/22 2:00:00 to 07-Line
2024-06-08 12:28:17,722.MTA_Num7_Producer.INFO [x] sent 02/01/22 2:00:00,subway,463,Hunters Point Av (7),Queens,metrocard,Metrocard - Unlimited 7-Day,3,0,40.7422142,-73.94891357,POINT (-73.94891357421875 40.74221420288086) at 02/01/22 2:00:00 to 07-Line
2024-06-08 12:28:17,740.MTA_Num7_Producer.INFO [x] sent 02/01/22 2:00:00,subway,464,Vernon Blvd-Jackson Av (7),Queens,metrocard,Metrocard - Other,1,0,40.74262619,-73.95358276,POINT (-73.95358276367188 40.74262619018555) at 02/01/22 2:00:00 to 07-Line
2024-06-08 12:28:17,759.MTA_Num7_Producer.INFO [x] sent 02/01/22 2:00:00,subway,464,Vernon Blvd-Jackson Av (7),Queens,metrocard,Metrocard - Full Fare,1,0,40.74262619,-73.95358276,POINT (-73.95358276367188 40.74262619018555) at 02/01/22 2:00:00 to 07-Line
2024-06-08 12:28:17,778.MTA_Num7_Producer.INFO [x] sent 02/01/22 2:00:00,subway,464,Vernon Blvd-Jackson Av (7),Queens,metrocard,Metrocard - Unlimited 7-Day,1,0,40.74262619,-73.95358276,POINT (-73.95358276367188 40.74262619018555) at 02/01/22 2:00:00 to 07-Line
2024-06-08 12:28:17,797.MTA_Num7_Producer.INFO [x] sent 02/01/22 3:00:00,subway,447,Flushing-Main St (7),Queens,metrocard,Metrocard - Full Fare,19,9,40.75960159,-73.83003235,POINT (-73.83003234863281 40.75960159301758) at 02/01/22 3:00:00 to 07-Line
2024-06-08 12:28:17,815.MTA_Num7_Producer.INFO [x] sent 02/01/22 3:00:00,subway,447,Flushing-Main St (7),Queens,metrocard,Metrocard - Other,5,0,40.75960159,-73.83003235,POINT (-73.83003234863281 40.75960159301758) at 02/01/22 3:00:00 to 07-Line
2024-06-08 12:28:17,834.MTA_Num7_Producer.INFO [x] sent 02/01/22 3:00:00,subway,447,Flushing-Main St (7),Queens,metrocard,Metrocard - Fair Fare,3,0,40.75960159,-73.83003235,POINT (-73.83003234863281 40.75960159301758) at 02/01/22 3:00:00 to 07-Line
2024-06-08 12:28:17,852.MTA_Num7_Producer.INFO [x] sent 02/01/22 3:00:00,subway,447,Flushing-Main St (7),Queens,metrocard,Metrocard - Unlimited 30-Day,11,0,40.75960159,-73.83003235,POINT (-73.83003234863281 40.75960159301758) at 02/01/22 3:00:00 to 07-Line
2024-06-08 12:28:17,870.MTA_Num7_Producer.INFO [x] sent 02/01/22 3:00:00,subway,447,Flushing-Main St (7),Queens,metrocard,Metrocard - Unlimited 7-Day,12,0,40.75960159,-73.83003235,POINT (-73.83003234863281 40.75960159301758) at 02/01/22 3:00:00 to 07-Line
2024-06-08 12:28:17,889.MTA_Num7_Producer.INFO [x] sent 02/01/22 3:00:00,subway,449,111 St (7),Queens,metrocard,Metrocard - Fair Fare,1,0,40.75173187,-73.85533142,POINT (-73.85533142089844 40.751731872558594) at 02/01/22 3:00:00 to 07-Line
2024-06-08 12:28:17,907.MTA_Num7_Producer.INFO [x] sent 02/01/22 3:00:00,subway,449,111 St (7),Queens,metrocard,Metrocard - Other,2,0,40.75173187,-73.85533142,POINT (-73.85533142089844 40.751731872558594) at 02/01/22 3:00:00 to 07-Line
2024-06-08 12:28:17,925.MTA_Num7_Producer.INFO [x] sent 02/01/22 3:00:00,subway,449,111 St (7),Queens,metrocard,Metrocard - Full Fare,10,0,40.75173187,-73.85533142,POINT (-73.85533142089844 40.751731872558594) at 02/01/22 3:00:00 to 07-Line
2024-06-08 12:28:17,943.MTA_Num7_Producer.INFO [x] sent 02/01/22 3:00:00,subway,449,111 St (7),Queens,metrocard,Metrocard - Unlimited 30-Day,3,0,40.75173187,-73.85533142,POINT (-73.85533142089844 40.751731872558594) at 02/01/22 3:00:00 to 07-Line
2024-06-08 12:28:17,962.MTA_Num7_Producer.INFO [x] sent 02/01/22 3:00:00,subway,449,111 St (7),Queens,metrocard,Metrocard - Unlimited 7-Day,4,0,40.75173187,-73.85533142,POINT (-73.85533142089844 40.751731872558594) at 02/01/22 3:00:00 to 07-Line
2024-06-08 12:28:17,981.MTA_Num7_Producer.INFO [x] sent 02/01/22 3:00:00,subway,45,Beverley Rd (Q),Brooklyn,metrocard,Metrocard - Other,1,0,40.64403152,-73.9644928,POINT (-73.96449279785156 40.6440315246582) at 02/01/22 3:00:00 to 07-Line
2024-06-08 12:28:18,000.MTA_Num7_Producer.INFO [x] sent 02/01/22 3:00:00,subway,45,Beverley Rd (Q),Brooklyn,metrocard,Metrocard - Unlimited 7-Day,1,0,40.64403152,-73.9644928,POINT (-73.96449279785156 40.6440315246582) at 02/01/22 3:00:00 to 07-Line
2024-06-08 12:28:18,018.MTA_Num7_Producer.INFO [x] sent 02/01/22 3:00:00,subway,45,Beverley Rd (Q),Brooklyn,metrocard,Metrocard - Unlimited 30-Day,1,0,40.64403152,-73.9644928,POINT (-73.96449279785156 40.6440315246582) at 02/01/22 3:00:00 to 07-Line
2024-06-08 12:28:18,036.MTA_Num7_Producer.INFO [x] sent 02/01/22 3:00:00,subway,450,103 St-Corona Plaza (7),Queens,metrocard,Metrocard - Fair Fare,1,0,40.74986649,-73.86270142,POINT (-73.86270141601562 40.7498664855957) at 02/01/22 3:00:00 to 07-Line
2024-06-08 12:28:18,055.MTA_Num7_Producer.INFO [x] sent 02/01/22 3:00:00,subway,450,103 St-Corona Plaza (7),Queens,metrocard,Metrocard - Full Fare,10,0,40.74986649,-73.86270142,POINT (-73.86270141601562 40.7498664855957) at 02/01/22 3:00:00 to 07-Line
2024-06-08 12:28:18,074.MTA_Num7_Producer.INFO [x] sent 02/01/22 3:00:00,subway,450,103 St-Corona Plaza (7),Queens,metrocard,Metrocard - Seniors & Disability,1,0,40.74986649,-73.86270142,POINT (-73.86270141601562 40.7498664855957) at 02/01/22 3:00:00 to 07-Line
2024-06-08 12:28:18,093.MTA_Num7_Producer.INFO [x] sent 02/01/22 3:00:00,subway,450,103 St-Corona Plaza (7),Queens,metrocard,Metrocard - Unlimited 30-Day,5,0,40.74986649,-73.86270142,POINT (-73.86270141601562 40.7498664855957) at 02/01/22 3:00:00 to 07-Line
2024-06-08 12:28:18,111.MTA_Num7_Producer.INFO [x] sent 02/01/22 3:00:00,subway,450,103 St-Corona Plaza (7),Queens,metrocard,Metrocard - Unlimited 7-Day,15,0,40.74986649,-73.86270142,POINT (-73.86270141601562 40.7498664855957) at 02/01/22 3:00:00 to 07-Line
2024-06-08 12:28:18,131.MTA_Num7_Producer.INFO [x] sent 02/01/22 3:00:00,subway,451,Junction Blvd (7),Queens,metrocard,Metrocard - Fair Fare,1,0,40.74914551,-73.86952972,POINT (-73.8695297241211 40.7491455078125) at 02/01/22 3:00:00 to 07-Line
2024-06-08 12:28:18,149.MTA_Num7_Producer.INFO [x] sent 02/01/22 3:00:00,subway,451,Junction Blvd (7),Queens,metrocard,Metrocard - Full Fare,17,0,40.74914551,-73.86952972,POINT (-73.8695297241211 40.7491455078125) at 02/01/22 3:00:00 to 07-Line
2024-06-08 12:28:18,167.MTA_Num7_Producer.INFO [x] sent 02/01/22 3:00:00,subway,451,Junction Blvd (7),Queens,metrocard,Metrocard - Unlimited 30-Day,3,0,40.74914551,-73.86952972,POINT (-73.8695297241211 40.7491455078125) at 02/01/22 3:00:00 to 07-Line
2024-06-08 12:28:18,186.MTA_Num7_Producer.INFO [x] sent 02/01/22 3:00:00,subway,451,Junction Blvd (7),Queens,metrocard,Metrocard - Unlimited 7-Day,14,0,40.74914551,-73.86952972,POINT (-73.8695297241211 40.7491455078125) at 02/01/22 3:00:00 to 07-Line
2024-06-08 12:28:18,205.MTA_Num7_Producer.INFO [x] sent 02/01/22 3:00:00,subway,452,90 St-Elmhurst Av (7),Queens,metrocard,Metrocard - Fair Fare,1,0,40.74840927,-73.8766098,POINT (-73.8766098022461 40.748409271240234) at 02/01/22 3:00:00 to 07-Line
2024-06-08 12:28:18,224.MTA_Num7_Producer.INFO [x] sent 02/01/22 3:00:00,subway,452,90 St-Elmhurst Av (7),Queens,metrocard,Metrocard - Full Fare,8,0,40.74840927,-73.8766098,POINT (-73.8766098022461 40.748409271240234) at 02/01/22 3:00:00 to 07-Line
2024-06-08 12:28:18,242.MTA_Num7_Producer.INFO [x] sent 02/01/22 3:00:00,subway,452,90 St-Elmhurst Av (7),Queens,metrocard,Metrocard - Unlimited 30-Day,5,0,40.74840927,-73.8766098,POINT (-73.8766098022461 40.748409271240234) at 02/01/22 3:00:00 to 07-Line
2024-06-08 12:28:18,261.MTA_Num7_Producer.INFO [x] sent 02/01/22 3:00:00,subway,452,90 St-Elmhurst Av (7),Queens,metrocard,Metrocard - Unlimited 7-Day,14,0,40.74840927,-73.8766098,POINT (-73.8766098022461 40.748409271240234) at 02/01/22 3:00:00 to 07-Line
2024-06-08 12:28:18,280.MTA_Num7_Producer.INFO [x] sent 02/01/22 3:00:00,subway,453,82 St-Jackson Hts (7),Queens,metrocard,Metrocard - Full Fare,3,0,40.74765778,-73.88369751,POINT (-73.88369750976562 40.747657775878906) at 02/01/22 3:00:00 to 07-Line
2024-06-08 12:28:18,298.MTA_Num7_Producer.INFO [x] sent 02/01/22 3:00:00,subway,453,82 St-Jackson Hts (7),Queens,metrocard,Metrocard - Other,2,0,40.74765778,-73.88369751,POINT (-73.88369750976562 40.747657775878906) at 02/01/22 3:00:00 to 07-Line
2024-06-08 12:28:18,322.MTA_Num7_Producer.INFO [x] sent 02/01/22 3:00:00,subway,453,82 St-Jackson Hts (7),Queens,metrocard,Metrocard - Seniors & Disability,1,0,40.74765778,-73.88369751,POINT (-73.88369750976562 40.747657775878906) at 02/01/22 3:00:00 to 07-Line
2024-06-08 12:28:18,347.MTA_Num7_Producer.INFO [x] sent 02/01/22 3:00:00,subway,453,82 St-Jackson Hts (7),Queens,metrocard,Metrocard - Unlimited 30-Day,3,0,40.74765778,-73.88369751,POINT (-73.88369750976562 40.747657775878906) at 02/01/22 3:00:00 to 07-Line
2024-06-08 12:28:18,368.MTA_Num7_Producer.INFO [x] sent 02/01/22 3:00:00,subway,453,82 St-Jackson Hts (7),Queens,metrocard,Metrocard - Unlimited 7-Day,7,0,40.74765778,-73.88369751,POINT (-73.88369750976562 40.747657775878906) at 02/01/22 3:00:00 to 07-Line
2024-06-08 12:28:18,388.MTA_Num7_Producer.INFO [x] sent 02/01/22 3:00:00,subway,455,69 St (7),Queens,metrocard,Metrocard - Unlimited 7-Day,2,0,40.74632645,-73.89640045,POINT (-73.89640045166016 40.7463264465332) at 02/01/22 3:00:00 to 07-Line
2024-06-08 12:28:18,405.MTA_Num7_Producer.INFO [x] sent 02/01/22 3:00:00,subway,456,61 St-Woodside (7),Queens,metrocard,Metrocard - Full Fare,9,0,40.74562836,-73.90298462,POINT (-73.90298461914062 40.745628356933594) at 02/01/22 3:00:00 to 07-Line
2024-06-08 12:28:18,422.MTA_Num7_Producer.INFO [x] sent 02/01/22 3:00:00,subway,456,61 St-Woodside (7),Queens,metrocard,Metrocard - Seniors & Disability,2,0,40.74562836,-73.90298462,POINT (-73.90298461914062 40.745628356933594) at 02/01/22 3:00:00 to 07-Line
2024-06-08 12:28:18,439.MTA_Num7_Producer.INFO [x] sent 02/01/22 3:00:00,subway,456,61 St-Woodside (7),Queens,metrocard,Metrocard - Other,1,0,40.74562836,-73.90298462,POINT (-73.90298461914062 40.745628356933594) at 02/01/22 3:00:00 to 07-Line
2024-06-08 12:28:18,457.MTA_Num7_Producer.INFO [x] sent 02/01/22 3:00:00,subway,456,61 St-Woodside (7),Queens,metrocard,Metrocard - Unlimited 30-Day,7,0,40.74562836,-73.90298462,POINT (-73.90298461914062 40.745628356933594) at 02/01/22 3:00:00 to 07-Line
2024-06-08 12:28:18,476.MTA_Num7_Producer.INFO [x] sent 02/01/22 3:00:00,subway,456,61 St-Woodside (7),Queens,metrocard,Metrocard - Unlimited 7-Day,7,0,40.74562836,-73.90298462,POINT (-73.90298461914062 40.745628356933594) at 02/01/22 3:00:00 to 07-Line
2024-06-08 12:28:18,494.MTA_Num7_Producer.INFO [x] sent 02/01/22 3:00:00,subway,457,52 St (7),Queens,metrocard,Metrocard - Full Fare,1,0,40.74414825,-73.91255188,POINT (-73.91255187988281 40.74414825439453) at 02/01/22 3:00:00 to 07-Line
2024-06-08 12:28:18,512.MTA_Num7_Producer.INFO [x] sent 02/01/22 3:00:00,subway,458,46 St-Bliss St (7),Queens,metrocard,Metrocard - Other,1,0,40.74313354,-73.91843414,POINT (-73.9184341430664 40.743133544921875) at 02/01/22 3:00:00 to 07-Line
2024-06-08 12:28:18,531.MTA_Num7_Producer.INFO [x] sent 02/01/22 3:00:00,subway,458,46 St-Bliss St (7),Queens,metrocard,Metrocard - Full Fare,3,0,40.74313354,-73.91843414,POINT (-73.9184341430664 40.743133544921875) at 02/01/22 3:00:00 to 07-Line
2024-06-08 12:28:18,549.MTA_Num7_Producer.INFO [x] sent 02/01/22 3:00:00,subway,458,46 St-Bliss St (7),Queens,metrocard,Metrocard - Unlimited 30-Day,4,0,40.74313354,-73.91843414,POINT (-73.9184341430664 40.743133544921875) at 02/01/22 3:00:00 to 07-Line
2024-06-08 12:28:18,567.MTA_Num7_Producer.INFO [x] sent 02/01/22 3:00:00,subway,458,46 St-Bliss St (7),Queens,metrocard,Metrocard - Unlimited 7-Day,4,0,40.74313354,-73.91843414,POINT (-73.9184341430664 40.743133544921875) at 02/01/22 3:00:00 to 07-Line
2024-06-08 12:28:18,585.MTA_Num7_Producer.INFO [x] sent 02/01/22 3:00:00,subway,459,40 St-Lowery St (7),Queens,metrocard,Metrocard - Fair Fare,1,0,40.74378204,-73.92401886,POINT (-73.92401885986328 40.74378204345703) at 02/01/22 3:00:00 to 07-Line
2024-06-08 12:28:18,604.MTA_Num7_Producer.INFO [x] sent 02/01/22 3:00:00,subway,459,40 St-Lowery St (7),Queens,metrocard,Metrocard - Full Fare,2,0,40.74378204,-73.92401886,POINT (-73.92401885986328 40.74378204345703) at 02/01/22 3:00:00 to 07-Line
2024-06-08 12:28:18,622.MTA_Num7_Producer.INFO [x] sent 02/01/22 3:00:00,subway,459,40 St-Lowery St (7),Queens,metrocard,Metrocard - Unlimited 30-Day,1,0,40.74378204,-73.92401886,POINT (-73.92401885986328 40.74378204345703) at 02/01/22 3:00:00 to 07-Line
2024-06-08 12:28:18,642.MTA_Num7_Producer.INFO [x] sent 02/01/22 3:00:00,subway,46,Cortelyou Rd (Q),Brooklyn,metrocard,Metrocard - Full Fare,2,0,40.64092636,-73.96389008,POINT (-73.9638900756836 40.640926361083984) at 02/01/22 3:00:00 to 07-Line
2024-06-08 12:28:18,660.MTA_Num7_Producer.INFO [x] sent 02/01/22 3:00:00,subway,46,Cortelyou Rd (Q),Brooklyn,metrocard,Metrocard - Seniors & Disability,1,0,40.64092636,-73.96389008,POINT (-73.9638900756836 40.640926361083984) at 02/01/22 3:00:00 to 07-Line
2024-06-08 12:28:18,678.MTA_Num7_Producer.INFO [x] sent 02/01/22 3:00:00,subway,46,Cortelyou Rd (Q),Brooklyn,metrocard,Metrocard - Unlimited 30-Day,1,0,40.64092636,-73.96389008,POINT (-73.9638900756836 40.640926361083984) at 02/01/22 3:00:00 to 07-Line
2024-06-08 12:28:18,696.MTA_Num7_Producer.INFO [x] sent 02/01/22 3:00:00,subway,46,Cortelyou Rd (Q),Brooklyn,metrocard,Metrocard - Unlimited 7-Day,2,0,40.64092636,-73.96389008,POINT (-73.9638900756836 40.640926361083984) at 02/01/22 3:00:00 to 07-Line
2024-06-08 12:28:18,716.MTA_Num7_Producer.INFO [x] sent 02/01/22 3:00:00,subway,460,33 St-Rawson St (7),Queens,metrocard,Metrocard - Full Fare,1,0,40.74458694,-73.93099976,POINT (-73.93099975585938 40.74458694458008) at 02/01/22 3:00:00 to 07-Line
2024-06-08 12:28:18,734.MTA_Num7_Producer.INFO [x] sent 02/01/22 3:00:00,subway,460,33 St-Rawson St (7),Queens,metrocard,Metrocard - Unlimited 7-Day,3,0,40.74458694,-73.93099976,POINT (-73.93099975585938 40.74458694458008) at 02/01/22 3:00:00 to 07-Line
2024-06-08 12:28:18,752.MTA_Num7_Producer.INFO [x] sent 02/01/22 3:00:00,subway,461,Queensboro Plaza (7,N,W),Queens,metrocard,Metrocard - Full Fare,5,1,40.75058365,-73.94020081,POINT (-73.94020080566406 40.75058364868164) at 02/01/22 3:00:00 to 07-Line
2024-06-08 12:28:18,770.MTA_Num7_Producer.INFO [x] sent 02/01/22 3:00:00,subway,461,Queensboro Plaza (7,N,W),Queens,metrocard,Metrocard - Unlimited 7-Day,1,0,40.75058365,-73.94020081,POINT (-73.94020080566406 40.75058364868164) at 02/01/22 3:00:00 to 07-Line
2024-06-08 12:28:18,789.MTA_Num7_Producer.INFO [x] sent 02/01/22 3:00:00,subway,463,Hunters Point Av (7),Queens,metrocard,Metrocard - Full Fare,3,0,40.7422142,-73.94891357,POINT (-73.94891357421875 40.74221420288086) at 02/01/22 3:00:00 to 07-Line
2024-06-08 12:28:18,808.MTA_Num7_Producer.INFO [x] sent 02/01/22 3:00:00,subway,463,Hunters Point Av (7),Queens,metrocard,Metrocard - Unlimited 30-Day,4,0,40.7422142,-73.94891357,POINT (-73.94891357421875 40.74221420288086) at 02/01/22 3:00:00 to 07-Line
2024-06-08 12:28:18,827.MTA_Num7_Producer.INFO [x] sent 02/01/22 3:00:00,subway,463,Hunters Point Av (7),Queens,metrocard,Metrocard - Unlimited 7-Day,3,0,40.7422142,-73.94891357,POINT (-73.94891357421875 40.74221420288086) at 02/01/22 3:00:00 to 07-Line
2024-06-08 12:28:18,846.MTA_Num7_Producer.INFO [x] sent 02/01/22 3:00:00,subway,464,Vernon Blvd-Jackson Av (7),Queens,metrocard,Metrocard - Full Fare,1,0,40.74262619,-73.95358276,POINT (-73.95358276367188 40.74262619018555) at 02/01/22 3:00:00 to 07-Line
2024-06-08 12:28:18,865.MTA_Num7_Producer.INFO [x] sent 02/01/22 3:00:00,subway,464,Vernon Blvd-Jackson Av (7),Queens,metrocard,Metrocard - Unlimited 30-Day,1,0,40.74262619,-73.95358276,POINT (-73.95358276367188 40.74262619018555) at 02/01/22 3:00:00 to 07-Line
2024-06-08 12:28:18,883.MTA_Num7_Producer.INFO [x] sent 02/01/22 3:00:00,subway,47,Newkirk Plaza (B,Q),Brooklyn,metrocard,Metrocard - Fair Fare,1,0,40.63508224,-73.96279144,POINT (-73.9627914428711 40.63508224487305) at 02/01/22 3:00:00 to 07-Line
2024-06-08 12:28:18,902.MTA_Num7_Producer.INFO [x] sent 02/01/22 4:00:00,subway,445,Pelham Pkwy (5),Bronx,metrocard,Metrocard - Unlimited 30-Day,1,0,40.8589859,-73.85536194,POINT (-73.85536193847656 40.858985900878906) at 02/01/22 4:00:00 to 07-Line
2024-06-08 12:28:18,921.MTA_Num7_Producer.INFO [x] sent 02/01/22 4:00:00,subway,446,Morris Park (5),Bronx,metrocard,Metrocard - Fair Fare,1,0,40.85436249,-73.86049652,POINT (-73.8604965209961 40.85436248779297) at 02/01/22 4:00:00 to 07-Line
2024-06-08 12:28:18,940.MTA_Num7_Producer.INFO [x] sent 02/01/22 4:00:00,subway,446,Morris Park (5),Bronx,metrocard,Metrocard - Full Fare,1,0,40.85436249,-73.86049652,POINT (-73.8604965209961 40.85436248779297) at 02/01/22 4:00:00 to 07-Line
2024-06-08 12:28:18,960.MTA_Num7_Producer.INFO [x] sent 02/01/22 4:00:00,subway,446,Morris Park (5),Bronx,metrocard,Metrocard - Unlimited 30-Day,1,0,40.85436249,-73.86049652,POINT (-73.8604965209961 40.85436248779297) at 02/01/22 4:00:00 to 07-Line
2024-06-08 12:28:18,979.MTA_Num7_Producer.INFO [x] sent 02/01/22 4:00:00,subway,447,Flushing-Main St (7),Queens,metrocard,Metrocard - Full Fare,90,39,40.75960159,-73.83003235,POINT (-73.83003234863281 40.75960159301758) at 02/01/22 4:00:00 to 07-Line
2024-06-08 12:28:18,998.MTA_Num7_Producer.INFO [x] sent 02/01/22 4:00:00,subway,447,Flushing-Main St (7),Queens,metrocard,Metrocard - Fair Fare,9,3,40.75960159,-73.83003235,POINT (-73.83003234863281 40.75960159301758) at 02/01/22 4:00:00 to 07-Line
2024-06-08 12:28:19,017.MTA_Num7_Producer.INFO [x] sent 02/01/22 4:00:00,subway,447,Flushing-Main St (7),Queens,metrocard,Metrocard - Other,24,1,40.75960159,-73.83003235,POINT (-73.83003234863281 40.75960159301758) at 02/01/22 4:00:00 to 07-Line
2024-06-08 12:28:19,035.MTA_Num7_Producer.INFO [x] sent 02/01/22 4:00:00,subway,447,Flushing-Main St (7),Queens,metrocard,Metrocard - Seniors & Disability,12,5,40.75960159,-73.83003235,POINT (-73.83003234863281 40.75960159301758) at 02/01/22 4:00:00 to 07-Line
2024-06-08 12:28:19,055.MTA_Num7_Producer.INFO [x] sent 02/01/22 4:00:00,subway,447,Flushing-Main St (7),Queens,metrocard,Metrocard - Unlimited 30-Day,36,0,40.75960159,-73.83003235,POINT (-73.83003234863281 40.75960159301758) at 02/01/22 4:00:00 to 07-Line
2024-06-08 12:28:19,074.MTA_Num7_Producer.INFO [x] sent 02/01/22 4:00:00,subway,447,Flushing-Main St (7),Queens,metrocard,Metrocard - Unlimited 7-Day,48,0,40.75960159,-73.83003235,POINT (-73.83003234863281 40.75960159301758) at 02/01/22 4:00:00 to 07-Line
2024-06-08 12:28:19,092.MTA_Num7_Producer.INFO [x] sent 02/01/22 4:00:00,subway,448,Mets-Willets Point (7),Queens,metrocard,Metrocard - Full Fare,8,0,40.75462341,-73.84562683,POINT (-73.84562683105469 40.75462341308594) at 02/01/22 4:00:00 to 07-Line
2024-06-08 12:28:19,110.MTA_Num7_Producer.INFO [x] sent 02/01/22 4:00:00,subway,448,Mets-Willets Point (7),Queens,metrocard,Metrocard - Other,4,0,40.75462341,-73.84562683,POINT (-73.84562683105469 40.75462341308594) at 02/01/22 4:00:00 to 07-Line
2024-06-08 12:28:19,129.MTA_Num7_Producer.INFO [x] sent 02/01/22 4:00:00,subway,448,Mets-Willets Point (7),Queens,metrocard,Metrocard - Unlimited 30-Day,1,0,40.75462341,-73.84562683,POINT (-73.84562683105469 40.75462341308594) at 02/01/22 4:00:00 to 07-Line
2024-06-08 12:28:19,148.MTA_Num7_Producer.INFO [x] sent 02/01/22 4:00:00,subway,449,111 St (7),Queens,metrocard,Metrocard - Fair Fare,3,0,40.75173187,-73.85533142,POINT (-73.85533142089844 40.751731872558594) at 02/01/22 4:00:00 to 07-Line
2024-06-08 12:28:19,167.MTA_Num7_Producer.INFO [x] sent 02/01/22 4:00:00,subway,448,Mets-Willets Point (7),Queens,metrocard,Metrocard - Unlimited 7-Day,1,0,40.75462341,-73.84562683,POINT (-73.84562683105469 40.75462341308594) at 02/01/22 4:00:00 to 07-Line
2024-06-08 12:28:19,185.MTA_Num7_Producer.INFO [x] sent 02/01/22 4:00:00,subway,449,111 St (7),Queens,metrocard,Metrocard - Other,3,0,40.75173187,-73.85533142,POINT (-73.85533142089844 40.751731872558594) at 02/01/22 4:00:00 to 07-Line
2024-06-08 12:28:19,204.MTA_Num7_Producer.INFO [x] sent 02/01/22 4:00:00,subway,449,111 St (7),Queens,metrocard,Metrocard - Full Fare,46,0,40.75173187,-73.85533142,POINT (-73.85533142089844 40.751731872558594) at 02/01/22 4:00:00 to 07-Line
2024-06-08 12:28:19,222.MTA_Num7_Producer.INFO [x] sent 02/01/22 4:00:00,subway,449,111 St (7),Queens,metrocard,Metrocard - Unlimited 7-Day,40,0,40.75173187,-73.85533142,POINT (-73.85533142089844 40.751731872558594) at 02/01/22 4:00:00 to 07-Line
2024-06-08 12:28:19,241.MTA_Num7_Producer.INFO [x] sent 02/01/22 4:00:00,subway,449,111 St (7),Queens,metrocard,Metrocard - Unlimited 30-Day,12,0,40.75173187,-73.85533142,POINT (-73.85533142089844 40.751731872558594) at 02/01/22 4:00:00 to 07-Line
2024-06-08 12:28:19,258.MTA_Num7_Producer.INFO [x] sent 02/01/22 4:00:00,subway,45,Beverley Rd (Q),Brooklyn,metrocard,Metrocard - Full Fare,3,0,40.64403152,-73.9644928,POINT (-73.96449279785156 40.6440315246582) at 02/01/22 4:00:00 to 07-Line
2024-06-08 12:28:19,277.MTA_Num7_Producer.INFO [x] sent 02/01/22 4:00:00,subway,45,Beverley Rd (Q),Brooklyn,metrocard,Metrocard - Other,1,0,40.64403152,-73.9644928,POINT (-73.96449279785156 40.6440315246582) at 02/01/22 4:00:00 to 07-Line
2024-06-08 12:28:19,296.MTA_Num7_Producer.INFO [x] sent 02/01/22 4:00:00,subway,45,Beverley Rd (Q),Brooklyn,metrocard,Metrocard - Seniors & Disability,2,0,40.64403152,-73.9644928,POINT (-73.96449279785156 40.6440315246582) at 02/01/22 4:00:00 to 07-Line
2024-06-08 12:28:19,314.MTA_Num7_Producer.INFO [x] sent 02/01/22 4:00:00,subway,45,Beverley Rd (Q),Brooklyn,metrocard,Metrocard - Unlimited 30-Day,2,0,40.64403152,-73.9644928,POINT (-73.96449279785156 40.6440315246582) at 02/01/22 4:00:00 to 07-Line
2024-06-08 12:28:19,333.MTA_Num7_Producer.INFO [x] sent 02/01/22 4:00:00,subway,45,Beverley Rd (Q),Brooklyn,metrocard,Metrocard - Unlimited 7-Day,3,0,40.64403152,-73.9644928,POINT (-73.96449279785156 40.6440315246582) at 02/01/22 4:00:00 to 07-Line
2024-06-08 12:28:19,364.MTA_Num7_Producer.INFO [x] sent 02/01/22 4:00:00,subway,450,103 St-Corona Plaza (7),Queens,metrocard,Metrocard - Other,9,0,40.74986649,-73.86270142,POINT (-73.86270141601562 40.7498664855957) at 02/01/22 4:00:00 to 07-Line
2024-06-08 12:28:19,385.MTA_Num7_Producer.INFO [x] sent 02/01/22 4:00:00,subway,450,103 St-Corona Plaza (7),Queens,metrocard,Metrocard - Full Fare,71,7,40.74986649,-73.86270142,POINT (-73.86270141601562 40.7498664855957) at 02/01/22 4:00:00 to 07-Line
2024-06-08 12:28:19,404.MTA_Num7_Producer.INFO [x] sent 02/01/22 4:00:00,subway,450,103 St-Corona Plaza (7),Queens,metrocard,Metrocard - Fair Fare,4,0,40.74986649,-73.86270142,POINT (-73.86270141601562 40.7498664855957) at 02/01/22 4:00:00 to 07-Line
2024-06-08 12:28:19,423.MTA_Num7_Producer.INFO [x] sent 02/01/22 4:00:00,subway,450,103 St-Corona Plaza (7),Queens,metrocard,Metrocard - Unlimited 30-Day,20,0,40.74986649,-73.86270142,POINT (-73.86270141601562 40.7498664855957) at 02/01/22 4:00:00 to 07-Line
2024-06-08 12:28:19,441.MTA_Num7_Producer.INFO [x] sent 02/01/22 4:00:00,subway,450,103 St-Corona Plaza (7),Queens,metrocard,Metrocard - Unlimited 7-Day,76,0,40.74986649,-73.86270142,POINT (-73.86270141601562 40.7498664855957) at 02/01/22 4:00:00 to 07-Line
2024-06-08 12:28:19,460.MTA_Num7_Producer.INFO [x] sent 02/01/22 4:00:00,subway,451,Junction Blvd (7),Queens,metrocard,Metrocard - Other,4,0,40.74914551,-73.86952972,POINT (-73.8695297241211 40.7491455078125) at 02/01/22 4:00:00 to 07-Line
2024-06-08 12:28:19,478.MTA_Num7_Producer.INFO [x] sent 02/01/22 4:00:00,subway,451,Junction Blvd (7),Queens,metrocard,Metrocard - Fair Fare,5,1,40.74914551,-73.86952972,POINT (-73.8695297241211 40.7491455078125) at 02/01/22 4:00:00 to 07-Line
2024-06-08 12:28:19,497.MTA_Num7_Producer.INFO [x] sent 02/01/22 4:00:00,subway,451,Junction Blvd (7),Queens,metrocard,Metrocard - Full Fare,84,2,40.74914551,-73.86952972,POINT (-73.8695297241211 40.7491455078125) at 02/01/22 4:00:00 to 07-Line
2024-06-08 12:28:19,514.MTA_Num7_Producer.INFO [x] sent 02/01/22 4:00:00,subway,451,Junction Blvd (7),Queens,metrocard,Metrocard - Seniors & Disability,4,1,40.74914551,-73.86952972,POINT (-73.8695297241211 40.7491455078125) at 02/01/22 4:00:00 to 07-Line
2024-06-08 12:28:19,533.MTA_Num7_Producer.INFO [x] sent 02/01/22 4:00:00,subway,451,Junction Blvd (7),Queens,metrocard,Metrocard - Unlimited 30-Day,21,0,40.74914551,-73.86952972,POINT (-73.8695297241211 40.7491455078125) at 02/01/22 4:00:00 to 07-Line
2024-06-08 12:28:19,553.MTA_Num7_Producer.INFO [x] sent 02/01/22 4:00:00,subway,451,Junction Blvd (7),Queens,metrocard,Metrocard - Unlimited 7-Day,60,0,40.74914551,-73.86952972,POINT (-73.8695297241211 40.7491455078125) at 02/01/22 4:00:00 to 07-Line
2024-06-08 12:28:19,571.MTA_Num7_Producer.INFO [x] sent 02/01/22 4:00:00,subway,452,90 St-Elmhurst Av (7),Queens,metrocard,Metrocard - Fair Fare,2,0,40.74840927,-73.8766098,POINT (-73.8766098022461 40.748409271240234) at 02/01/22 4:00:00 to 07-Line
2024-06-08 12:28:19,590.MTA_Num7_Producer.INFO [x] sent 02/01/22 4:00:00,subway,452,90 St-Elmhurst Av (7),Queens,metrocard,Metrocard - Other,7,0,40.74840927,-73.8766098,POINT (-73.8766098022461 40.748409271240234) at 02/01/22 4:00:00 to 07-Line
2024-06-08 12:28:19,609.MTA_Num7_Producer.INFO [x] sent 02/01/22 4:00:00,subway,452,90 St-Elmhurst Av (7),Queens,metrocard,Metrocard - Full Fare,60,0,40.74840927,-73.8766098,POINT (-73.8766098022461 40.748409271240234) at 02/01/22 4:00:00 to 07-Line
2024-06-08 12:28:19,627.MTA_Num7_Producer.INFO [x] sent 02/01/22 4:00:00,subway,452,90 St-Elmhurst Av (7),Queens,metrocard,Metrocard - Unlimited 30-Day,27,0,40.74840927,-73.8766098,POINT (-73.8766098022461 40.748409271240234) at 02/01/22 4:00:00 to 07-Line
2024-06-08 12:28:19,647.MTA_Num7_Producer.INFO [x] sent 02/01/22 4:00:00,subway,452,90 St-Elmhurst Av (7),Queens,metrocard,Metrocard - Seniors & Disability,6,0,40.74840927,-73.8766098,POINT (-73.8766098022461 40.748409271240234) at 02/01/22 4:00:00 to 07-Line
2024-06-08 12:28:19,666.MTA_Num7_Producer.INFO [x] sent 02/01/22 4:00:00,subway,452,90 St-Elmhurst Av (7),Queens,metrocard,Metrocard - Unlimited 7-Day,45,0,40.74840927,-73.8766098,POINT (-73.8766098022461 40.748409271240234) at 02/01/22 4:00:00 to 07-Line
2024-06-08 12:28:19,686.MTA_Num7_Producer.INFO [x] sent 02/01/22 4:00:00,subway,453,82 St-Jackson Hts (7),Queens,metrocard,Metrocard - Full Fare,39,1,40.74765778,-73.88369751,POINT (-73.88369750976562 40.747657775878906) at 02/01/22 4:00:00 to 07-Line
2024-06-08 12:28:19,705.MTA_Num7_Producer.INFO [x] sent 02/01/22 4:00:00,subway,453,82 St-Jackson Hts (7),Queens,metrocard,Metrocard - Fair Fare,1,0,40.74765778,-73.88369751,POINT (-73.88369750976562 40.747657775878906) at 02/01/22 4:00:00 to 07-Line
2024-06-08 12:28:19,723.MTA_Num7_Producer.INFO [x] sent 02/01/22 4:00:00,subway,453,82 St-Jackson Hts (7),Queens,metrocard,Metrocard - Other,4,0,40.74765778,-73.88369751,POINT (-73.88369750976562 40.747657775878906) at 02/01/22 4:00:00 to 07-Line
2024-06-08 12:28:19,742.MTA_Num7_Producer.INFO [x] sent 02/01/22 4:00:00,subway,453,82 St-Jackson Hts (7),Queens,metrocard,Metrocard - Seniors & Disability,3,0,40.74765778,-73.88369751,POINT (-73.88369750976562 40.747657775878906) at 02/01/22 4:00:00 to 07-Line
2024-06-08 12:28:19,760.MTA_Num7_Producer.INFO KeyboardInterrupt. Stopping the Program
