2024-06-12 13:39:47,367.MTA_ConsumeLineQV2.INFO ==================================================
2024-06-12 13:39:47,367.MTA_ConsumeLineQV2.INFO Today is 2024-06-12 at 01:39 PM
2024-06-12 13:39:47,367.MTA_ConsumeLineQV2.INFO Running on: nt Windows 10
2024-06-12 13:39:47,367.MTA_ConsumeLineQV2.INFO Python version:  3.12.3
2024-06-12 13:39:47,367.MTA_ConsumeLineQV2.INFO Python path: C:\Users\Tower\anaconda3\envs\RabbitEnv
2024-06-12 13:39:47,367.MTA_ConsumeLineQV2.INFO Working dir: C:\Users\Tower\Documents\ACoffinCSIS44671\streaming-07-FinalMTA
2024-06-12 13:39:47,367.MTA_ConsumeLineQV2.INFO ==================================================
2024-06-12 13:39:47,429.MTA_ConsumeLineQV2.INFO  [*] Ready for work. To exit press CTRL+C
2024-06-12 13:39:58,280.MTA_ConsumeLineQV2.INFO 02/01/22 0:00:00,subway,45,Beverley Rd (Q),Q,Brooklyn,Metrocard - Full Fare,3,0,40.64403152,-73.9644928,POINT (-73.96449279785156 40.6440315246582)
2024-06-12 13:39:58,282.MTA_ConsumeLineQV2.INFO Row ingested: 02/01/22 0:00:00,subway,45,Beverley Rd (Q),Q,Brooklyn,Metrocard - Full Fare,3,0,40.64403152,-73.9644928,POINT (-73.96449279785156 40.6440315246582)
2024-06-12 13:39:58,282.MTA_ConsumeLineQV2.INFO  [x] Done.
2024-06-12 13:39:58,282.MTA_ConsumeLineQV2.INFO 02/01/22 0:00:00,subway,45,Beverley Rd (Q),Q,Brooklyn,Metrocard - Unlimited 7-Day,2,0,40.64403152,-73.9644928,POINT (-73.96449279785156 40.6440315246582)
2024-06-12 13:39:58,282.MTA_ConsumeLineQV2.INFO Row ingested: 02/01/22 0:00:00,subway,45,Beverley Rd (Q),Q,Brooklyn,Metrocard - Unlimited 7-Day,2,0,40.64403152,-73.9644928,POINT (-73.96449279785156 40.6440315246582)
2024-06-12 13:39:58,282.MTA_ConsumeLineQV2.INFO  [x] Done.
2024-06-12 13:39:58,680.MTA_ConsumeLineQV2.INFO 02/01/22 0:00:00,subway,46,Cortelyou Rd (Q),Q,Brooklyn,Metrocard - Fair Fare,1,0,40.64092636,-73.96389008,POINT (-73.9638900756836 40.640926361083984)
2024-06-12 13:39:58,682.MTA_ConsumeLineQV2.INFO Row ingested: 02/01/22 0:00:00,subway,46,Cortelyou Rd (Q),Q,Brooklyn,Metrocard - Fair Fare,1,0,40.64092636,-73.96389008,POINT (-73.9638900756836 40.640926361083984)
2024-06-12 13:39:58,682.MTA_ConsumeLineQV2.INFO  [x] Done.
2024-06-12 13:39:58,699.MTA_ConsumeLineQV2.INFO 02/01/22 0:00:00,subway,46,Cortelyou Rd (Q),Q,Brooklyn,Metrocard - Full Fare,3,0,40.64092636,-73.96389008,POINT (-73.9638900756836 40.640926361083984)
2024-06-12 13:39:58,699.MTA_ConsumeLineQV2.INFO Row ingested: 02/01/22 0:00:00,subway,46,Cortelyou Rd (Q),Q,Brooklyn,Metrocard - Full Fare,3,0,40.64092636,-73.96389008,POINT (-73.9638900756836 40.640926361083984)
2024-06-12 13:39:58,699.MTA_ConsumeLineQV2.INFO  [x] Done.
2024-06-12 13:39:58,708.MTA_ConsumeLineQV2.INFO 02/01/22 0:00:00,subway,46,Cortelyou Rd (Q),Q,Brooklyn,Metrocard - Unlimited 7-Day,2,0,40.64092636,-73.96389008,POINT (-73.9638900756836 40.640926361083984)
2024-06-12 13:39:58,708.MTA_ConsumeLineQV2.INFO Row ingested: 02/01/22 0:00:00,subway,46,Cortelyou Rd (Q),Q,Brooklyn,Metrocard - Unlimited 7-Day,2,0,40.64092636,-73.96389008,POINT (-73.9638900756836 40.640926361083984)
2024-06-12 13:39:58,708.MTA_ConsumeLineQV2.INFO  [x] Done.
2024-06-12 13:39:58,716.MTA_ConsumeLineQV2.INFO 02/01/22 0:00:00,subway,46,Cortelyou Rd (Q),Q,Brooklyn,Metrocard - Unlimited 30-Day,1,0,40.64092636,-73.96389008,POINT (-73.9638900756836 40.640926361083984)
2024-06-12 13:39:58,716.MTA_ConsumeLineQV2.INFO Row ingested: 02/01/22 0:00:00,subway,46,Cortelyou Rd (Q),Q,Brooklyn,Metrocard - Unlimited 30-Day,1,0,40.64092636,-73.96389008,POINT (-73.9638900756836 40.640926361083984)
2024-06-12 13:39:58,722.MTA_ConsumeLineQV2.INFO  [x] Done.
2024-06-12 13:39:58,777.MTA_ConsumeLineQV2.INFO 02/01/22 0:00:00,subway,50,Avenue M (Q),Q,Brooklyn,Metrocard - Full Fare,2,2,40.61761856,-73.95939636,POINT (-73.95939636230469 40.617618560791016)
2024-06-12 13:39:58,777.MTA_ConsumeLineQV2.INFO Row ingested: 02/01/22 0:00:00,subway,50,Avenue M (Q),Q,Brooklyn,Metrocard - Full Fare,2,2,40.61761856,-73.95939636,POINT (-73.95939636230469 40.617618560791016)
2024-06-12 13:39:58,777.MTA_ConsumeLineQV2.INFO  [x] Done.
2024-06-12 13:39:58,916.MTA_ConsumeLineQV2.INFO 02/01/22 0:00:00,subway,47,Newkirk Plaza (B,Q),Q,Brooklyn,Metrocard - Fair Fare,3,0,40.63508224,-73.96279144,POINT (-73.9627914428711 40.63508224487305)
2024-06-12 13:39:58,916.MTA_ConsumeLineQV2.INFO Row ingested: 02/01/22 0:00:00,subway,47,Newkirk Plaza (B,Q),Q,Brooklyn,Metrocard - Fair Fare,3,0,40.63508224,-73.96279144,POINT (-73.9627914428711 40.63508224487305)
2024-06-12 13:39:58,930.MTA_ConsumeLineQV2.INFO  [x] Done.
2024-06-12 13:39:59,038.MTA_ConsumeLineQV2.INFO 02/01/22 1:00:00,subway,45,Beverley Rd (Q),Q,Brooklyn,Metrocard - Fair Fare,1,0,40.64403152,-73.9644928,POINT (-73.96449279785156 40.6440315246582)
2024-06-12 13:39:59,039.MTA_ConsumeLineQV2.INFO Row ingested: 02/01/22 1:00:00,subway,45,Beverley Rd (Q),Q,Brooklyn,Metrocard - Fair Fare,1,0,40.64403152,-73.9644928,POINT (-73.96449279785156 40.6440315246582)
2024-06-12 13:39:59,040.MTA_ConsumeLineQV2.INFO  [x] Done.
2024-06-12 13:39:59,043.MTA_ConsumeLineQV2.INFO 02/01/22 1:00:00,subway,45,Beverley Rd (Q),Q,Brooklyn,Metrocard - Full Fare,2,0,40.64403152,-73.9644928,POINT (-73.96449279785156 40.6440315246582)
2024-06-12 13:39:59,043.MTA_ConsumeLineQV2.INFO Row ingested: 02/01/22 1:00:00,subway,45,Beverley Rd (Q),Q,Brooklyn,Metrocard - Full Fare,2,0,40.64403152,-73.9644928,POINT (-73.96449279785156 40.6440315246582)
2024-06-12 13:39:59,048.MTA_ConsumeLineQV2.INFO  [x] Done.
2024-06-12 13:39:59,054.MTA_ConsumeLineQV2.INFO 02/01/22 1:00:00,subway,45,Beverley Rd (Q),Q,Brooklyn,Metrocard - Unlimited 7-Day,1,0,40.64403152,-73.9644928,POINT (-73.96449279785156 40.6440315246582)
2024-06-12 13:39:59,054.MTA_ConsumeLineQV2.INFO Row ingested: 02/01/22 1:00:00,subway,45,Beverley Rd (Q),Q,Brooklyn,Metrocard - Unlimited 7-Day,1,0,40.64403152,-73.9644928,POINT (-73.96449279785156 40.6440315246582)
2024-06-12 13:39:59,058.MTA_ConsumeLineQV2.INFO  [x] Done.
2024-06-12 13:39:59,327.MTA_ConsumeLineQV2.INFO 02/01/22 1:00:00,subway,46,Cortelyou Rd (Q),Q,Brooklyn,Metrocard - Seniors & Disability,1,0,40.64092636,-73.96389008,POINT (-73.9638900756836 40.640926361083984)
2024-06-12 13:39:59,330.MTA_ConsumeLineQV2.INFO Row ingested: 02/01/22 1:00:00,subway,46,Cortelyou Rd (Q),Q,Brooklyn,Metrocard - Seniors & Disability,1,0,40.64092636,-73.96389008,POINT (-73.9638900756836 40.640926361083984)
2024-06-12 13:39:59,331.MTA_ConsumeLineQV2.INFO  [x] Done.
2024-06-12 13:39:59,337.MTA_ConsumeLineQV2.INFO 02/01/22 1:00:00,subway,46,Cortelyou Rd (Q),Q,Brooklyn,Metrocard - Unlimited 7-Day,1,0,40.64092636,-73.96389008,POINT (-73.9638900756836 40.640926361083984)
2024-06-12 13:39:59,337.MTA_ConsumeLineQV2.INFO Row ingested: 02/01/22 1:00:00,subway,46,Cortelyou Rd (Q),Q,Brooklyn,Metrocard - Unlimited 7-Day,1,0,40.64092636,-73.96389008,POINT (-73.9638900756836 40.640926361083984)
2024-06-12 13:39:59,341.MTA_ConsumeLineQV2.INFO  [x] Done.
2024-06-12 13:39:59,476.MTA_ConsumeLineQV2.INFO 02/01/22 1:00:00,subway,47,Newkirk Plaza (B,Q),Q,Brooklyn,Metrocard - Fair Fare,1,0,40.63508224,-73.96279144,POINT (-73.9627914428711 40.63508224487305)
2024-06-12 13:39:59,476.MTA_ConsumeLineQV2.INFO Row ingested: 02/01/22 1:00:00,subway,47,Newkirk Plaza (B,Q),Q,Brooklyn,Metrocard - Fair Fare,1,0,40.63508224,-73.96279144,POINT (-73.9627914428711 40.63508224487305)
2024-06-12 13:39:59,478.MTA_ConsumeLineQV2.INFO  [x] Done.
2024-06-12 13:39:59,633.MTA_ConsumeLineQV2.INFO 02/01/22 2:00:00,subway,45,Beverley Rd (Q),Q,Brooklyn,Metrocard - Full Fare,4,0,40.64403152,-73.9644928,POINT (-73.96449279785156 40.6440315246582)
2024-06-12 13:39:59,636.MTA_ConsumeLineQV2.INFO Row ingested: 02/01/22 2:00:00,subway,45,Beverley Rd (Q),Q,Brooklyn,Metrocard - Full Fare,4,0,40.64403152,-73.9644928,POINT (-73.96449279785156 40.6440315246582)
2024-06-12 13:39:59,637.MTA_ConsumeLineQV2.INFO  [x] Done.
2024-06-12 13:39:59,642.MTA_ConsumeLineQV2.INFO 02/01/22 2:00:00,subway,45,Beverley Rd (Q),Q,Brooklyn,Metrocard - Fair Fare,1,0,40.64403152,-73.9644928,POINT (-73.96449279785156 40.6440315246582)
2024-06-12 13:39:59,644.MTA_ConsumeLineQV2.INFO Row ingested: 02/01/22 2:00:00,subway,45,Beverley Rd (Q),Q,Brooklyn,Metrocard - Fair Fare,1,0,40.64403152,-73.9644928,POINT (-73.96449279785156 40.6440315246582)
2024-06-12 13:39:59,644.MTA_ConsumeLineQV2.INFO  [x] Done.
2024-06-12 13:39:59,653.MTA_ConsumeLineQV2.INFO 02/01/22 2:00:00,subway,45,Beverley Rd (Q),Q,Brooklyn,Metrocard - Unlimited 7-Day,1,0,40.64403152,-73.9644928,POINT (-73.96449279785156 40.6440315246582)
2024-06-12 13:39:59,654.MTA_ConsumeLineQV2.INFO Row ingested: 02/01/22 2:00:00,subway,45,Beverley Rd (Q),Q,Brooklyn,Metrocard - Unlimited 7-Day,1,0,40.64403152,-73.9644928,POINT (-73.96449279785156 40.6440315246582)
2024-06-12 13:39:59,654.MTA_ConsumeLineQV2.INFO  [x] Done.
2024-06-12 13:39:59,922.MTA_ConsumeLineQV2.INFO 02/01/22 2:00:00,subway,46,Cortelyou Rd (Q),Q,Brooklyn,Metrocard - Full Fare,2,0,40.64092636,-73.96389008,POINT (-73.9638900756836 40.640926361083984)
2024-06-12 13:39:59,922.MTA_ConsumeLineQV2.INFO Row ingested: 02/01/22 2:00:00,subway,46,Cortelyou Rd (Q),Q,Brooklyn,Metrocard - Full Fare,2,0,40.64092636,-73.96389008,POINT (-73.9638900756836 40.640926361083984)
2024-06-12 13:39:59,923.MTA_ConsumeLineQV2.INFO  [x] Done.
2024-06-12 13:39:59,928.MTA_ConsumeLineQV2.INFO 02/01/22 2:00:00,subway,46,Cortelyou Rd (Q),Q,Brooklyn,Metrocard - Unlimited 7-Day,1,0,40.64092636,-73.96389008,POINT (-73.9638900756836 40.640926361083984)
2024-06-12 13:39:59,928.MTA_ConsumeLineQV2.INFO Row ingested: 02/01/22 2:00:00,subway,46,Cortelyou Rd (Q),Q,Brooklyn,Metrocard - Unlimited 7-Day,1,0,40.64092636,-73.96389008,POINT (-73.9638900756836 40.640926361083984)
2024-06-12 13:39:59,932.MTA_ConsumeLineQV2.INFO  [x] Done.
2024-06-12 13:40:00,185.MTA_ConsumeLineQV2.INFO 02/01/22 3:00:00,subway,45,Beverley Rd (Q),Q,Brooklyn,Metrocard - Other,1,0,40.64403152,-73.9644928,POINT (-73.96449279785156 40.6440315246582)
2024-06-12 13:40:00,186.MTA_ConsumeLineQV2.INFO Row ingested: 02/01/22 3:00:00,subway,45,Beverley Rd (Q),Q,Brooklyn,Metrocard - Other,1,0,40.64403152,-73.9644928,POINT (-73.96449279785156 40.6440315246582)
2024-06-12 13:40:00,187.MTA_ConsumeLineQV2.INFO  [x] Done.
2024-06-12 13:40:00,189.MTA_ConsumeLineQV2.INFO 02/01/22 3:00:00,subway,45,Beverley Rd (Q),Q,Brooklyn,Metrocard - Unlimited 7-Day,1,0,40.64403152,-73.9644928,POINT (-73.96449279785156 40.6440315246582)
2024-06-12 13:40:00,189.MTA_ConsumeLineQV2.INFO Row ingested: 02/01/22 3:00:00,subway,45,Beverley Rd (Q),Q,Brooklyn,Metrocard - Unlimited 7-Day,1,0,40.64403152,-73.9644928,POINT (-73.96449279785156 40.6440315246582)
2024-06-12 13:40:00,196.MTA_ConsumeLineQV2.INFO  [x] Done.
2024-06-12 13:40:00,201.MTA_ConsumeLineQV2.INFO 02/01/22 3:00:00,subway,45,Beverley Rd (Q),Q,Brooklyn,Metrocard - Unlimited 30-Day,1,0,40.64403152,-73.9644928,POINT (-73.96449279785156 40.6440315246582)
2024-06-12 13:40:00,201.MTA_ConsumeLineQV2.INFO Row ingested: 02/01/22 3:00:00,subway,45,Beverley Rd (Q),Q,Brooklyn,Metrocard - Unlimited 30-Day,1,0,40.64403152,-73.9644928,POINT (-73.96449279785156 40.6440315246582)
2024-06-12 13:40:00,207.MTA_ConsumeLineQV2.INFO  [x] Done.
2024-06-12 13:40:00,521.MTA_ConsumeLineQV2.INFO 02/01/22 3:00:00,subway,46,Cortelyou Rd (Q),Q,Brooklyn,Metrocard - Full Fare,2,0,40.64092636,-73.96389008,POINT (-73.9638900756836 40.640926361083984)
2024-06-12 13:40:00,525.MTA_ConsumeLineQV2.INFO Row ingested: 02/01/22 3:00:00,subway,46,Cortelyou Rd (Q),Q,Brooklyn,Metrocard - Full Fare,2,0,40.64092636,-73.96389008,POINT (-73.9638900756836 40.640926361083984)
2024-06-12 13:40:00,526.MTA_ConsumeLineQV2.INFO  [x] Done.
2024-06-12 13:40:00,532.MTA_ConsumeLineQV2.INFO 02/01/22 3:00:00,subway,46,Cortelyou Rd (Q),Q,Brooklyn,Metrocard - Seniors & Disability,1,0,40.64092636,-73.96389008,POINT (-73.9638900756836 40.640926361083984)
2024-06-12 13:40:00,532.MTA_ConsumeLineQV2.INFO Row ingested: 02/01/22 3:00:00,subway,46,Cortelyou Rd (Q),Q,Brooklyn,Metrocard - Seniors & Disability,1,0,40.64092636,-73.96389008,POINT (-73.9638900756836 40.640926361083984)
2024-06-12 13:40:00,532.MTA_ConsumeLineQV2.INFO  [x] Done.
2024-06-12 13:40:00,544.MTA_ConsumeLineQV2.INFO 02/01/22 3:00:00,subway,46,Cortelyou Rd (Q),Q,Brooklyn,Metrocard - Unlimited 30-Day,1,0,40.64092636,-73.96389008,POINT (-73.9638900756836 40.640926361083984)
2024-06-12 13:40:00,545.MTA_ConsumeLineQV2.INFO Row ingested: 02/01/22 3:00:00,subway,46,Cortelyou Rd (Q),Q,Brooklyn,Metrocard - Unlimited 30-Day,1,0,40.64092636,-73.96389008,POINT (-73.9638900756836 40.640926361083984)
2024-06-12 13:40:00,545.MTA_ConsumeLineQV2.INFO  [x] Done.
2024-06-12 13:40:00,549.MTA_ConsumeLineQV2.INFO 02/01/22 3:00:00,subway,46,Cortelyou Rd (Q),Q,Brooklyn,Metrocard - Unlimited 7-Day,2,0,40.64092636,-73.96389008,POINT (-73.9638900756836 40.640926361083984)
2024-06-12 13:40:00,549.MTA_ConsumeLineQV2.INFO Row ingested: 02/01/22 3:00:00,subway,46,Cortelyou Rd (Q),Q,Brooklyn,Metrocard - Unlimited 7-Day,2,0,40.64092636,-73.96389008,POINT (-73.9638900756836 40.640926361083984)
2024-06-12 13:40:00,556.MTA_ConsumeLineQV2.INFO  [x] Done.
2024-06-12 13:40:00,648.MTA_ConsumeLineQV2.INFO 02/01/22 3:00:00,subway,47,Newkirk Plaza (B,Q),Q,Brooklyn,Metrocard - Fair Fare,1,0,40.63508224,-73.96279144,POINT (-73.9627914428711 40.63508224487305)
2024-06-12 13:40:00,649.MTA_ConsumeLineQV2.INFO Row ingested: 02/01/22 3:00:00,subway,47,Newkirk Plaza (B,Q),Q,Brooklyn,Metrocard - Fair Fare,1,0,40.63508224,-73.96279144,POINT (-73.9627914428711 40.63508224487305)
2024-06-12 13:40:00,650.MTA_ConsumeLineQV2.INFO  [x] Done.
2024-06-12 13:40:00,832.MTA_ConsumeLineQV2.INFO 02/01/22 4:00:00,subway,45,Beverley Rd (Q),Q,Brooklyn,Metrocard - Full Fare,3,0,40.64403152,-73.9644928,POINT (-73.96449279785156 40.6440315246582)
2024-06-12 13:40:00,832.MTA_ConsumeLineQV2.INFO Row ingested: 02/01/22 4:00:00,subway,45,Beverley Rd (Q),Q,Brooklyn,Metrocard - Full Fare,3,0,40.64403152,-73.9644928,POINT (-73.96449279785156 40.6440315246582)
2024-06-12 13:40:00,839.MTA_ConsumeLineQV2.INFO  [x] Done.
2024-06-12 13:40:00,844.MTA_ConsumeLineQV2.INFO 02/01/22 4:00:00,subway,45,Beverley Rd (Q),Q,Brooklyn,Metrocard - Other,1,0,40.64403152,-73.9644928,POINT (-73.96449279785156 40.6440315246582)
2024-06-12 13:40:00,844.MTA_ConsumeLineQV2.INFO Row ingested: 02/01/22 4:00:00,subway,45,Beverley Rd (Q),Q,Brooklyn,Metrocard - Other,1,0,40.64403152,-73.9644928,POINT (-73.96449279785156 40.6440315246582)
2024-06-12 13:40:00,848.MTA_ConsumeLineQV2.INFO  [x] Done.
2024-06-12 13:40:00,854.MTA_ConsumeLineQV2.INFO 02/01/22 4:00:00,subway,45,Beverley Rd (Q),Q,Brooklyn,Metrocard - Seniors & Disability,2,0,40.64403152,-73.9644928,POINT (-73.96449279785156 40.6440315246582)
2024-06-12 13:40:00,854.MTA_ConsumeLineQV2.INFO Row ingested: 02/01/22 4:00:00,subway,45,Beverley Rd (Q),Q,Brooklyn,Metrocard - Seniors & Disability,2,0,40.64403152,-73.9644928,POINT (-73.96449279785156 40.6440315246582)
2024-06-12 13:40:00,858.MTA_ConsumeLineQV2.INFO  [x] Done.
2024-06-12 13:40:00,866.MTA_ConsumeLineQV2.INFO 02/01/22 4:00:00,subway,45,Beverley Rd (Q),Q,Brooklyn,Metrocard - Unlimited 30-Day,2,0,40.64403152,-73.9644928,POINT (-73.96449279785156 40.6440315246582)
2024-06-12 13:40:00,866.MTA_ConsumeLineQV2.INFO Row ingested: 02/01/22 4:00:00,subway,45,Beverley Rd (Q),Q,Brooklyn,Metrocard - Unlimited 30-Day,2,0,40.64403152,-73.9644928,POINT (-73.96449279785156 40.6440315246582)
2024-06-12 13:40:00,867.MTA_ConsumeLineQV2.INFO  [x] Done.
2024-06-12 13:40:00,873.MTA_ConsumeLineQV2.INFO 02/01/22 4:00:00,subway,45,Beverley Rd (Q),Q,Brooklyn,Metrocard - Unlimited 7-Day,3,0,40.64403152,-73.9644928,POINT (-73.96449279785156 40.6440315246582)
2024-06-12 13:40:00,873.MTA_ConsumeLineQV2.INFO Row ingested: 02/01/22 4:00:00,subway,45,Beverley Rd (Q),Q,Brooklyn,Metrocard - Unlimited 7-Day,3,0,40.64403152,-73.9644928,POINT (-73.96449279785156 40.6440315246582)
2024-06-12 13:40:00,876.MTA_ConsumeLineQV2.INFO  [x] Done.
2024-06-12 13:40:01,321.MTA_ConsumeLineQV2.INFO 02/01/22 4:00:00,subway,46,Cortelyou Rd (Q),Q,Brooklyn,Metrocard - Fair Fare,3,0,40.64092636,-73.96389008,POINT (-73.9638900756836 40.640926361083984)
2024-06-12 13:40:01,321.MTA_ConsumeLineQV2.INFO Row ingested: 02/01/22 4:00:00,subway,46,Cortelyou Rd (Q),Q,Brooklyn,Metrocard - Fair Fare,3,0,40.64092636,-73.96389008,POINT (-73.9638900756836 40.640926361083984)
2024-06-12 13:40:01,325.MTA_ConsumeLineQV2.INFO  [x] Done.
2024-06-12 13:40:01,343.MTA_ConsumeLineQV2.INFO 02/01/22 4:00:00,subway,46,Cortelyou Rd (Q),Q,Brooklyn,Metrocard - Full Fare,16,0,40.64092636,-73.96389008,POINT (-73.9638900756836 40.640926361083984)
2024-06-12 13:40:01,344.MTA_ConsumeLineQV2.INFO Row ingested: 02/01/22 4:00:00,subway,46,Cortelyou Rd (Q),Q,Brooklyn,Metrocard - Full Fare,16,0,40.64092636,-73.96389008,POINT (-73.9638900756836 40.640926361083984)
2024-06-12 13:40:01,345.MTA_ConsumeLineQV2.INFO  [x] Done.
2024-06-12 13:40:01,355.MTA_ConsumeLineQV2.INFO 02/01/22 4:00:00,subway,46,Cortelyou Rd (Q),Q,Brooklyn,Metrocard - Seniors & Disability,1,0,40.64092636,-73.96389008,POINT (-73.9638900756836 40.640926361083984)
2024-06-12 13:40:01,355.MTA_ConsumeLineQV2.INFO Row ingested: 02/01/22 4:00:00,subway,46,Cortelyou Rd (Q),Q,Brooklyn,Metrocard - Seniors & Disability,1,0,40.64092636,-73.96389008,POINT (-73.9638900756836 40.640926361083984)
2024-06-12 13:40:01,356.MTA_ConsumeLineQV2.INFO  [x] Done.
2024-06-12 13:40:01,359.MTA_ConsumeLineQV2.INFO 02/01/22 4:00:00,subway,46,Cortelyou Rd (Q),Q,Brooklyn,Metrocard - Other,3,0,40.64092636,-73.96389008,POINT (-73.9638900756836 40.640926361083984)
2024-06-12 13:40:01,359.MTA_ConsumeLineQV2.INFO Row ingested: 02/01/22 4:00:00,subway,46,Cortelyou Rd (Q),Q,Brooklyn,Metrocard - Other,3,0,40.64092636,-73.96389008,POINT (-73.9638900756836 40.640926361083984)
2024-06-12 13:40:01,366.MTA_ConsumeLineQV2.INFO  [x] Done.
2024-06-12 13:40:01,372.MTA_ConsumeLineQV2.INFO 02/01/22 4:00:00,subway,46,Cortelyou Rd (Q),Q,Brooklyn,Metrocard - Unlimited 30-Day,2,0,40.64092636,-73.96389008,POINT (-73.9638900756836 40.640926361083984)
2024-06-12 13:40:01,372.MTA_ConsumeLineQV2.INFO Row ingested: 02/01/22 4:00:00,subway,46,Cortelyou Rd (Q),Q,Brooklyn,Metrocard - Unlimited 30-Day,2,0,40.64092636,-73.96389008,POINT (-73.9638900756836 40.640926361083984)
2024-06-12 13:40:01,375.MTA_ConsumeLineQV2.INFO  [x] Done.
2024-06-12 13:40:01,384.MTA_ConsumeLineQV2.INFO 02/01/22 4:00:00,subway,46,Cortelyou Rd (Q),Q,Brooklyn,Metrocard - Unlimited 7-Day,8,0,40.64092636,-73.96389008,POINT (-73.9638900756836 40.640926361083984)
2024-06-12 13:40:01,385.MTA_ConsumeLineQV2.INFO Row ingested: 02/01/22 4:00:00,subway,46,Cortelyou Rd (Q),Q,Brooklyn,Metrocard - Unlimited 7-Day,8,0,40.64092636,-73.96389008,POINT (-73.9638900756836 40.640926361083984)
2024-06-12 13:40:01,385.MTA_ConsumeLineQV2.INFO  [x] Done.
2024-06-12 13:40:01,528.MTA_ConsumeLineQV2.INFO 02/01/22 4:00:00,subway,47,Newkirk Plaza (B,Q),Q,Brooklyn,Metrocard - Fair Fare,2,0,40.63508224,-73.96279144,POINT (-73.9627914428711 40.63508224487305)
2024-06-12 13:40:01,530.MTA_ConsumeLineQV2.INFO Row ingested: 02/01/22 4:00:00,subway,47,Newkirk Plaza (B,Q),Q,Brooklyn,Metrocard - Fair Fare,2,0,40.63508224,-73.96279144,POINT (-73.9627914428711 40.63508224487305)
2024-06-12 13:40:01,531.MTA_ConsumeLineQV2.INFO  [x] Done.
2024-06-12 13:40:01,778.MTA_ConsumeLineQV2.INFO 02/01/22 5:00:00,subway,45,Beverley Rd (Q),Q,Brooklyn,Metrocard - Full Fare,18,0,40.64403152,-73.9644928,POINT (-73.96449279785156 40.6440315246582)
2024-06-12 13:40:01,782.MTA_ConsumeLineQV2.INFO Row ingested: 02/01/22 5:00:00,subway,45,Beverley Rd (Q),Q,Brooklyn,Metrocard - Full Fare,18,0,40.64403152,-73.9644928,POINT (-73.96449279785156 40.6440315246582)
2024-06-12 13:40:01,782.MTA_ConsumeLineQV2.INFO  [x] Done.
2024-06-12 13:40:01,790.MTA_ConsumeLineQV2.INFO 02/01/22 5:00:00,subway,45,Beverley Rd (Q),Q,Brooklyn,Metrocard - Seniors & Disability,3,0,40.64403152,-73.9644928,POINT (-73.96449279785156 40.6440315246582)
2024-06-12 13:40:01,791.MTA_ConsumeLineQV2.INFO Row ingested: 02/01/22 5:00:00,subway,45,Beverley Rd (Q),Q,Brooklyn,Metrocard - Seniors & Disability,3,0,40.64403152,-73.9644928,POINT (-73.96449279785156 40.6440315246582)
2024-06-12 13:40:01,792.MTA_ConsumeLineQV2.INFO  [x] Done.
2024-06-12 13:40:01,799.MTA_ConsumeLineQV2.INFO 02/01/22 5:00:00,subway,45,Beverley Rd (Q),Q,Brooklyn,Metrocard - Other,9,0,40.64403152,-73.9644928,POINT (-73.96449279785156 40.6440315246582)
2024-06-12 13:40:01,799.MTA_ConsumeLineQV2.INFO Row ingested: 02/01/22 5:00:00,subway,45,Beverley Rd (Q),Q,Brooklyn,Metrocard - Other,9,0,40.64403152,-73.9644928,POINT (-73.96449279785156 40.6440315246582)
2024-06-12 13:40:01,799.MTA_ConsumeLineQV2.INFO  [x] Done.
2024-06-12 13:40:01,810.MTA_ConsumeLineQV2.INFO 02/01/22 5:00:00,subway,45,Beverley Rd (Q),Q,Brooklyn,Metrocard - Unlimited 30-Day,11,0,40.64403152,-73.9644928,POINT (-73.96449279785156 40.6440315246582)
2024-06-12 13:40:01,811.MTA_ConsumeLineQV2.INFO Row ingested: 02/01/22 5:00:00,subway,45,Beverley Rd (Q),Q,Brooklyn,Metrocard - Unlimited 30-Day,11,0,40.64403152,-73.9644928,POINT (-73.96449279785156 40.6440315246582)
2024-06-12 13:40:01,813.MTA_ConsumeLineQV2.INFO  [x] Done.
2024-06-12 13:40:01,821.MTA_ConsumeLineQV2.INFO 02/01/22 5:00:00,subway,45,Beverley Rd (Q),Q,Brooklyn,Metrocard - Unlimited 7-Day,10,0,40.64403152,-73.9644928,POINT (-73.96449279785156 40.6440315246582)
2024-06-12 13:40:01,822.MTA_ConsumeLineQV2.INFO Row ingested: 02/01/22 5:00:00,subway,45,Beverley Rd (Q),Q,Brooklyn,Metrocard - Unlimited 7-Day,10,0,40.64403152,-73.9644928,POINT (-73.96449279785156 40.6440315246582)
2024-06-12 13:40:01,822.MTA_ConsumeLineQV2.INFO  [x] Done.
2024-06-12 13:40:02,408.MTA_ConsumeLineQV2.INFO 02/01/22 5:00:00,subway,46,Cortelyou Rd (Q),Q,Brooklyn,Metrocard - Fair Fare,3,0,40.64092636,-73.96389008,POINT (-73.9638900756836 40.640926361083984)
2024-06-12 13:40:02,409.MTA_ConsumeLineQV2.INFO Row ingested: 02/01/22 5:00:00,subway,46,Cortelyou Rd (Q),Q,Brooklyn,Metrocard - Fair Fare,3,0,40.64092636,-73.96389008,POINT (-73.9638900756836 40.640926361083984)
2024-06-12 13:40:02,410.MTA_ConsumeLineQV2.INFO  [x] Done.
2024-06-12 13:40:02,416.MTA_ConsumeLineQV2.INFO 02/01/22 5:00:00,subway,46,Cortelyou Rd (Q),Q,Brooklyn,Metrocard - Full Fare,40,0,40.64092636,-73.96389008,POINT (-73.9638900756836 40.640926361083984)
2024-06-12 13:40:02,416.MTA_ConsumeLineQV2.INFO Row ingested: 02/01/22 5:00:00,subway,46,Cortelyou Rd (Q),Q,Brooklyn,Metrocard - Full Fare,40,0,40.64092636,-73.96389008,POINT (-73.9638900756836 40.640926361083984)
2024-06-12 13:40:02,416.MTA_ConsumeLineQV2.INFO  [x] Done.
2024-06-12 13:40:02,427.MTA_ConsumeLineQV2.INFO 02/01/22 5:00:00,subway,46,Cortelyou Rd (Q),Q,Brooklyn,Metrocard - Other,7,0,40.64092636,-73.96389008,POINT (-73.9638900756836 40.640926361083984)
2024-06-12 13:40:02,427.MTA_ConsumeLineQV2.INFO Row ingested: 02/01/22 5:00:00,subway,46,Cortelyou Rd (Q),Q,Brooklyn,Metrocard - Other,7,0,40.64092636,-73.96389008,POINT (-73.9638900756836 40.640926361083984)
2024-06-12 13:40:02,430.MTA_ConsumeLineQV2.INFO  [x] Done.
2024-06-12 13:40:02,439.MTA_ConsumeLineQV2.INFO 02/01/22 5:00:00,subway,46,Cortelyou Rd (Q),Q,Brooklyn,Metrocard - Seniors & Disability,9,1,40.64092636,-73.96389008,POINT (-73.9638900756836 40.640926361083984)
2024-06-12 13:40:02,439.MTA_ConsumeLineQV2.INFO Row ingested: 02/01/22 5:00:00,subway,46,Cortelyou Rd (Q),Q,Brooklyn,Metrocard - Seniors & Disability,9,1,40.64092636,-73.96389008,POINT (-73.9638900756836 40.640926361083984)
2024-06-12 13:40:02,440.MTA_ConsumeLineQV2.INFO  [x] Done.
2024-06-12 13:40:02,442.MTA_ConsumeLineQV2.INFO 02/01/22 5:00:00,subway,46,Cortelyou Rd (Q),Q,Brooklyn,Metrocard - Unlimited 7-Day,19,0,40.64092636,-73.96389008,POINT (-73.9638900756836 40.640926361083984)
2024-06-12 13:40:02,448.MTA_ConsumeLineQV2.INFO Row ingested: 02/01/22 5:00:00,subway,46,Cortelyou Rd (Q),Q,Brooklyn,Metrocard - Unlimited 7-Day,19,0,40.64092636,-73.96389008,POINT (-73.9638900756836 40.640926361083984)
2024-06-12 13:40:02,449.MTA_ConsumeLineQV2.INFO  [x] Done.
2024-06-12 13:40:02,455.MTA_ConsumeLineQV2.INFO 02/01/22 5:00:00,subway,46,Cortelyou Rd (Q),Q,Brooklyn,Metrocard - Unlimited 30-Day,12,0,40.64092636,-73.96389008,POINT (-73.9638900756836 40.640926361083984)
2024-06-12 13:40:02,455.MTA_ConsumeLineQV2.INFO Row ingested: 02/01/22 5:00:00,subway,46,Cortelyou Rd (Q),Q,Brooklyn,Metrocard - Unlimited 30-Day,12,0,40.64092636,-73.96389008,POINT (-73.9638900756836 40.640926361083984)
2024-06-12 13:40:02,460.MTA_ConsumeLineQV2.INFO  [x] Done.
2024-06-12 13:40:02,632.MTA_ConsumeLineQV2.INFO 02/01/22 5:00:00,subway,47,Newkirk Plaza (B,Q),Q,Brooklyn,Metrocard - Fair Fare,3,0,40.63508224,-73.96279144,POINT (-73.9627914428711 40.63508224487305)
2024-06-12 13:40:02,632.MTA_ConsumeLineQV2.INFO Row ingested: 02/01/22 5:00:00,subway,47,Newkirk Plaza (B,Q),Q,Brooklyn,Metrocard - Fair Fare,3,0,40.63508224,-73.96279144,POINT (-73.9627914428711 40.63508224487305)
2024-06-12 13:40:02,632.MTA_ConsumeLineQV2.INFO  [x] Done.
2024-06-12 13:40:02,958.MTA_ConsumeLineQV2.INFO 02/01/22 6:00:00,subway,45,Beverley Rd (Q),Q,Brooklyn,Metrocard - Full Fare,40,0,40.64403152,-73.9644928,POINT (-73.96449279785156 40.6440315246582)
2024-06-12 13:40:02,958.MTA_ConsumeLineQV2.INFO Row ingested: 02/01/22 6:00:00,subway,45,Beverley Rd (Q),Q,Brooklyn,Metrocard - Full Fare,40,0,40.64403152,-73.9644928,POINT (-73.96449279785156 40.6440315246582)
2024-06-12 13:40:02,961.MTA_ConsumeLineQV2.INFO  [x] Done.
2024-06-12 13:40:02,970.MTA_ConsumeLineQV2.INFO 02/01/22 6:00:00,subway,45,Beverley Rd (Q),Q,Brooklyn,Metrocard - Fair Fare,6,0,40.64403152,-73.9644928,POINT (-73.96449279785156 40.6440315246582)
2024-06-12 13:40:02,970.MTA_ConsumeLineQV2.INFO Row ingested: 02/01/22 6:00:00,subway,45,Beverley Rd (Q),Q,Brooklyn,Metrocard - Fair Fare,6,0,40.64403152,-73.9644928,POINT (-73.96449279785156 40.6440315246582)
2024-06-12 13:40:02,971.MTA_ConsumeLineQV2.INFO  [x] Done.
2024-06-12 13:40:02,974.MTA_ConsumeLineQV2.INFO 02/01/22 6:00:00,subway,45,Beverley Rd (Q),Q,Brooklyn,Metrocard - Other,5,0,40.64403152,-73.9644928,POINT (-73.96449279785156 40.6440315246582)
2024-06-12 13:40:02,980.MTA_ConsumeLineQV2.INFO Row ingested: 02/01/22 6:00:00,subway,45,Beverley Rd (Q),Q,Brooklyn,Metrocard - Other,5,0,40.64403152,-73.9644928,POINT (-73.96449279785156 40.6440315246582)
2024-06-12 13:40:02,980.MTA_ConsumeLineQV2.INFO  [x] Done.
2024-06-12 13:40:02,986.MTA_ConsumeLineQV2.INFO 02/01/22 6:00:00,subway,45,Beverley Rd (Q),Q,Brooklyn,Metrocard - Students,4,0,40.64403152,-73.9644928,POINT (-73.96449279785156 40.6440315246582)
2024-06-12 13:40:02,986.MTA_ConsumeLineQV2.INFO Row ingested: 02/01/22 6:00:00,subway,45,Beverley Rd (Q),Q,Brooklyn,Metrocard - Students,4,0,40.64403152,-73.9644928,POINT (-73.96449279785156 40.6440315246582)
2024-06-12 13:40:02,990.MTA_ConsumeLineQV2.INFO  [x] Done.
2024-06-12 13:40:02,998.MTA_ConsumeLineQV2.INFO 02/01/22 6:00:00,subway,45,Beverley Rd (Q),Q,Brooklyn,Metrocard - Seniors & Disability,5,0,40.64403152,-73.9644928,POINT (-73.96449279785156 40.6440315246582)
2024-06-12 13:40:02,998.MTA_ConsumeLineQV2.INFO Row ingested: 02/01/22 6:00:00,subway,45,Beverley Rd (Q),Q,Brooklyn,Metrocard - Seniors & Disability,5,0,40.64403152,-73.9644928,POINT (-73.96449279785156 40.6440315246582)
2024-06-12 13:40:02,999.MTA_ConsumeLineQV2.INFO  [x] Done.
2024-06-12 13:40:03,007.MTA_ConsumeLineQV2.INFO 02/01/22 6:00:00,subway,45,Beverley Rd (Q),Q,Brooklyn,Metrocard - Unlimited 30-Day,25,0,40.64403152,-73.9644928,POINT (-73.96449279785156 40.6440315246582)
2024-06-12 13:40:03,009.MTA_ConsumeLineQV2.INFO Row ingested: 02/01/22 6:00:00,subway,45,Beverley Rd (Q),Q,Brooklyn,Metrocard - Unlimited 30-Day,25,0,40.64403152,-73.9644928,POINT (-73.96449279785156 40.6440315246582)
2024-06-12 13:40:03,009.MTA_ConsumeLineQV2.INFO  [x] Done.
2024-06-12 13:40:03,016.MTA_ConsumeLineQV2.INFO 02/01/22 6:00:00,subway,45,Beverley Rd (Q),Q,Brooklyn,Metrocard - Unlimited 7-Day,18,0,40.64403152,-73.9644928,POINT (-73.96449279785156 40.6440315246582)
2024-06-12 13:40:03,016.MTA_ConsumeLineQV2.INFO Row ingested: 02/01/22 6:00:00,subway,45,Beverley Rd (Q),Q,Brooklyn,Metrocard - Unlimited 7-Day,18,0,40.64403152,-73.9644928,POINT (-73.96449279785156 40.6440315246582)
2024-06-12 13:40:03,020.MTA_ConsumeLineQV2.INFO  [x] Done.
2024-06-12 13:40:03,616.MTA_ConsumeLineQV2.INFO 02/01/22 6:00:00,subway,46,Cortelyou Rd (Q),Q,Brooklyn,Metrocard - Fair Fare,6,0,40.64092636,-73.96389008,POINT (-73.9638900756836 40.640926361083984)
2024-06-12 13:40:03,621.MTA_ConsumeLineQV2.INFO Row ingested: 02/01/22 6:00:00,subway,46,Cortelyou Rd (Q),Q,Brooklyn,Metrocard - Fair Fare,6,0,40.64092636,-73.96389008,POINT (-73.9638900756836 40.640926361083984)
2024-06-12 13:40:03,622.MTA_ConsumeLineQV2.INFO  [x] Done.
2024-06-12 13:40:03,637.MTA_ConsumeLineQV2.INFO 02/01/22 6:00:00,subway,46,Cortelyou Rd (Q),Q,Brooklyn,Metrocard - Seniors & Disability,11,0,40.64092636,-73.96389008,POINT (-73.9638900756836 40.640926361083984)
2024-06-12 13:40:03,637.MTA_ConsumeLineQV2.INFO Row ingested: 02/01/22 6:00:00,subway,46,Cortelyou Rd (Q),Q,Brooklyn,Metrocard - Seniors & Disability,11,0,40.64092636,-73.96389008,POINT (-73.9638900756836 40.640926361083984)
2024-06-12 13:40:03,640.MTA_ConsumeLineQV2.INFO  [x] Done.
2024-06-12 13:40:03,649.MTA_ConsumeLineQV2.INFO 02/01/22 6:00:00,subway,46,Cortelyou Rd (Q),Q,Brooklyn,Metrocard - Full Fare,89,1,40.64092636,-73.96389008,POINT (-73.9638900756836 40.640926361083984)
2024-06-12 13:40:03,649.MTA_ConsumeLineQV2.INFO Row ingested: 02/01/22 6:00:00,subway,46,Cortelyou Rd (Q),Q,Brooklyn,Metrocard - Full Fare,89,1,40.64092636,-73.96389008,POINT (-73.9638900756836 40.640926361083984)
2024-06-12 13:40:03,650.MTA_ConsumeLineQV2.INFO  [x] Done.
2024-06-12 13:40:03,655.MTA_ConsumeLineQV2.INFO 02/01/22 6:00:00,subway,46,Cortelyou Rd (Q),Q,Brooklyn,Metrocard - Other,16,0,40.64092636,-73.96389008,POINT (-73.9638900756836 40.640926361083984)
2024-06-12 13:40:03,655.MTA_ConsumeLineQV2.INFO Row ingested: 02/01/22 6:00:00,subway,46,Cortelyou Rd (Q),Q,Brooklyn,Metrocard - Other,16,0,40.64092636,-73.96389008,POINT (-73.9638900756836 40.640926361083984)
2024-06-12 13:40:03,661.MTA_ConsumeLineQV2.INFO  [x] Done.
2024-06-12 13:40:03,668.MTA_ConsumeLineQV2.INFO 02/01/22 6:00:00,subway,46,Cortelyou Rd (Q),Q,Brooklyn,Metrocard - Unlimited 7-Day,36,0,40.64092636,-73.96389008,POINT (-73.9638900756836 40.640926361083984)
2024-06-12 13:40:03,669.MTA_ConsumeLineQV2.INFO Row ingested: 02/01/22 6:00:00,subway,46,Cortelyou Rd (Q),Q,Brooklyn,Metrocard - Unlimited 7-Day,36,0,40.64092636,-73.96389008,POINT (-73.9638900756836 40.640926361083984)
2024-06-12 13:40:03,670.MTA_ConsumeLineQV2.INFO  [x] Done.
2024-06-12 13:40:03,673.MTA_ConsumeLineQV2.INFO 02/01/22 6:00:00,subway,46,Cortelyou Rd (Q),Q,Brooklyn,Metrocard - Unlimited 30-Day,37,0,40.64092636,-73.96389008,POINT (-73.9638900756836 40.640926361083984)
2024-06-12 13:40:03,673.MTA_ConsumeLineQV2.INFO Row ingested: 02/01/22 6:00:00,subway,46,Cortelyou Rd (Q),Q,Brooklyn,Metrocard - Unlimited 30-Day,37,0,40.64092636,-73.96389008,POINT (-73.9638900756836 40.640926361083984)
2024-06-12 13:40:03,679.MTA_ConsumeLineQV2.INFO  [x] Done.
2024-06-12 13:40:03,685.MTA_ConsumeLineQV2.INFO 02/01/22 6:00:00,subway,46,Cortelyou Rd (Q),Q,Brooklyn,Metrocard - Students,3,0,40.64092636,-73.96389008,POINT (-73.9638900756836 40.640926361083984)
2024-06-12 13:40:03,685.MTA_ConsumeLineQV2.INFO Row ingested: 02/01/22 6:00:00,subway,46,Cortelyou Rd (Q),Q,Brooklyn,Metrocard - Students,3,0,40.64092636,-73.96389008,POINT (-73.9638900756836 40.640926361083984)
2024-06-12 13:40:03,689.MTA_ConsumeLineQV2.INFO  [x] Done.
2024-06-12 13:40:03,942.MTA_ConsumeLineQV2.INFO 02/01/22 6:00:00,subway,47,Newkirk Plaza (B,Q),Q,Brooklyn,Metrocard - Fair Fare,16,1,40.63508224,-73.96279144,POINT (-73.9627914428711 40.63508224487305)
2024-06-12 13:40:03,944.MTA_ConsumeLineQV2.INFO Row ingested: 02/01/22 6:00:00,subway,47,Newkirk Plaza (B,Q),Q,Brooklyn,Metrocard - Fair Fare,16,1,40.63508224,-73.96279144,POINT (-73.9627914428711 40.63508224487305)
2024-06-12 13:40:03,945.MTA_ConsumeLineQV2.INFO  [x] Done.
2024-06-12 13:40:04,211.MTA_ConsumeLineQV2.INFO 02/01/22 7:00:00,subway,45,Beverley Rd (Q),Q,Brooklyn,Metrocard - Fair Fare,4,0,40.64403152,-73.9644928,POINT (-73.96449279785156 40.6440315246582)
2024-06-12 13:40:04,211.MTA_ConsumeLineQV2.INFO Row ingested: 02/01/22 7:00:00,subway,45,Beverley Rd (Q),Q,Brooklyn,Metrocard - Fair Fare,4,0,40.64403152,-73.9644928,POINT (-73.96449279785156 40.6440315246582)
2024-06-12 13:40:04,216.MTA_ConsumeLineQV2.INFO  [x] Done.
2024-06-12 13:40:04,223.MTA_ConsumeLineQV2.INFO 02/01/22 7:00:00,subway,45,Beverley Rd (Q),Q,Brooklyn,Metrocard - Full Fare,75,0,40.64403152,-73.9644928,POINT (-73.96449279785156 40.6440315246582)
2024-06-12 13:40:04,223.MTA_ConsumeLineQV2.INFO Row ingested: 02/01/22 7:00:00,subway,45,Beverley Rd (Q),Q,Brooklyn,Metrocard - Full Fare,75,0,40.64403152,-73.9644928,POINT (-73.96449279785156 40.6440315246582)
2024-06-12 13:40:04,224.MTA_ConsumeLineQV2.INFO  [x] Done.
2024-06-12 13:40:04,232.MTA_ConsumeLineQV2.INFO 02/01/22 7:00:00,subway,45,Beverley Rd (Q),Q,Brooklyn,Metrocard - Students,7,0,40.64403152,-73.9644928,POINT (-73.96449279785156 40.6440315246582)
2024-06-12 13:40:04,232.MTA_ConsumeLineQV2.INFO Row ingested: 02/01/22 7:00:00,subway,45,Beverley Rd (Q),Q,Brooklyn,Metrocard - Students,7,0,40.64403152,-73.9644928,POINT (-73.96449279785156 40.6440315246582)
2024-06-12 13:40:04,232.MTA_ConsumeLineQV2.INFO  [x] Done.
2024-06-12 13:40:04,232.MTA_ConsumeLineQV2.INFO 02/01/22 7:00:00,subway,45,Beverley Rd (Q),Q,Brooklyn,Metrocard - Seniors & Disability,12,0,40.64403152,-73.9644928,POINT (-73.96449279785156 40.6440315246582)
2024-06-12 13:40:04,232.MTA_ConsumeLineQV2.INFO Row ingested: 02/01/22 7:00:00,subway,45,Beverley Rd (Q),Q,Brooklyn,Metrocard - Seniors & Disability,12,0,40.64403152,-73.9644928,POINT (-73.96449279785156 40.6440315246582)
2024-06-12 13:40:04,232.MTA_ConsumeLineQV2.INFO  [x] Done.
2024-06-12 13:40:04,249.MTA_ConsumeLineQV2.INFO 02/01/22 7:00:00,subway,45,Beverley Rd (Q),Q,Brooklyn,Metrocard - Other,9,0,40.64403152,-73.9644928,POINT (-73.96449279785156 40.6440315246582)
2024-06-12 13:40:04,249.MTA_ConsumeLineQV2.INFO Row ingested: 02/01/22 7:00:00,subway,45,Beverley Rd (Q),Q,Brooklyn,Metrocard - Other,9,0,40.64403152,-73.9644928,POINT (-73.96449279785156 40.6440315246582)
2024-06-12 13:40:04,249.MTA_ConsumeLineQV2.INFO  [x] Done.
2024-06-12 13:40:04,263.MTA_ConsumeLineQV2.INFO 02/01/22 7:00:00,subway,45,Beverley Rd (Q),Q,Brooklyn,Metrocard - Unlimited 7-Day,24,0,40.64403152,-73.9644928,POINT (-73.96449279785156 40.6440315246582)
2024-06-12 13:40:04,264.MTA_ConsumeLineQV2.INFO Row ingested: 02/01/22 7:00:00,subway,45,Beverley Rd (Q),Q,Brooklyn,Metrocard - Unlimited 7-Day,24,0,40.64403152,-73.9644928,POINT (-73.96449279785156 40.6440315246582)
2024-06-12 13:40:04,265.MTA_ConsumeLineQV2.INFO  [x] Done.
2024-06-12 13:40:04,272.MTA_ConsumeLineQV2.INFO 02/01/22 7:00:00,subway,45,Beverley Rd (Q),Q,Brooklyn,Metrocard - Unlimited 30-Day,49,0,40.64403152,-73.9644928,POINT (-73.96449279785156 40.6440315246582)
2024-06-12 13:40:04,272.MTA_ConsumeLineQV2.INFO Row ingested: 02/01/22 7:00:00,subway,45,Beverley Rd (Q),Q,Brooklyn,Metrocard - Unlimited 30-Day,49,0,40.64403152,-73.9644928,POINT (-73.96449279785156 40.6440315246582)
2024-06-12 13:40:04,274.MTA_ConsumeLineQV2.INFO  [x] Done.
2024-06-12 13:40:04,868.MTA_ConsumeLineQV2.INFO 02/01/22 7:00:00,subway,46,Cortelyou Rd (Q),Q,Brooklyn,Metrocard - Fair Fare,14,0,40.64092636,-73.96389008,POINT (-73.9638900756836 40.640926361083984)
2024-06-12 13:40:04,868.MTA_ConsumeLineQV2.INFO Row ingested: 02/01/22 7:00:00,subway,46,Cortelyou Rd (Q),Q,Brooklyn,Metrocard - Fair Fare,14,0,40.64092636,-73.96389008,POINT (-73.9638900756836 40.640926361083984)
2024-06-12 13:40:04,873.MTA_ConsumeLineQV2.INFO  [x] Done.
2024-06-12 13:40:04,887.MTA_ConsumeLineQV2.INFO 02/01/22 7:00:00,subway,46,Cortelyou Rd (Q),Q,Brooklyn,Metrocard - Seniors & Disability,12,0,40.64092636,-73.96389008,POINT (-73.9638900756836 40.640926361083984)
2024-06-12 13:40:04,887.MTA_ConsumeLineQV2.INFO Row ingested: 02/01/22 7:00:00,subway,46,Cortelyou Rd (Q),Q,Brooklyn,Metrocard - Seniors & Disability,12,0,40.64092636,-73.96389008,POINT (-73.9638900756836 40.640926361083984)
2024-06-12 13:40:04,890.MTA_ConsumeLineQV2.INFO  [x] Done.
2024-06-12 13:40:04,900.MTA_ConsumeLineQV2.INFO 02/01/22 7:00:00,subway,46,Cortelyou Rd (Q),Q,Brooklyn,Metrocard - Full Fare,125,4,40.64092636,-73.96389008,POINT (-73.9638900756836 40.640926361083984)
2024-06-12 13:40:04,900.MTA_ConsumeLineQV2.INFO Row ingested: 02/01/22 7:00:00,subway,46,Cortelyou Rd (Q),Q,Brooklyn,Metrocard - Full Fare,125,4,40.64092636,-73.96389008,POINT (-73.9638900756836 40.640926361083984)
2024-06-12 13:40:04,901.MTA_ConsumeLineQV2.INFO  [x] Done.
2024-06-12 13:40:04,905.MTA_ConsumeLineQV2.INFO 02/01/22 7:00:00,subway,46,Cortelyou Rd (Q),Q,Brooklyn,Metrocard - Other,19,0,40.64092636,-73.96389008,POINT (-73.9638900756836 40.640926361083984)
2024-06-12 13:40:04,905.MTA_ConsumeLineQV2.INFO Row ingested: 02/01/22 7:00:00,subway,46,Cortelyou Rd (Q),Q,Brooklyn,Metrocard - Other,19,0,40.64092636,-73.96389008,POINT (-73.9638900756836 40.640926361083984)
2024-06-12 13:40:04,911.MTA_ConsumeLineQV2.INFO  [x] Done.
2024-06-12 13:40:04,919.MTA_ConsumeLineQV2.INFO 02/01/22 7:00:00,subway,46,Cortelyou Rd (Q),Q,Brooklyn,Metrocard - Unlimited 30-Day,76,0,40.64092636,-73.96389008,POINT (-73.9638900756836 40.640926361083984)
2024-06-12 13:40:04,919.MTA_ConsumeLineQV2.INFO Row ingested: 02/01/22 7:00:00,subway,46,Cortelyou Rd (Q),Q,Brooklyn,Metrocard - Unlimited 30-Day,76,0,40.64092636,-73.96389008,POINT (-73.9638900756836 40.640926361083984)
2024-06-12 13:40:04,920.MTA_ConsumeLineQV2.INFO  [x] Done.
2024-06-12 13:40:04,923.MTA_ConsumeLineQV2.INFO 02/01/22 7:00:00,subway,46,Cortelyou Rd (Q),Q,Brooklyn,Metrocard - Unlimited 7-Day,55,0,40.64092636,-73.96389008,POINT (-73.9638900756836 40.640926361083984)
2024-06-12 13:40:04,923.MTA_ConsumeLineQV2.INFO Row ingested: 02/01/22 7:00:00,subway,46,Cortelyou Rd (Q),Q,Brooklyn,Metrocard - Unlimited 7-Day,55,0,40.64092636,-73.96389008,POINT (-73.9638900756836 40.640926361083984)
2024-06-12 13:40:04,929.MTA_ConsumeLineQV2.INFO  [x] Done.
2024-06-12 13:40:04,936.MTA_ConsumeLineQV2.INFO 02/01/22 7:00:00,subway,46,Cortelyou Rd (Q),Q,Brooklyn,Metrocard - Students,18,0,40.64092636,-73.96389008,POINT (-73.9638900756836 40.640926361083984)
2024-06-12 13:40:04,941.MTA_ConsumeLineQV2.INFO Row ingested: 02/01/22 7:00:00,subway,46,Cortelyou Rd (Q),Q,Brooklyn,Metrocard - Students,18,0,40.64092636,-73.96389008,POINT (-73.9638900756836 40.640926361083984)
2024-06-12 13:40:04,941.MTA_ConsumeLineQV2.INFO  [x] Done.
2024-06-12 13:40:05,194.MTA_ConsumeLineQV2.INFO 02/01/22 7:00:00,subway,47,Newkirk Plaza (B,Q),Q,Brooklyn,Metrocard - Fair Fare,22,0,40.63508224,-73.96279144,POINT (-73.9627914428711 40.63508224487305)
2024-06-12 13:40:05,196.MTA_ConsumeLineQV2.INFO Row ingested: 02/01/22 7:00:00,subway,47,Newkirk Plaza (B,Q),Q,Brooklyn,Metrocard - Fair Fare,22,0,40.63508224,-73.96279144,POINT (-73.9627914428711 40.63508224487305)
2024-06-12 13:40:05,197.MTA_ConsumeLineQV2.INFO  [x] Done.
2024-06-12 13:40:05,484.MTA_ConsumeLineQV2.INFO 02/01/22 8:00:00,subway,45,Beverley Rd (Q),Q,Brooklyn,Metrocard - Full Fare,64,0,40.64403152,-73.9644928,POINT (-73.96449279785156 40.6440315246582)
2024-06-12 13:40:05,489.MTA_ConsumeLineQV2.INFO Row ingested: 02/01/22 8:00:00,subway,45,Beverley Rd (Q),Q,Brooklyn,Metrocard - Full Fare,64,0,40.64403152,-73.9644928,POINT (-73.96449279785156 40.6440315246582)
2024-06-12 13:40:05,490.MTA_ConsumeLineQV2.INFO  [x] Done.
2024-06-12 13:40:05,498.MTA_ConsumeLineQV2.INFO 02/01/22 8:00:00,subway,45,Beverley Rd (Q),Q,Brooklyn,Metrocard - Fair Fare,5,0,40.64403152,-73.9644928,POINT (-73.96449279785156 40.6440315246582)
2024-06-12 13:40:05,499.MTA_ConsumeLineQV2.INFO Row ingested: 02/01/22 8:00:00,subway,45,Beverley Rd (Q),Q,Brooklyn,Metrocard - Fair Fare,5,0,40.64403152,-73.9644928,POINT (-73.96449279785156 40.6440315246582)
2024-06-12 13:40:05,499.MTA_ConsumeLineQV2.INFO  [x] Done.
2024-06-12 13:40:05,506.MTA_ConsumeLineQV2.INFO 02/01/22 8:00:00,subway,45,Beverley Rd (Q),Q,Brooklyn,Metrocard - Seniors & Disability,4,0,40.64403152,-73.9644928,POINT (-73.96449279785156 40.6440315246582)
2024-06-12 13:40:05,506.MTA_ConsumeLineQV2.INFO Row ingested: 02/01/22 8:00:00,subway,45,Beverley Rd (Q),Q,Brooklyn,Metrocard - Seniors & Disability,4,0,40.64403152,-73.9644928,POINT (-73.96449279785156 40.6440315246582)
2024-06-12 13:40:05,510.MTA_ConsumeLineQV2.INFO  [x] Done.
2024-06-12 13:40:05,516.MTA_ConsumeLineQV2.INFO 02/01/22 8:00:00,subway,45,Beverley Rd (Q),Q,Brooklyn,Metrocard - Other,11,0,40.64403152,-73.9644928,POINT (-73.96449279785156 40.6440315246582)
2024-06-12 13:40:05,516.MTA_ConsumeLineQV2.INFO Row ingested: 02/01/22 8:00:00,subway,45,Beverley Rd (Q),Q,Brooklyn,Metrocard - Other,11,0,40.64403152,-73.9644928,POINT (-73.96449279785156 40.6440315246582)
2024-06-12 13:40:05,521.MTA_ConsumeLineQV2.INFO  [x] Done.
2024-06-12 13:40:05,527.MTA_ConsumeLineQV2.INFO 02/01/22 8:00:00,subway,45,Beverley Rd (Q),Q,Brooklyn,Metrocard - Students,3,0,40.64403152,-73.9644928,POINT (-73.96449279785156 40.6440315246582)
2024-06-12 13:40:05,530.MTA_ConsumeLineQV2.INFO Row ingested: 02/01/22 8:00:00,subway,45,Beverley Rd (Q),Q,Brooklyn,Metrocard - Students,3,0,40.64403152,-73.9644928,POINT (-73.96449279785156 40.6440315246582)
2024-06-12 13:40:05,530.MTA_ConsumeLineQV2.INFO  [x] Done.
2024-06-12 13:40:05,532.MTA_ConsumeLineQV2.INFO 02/01/22 8:00:00,subway,45,Beverley Rd (Q),Q,Brooklyn,Metrocard - Unlimited 7-Day,30,0,40.64403152,-73.9644928,POINT (-73.96449279785156 40.6440315246582)
2024-06-12 13:40:05,541.MTA_ConsumeLineQV2.INFO Row ingested: 02/01/22 8:00:00,subway,45,Beverley Rd (Q),Q,Brooklyn,Metrocard - Unlimited 7-Day,30,0,40.64403152,-73.9644928,POINT (-73.96449279785156 40.6440315246582)
2024-06-12 13:40:05,541.MTA_ConsumeLineQV2.INFO  [x] Done.
2024-06-12 13:40:05,550.MTA_ConsumeLineQV2.INFO 02/01/22 8:00:00,subway,45,Beverley Rd (Q),Q,Brooklyn,Metrocard - Unlimited 30-Day,46,0,40.64403152,-73.9644928,POINT (-73.96449279785156 40.6440315246582)
2024-06-12 13:40:05,551.MTA_ConsumeLineQV2.INFO Row ingested: 02/01/22 8:00:00,subway,45,Beverley Rd (Q),Q,Brooklyn,Metrocard - Unlimited 30-Day,46,0,40.64403152,-73.9644928,POINT (-73.96449279785156 40.6440315246582)
2024-06-12 13:40:05,551.MTA_ConsumeLineQV2.INFO  [x] Done.
2024-06-12 13:40:06,182.MTA_ConsumeLineQV2.INFO 02/01/22 8:00:00,subway,46,Cortelyou Rd (Q),Q,Brooklyn,Metrocard - Fair Fare,13,0,40.64092636,-73.96389008,POINT (-73.9638900756836 40.640926361083984)
2024-06-12 13:40:06,182.MTA_ConsumeLineQV2.INFO Row ingested: 02/01/22 8:00:00,subway,46,Cortelyou Rd (Q),Q,Brooklyn,Metrocard - Fair Fare,13,0,40.64092636,-73.96389008,POINT (-73.9638900756836 40.640926361083984)
2024-06-12 13:40:06,193.MTA_ConsumeLineQV2.INFO  [x] Done.
2024-06-12 13:40:06,203.MTA_ConsumeLineQV2.INFO 02/01/22 8:00:00,subway,46,Cortelyou Rd (Q),Q,Brooklyn,Metrocard - Seniors & Disability,19,0,40.64092636,-73.96389008,POINT (-73.9638900756836 40.640926361083984)
2024-06-12 13:40:06,203.MTA_ConsumeLineQV2.INFO Row ingested: 02/01/22 8:00:00,subway,46,Cortelyou Rd (Q),Q,Brooklyn,Metrocard - Seniors & Disability,19,0,40.64092636,-73.96389008,POINT (-73.9638900756836 40.640926361083984)
2024-06-12 13:40:06,212.MTA_ConsumeLineQV2.INFO  [x] Done.
2024-06-12 13:40:06,215.MTA_ConsumeLineQV2.INFO 02/01/22 8:00:00,subway,46,Cortelyou Rd (Q),Q,Brooklyn,Metrocard - Other,19,0,40.64092636,-73.96389008,POINT (-73.9638900756836 40.640926361083984)
2024-06-12 13:40:06,221.MTA_ConsumeLineQV2.INFO Row ingested: 02/01/22 8:00:00,subway,46,Cortelyou Rd (Q),Q,Brooklyn,Metrocard - Other,19,0,40.64092636,-73.96389008,POINT (-73.9638900756836 40.640926361083984)
2024-06-12 13:40:06,222.MTA_ConsumeLineQV2.INFO  [x] Done.
2024-06-12 13:40:06,227.MTA_ConsumeLineQV2.INFO 02/01/22 8:00:00,subway,46,Cortelyou Rd (Q),Q,Brooklyn,Metrocard - Full Fare,170,1,40.64092636,-73.96389008,POINT (-73.9638900756836 40.640926361083984)
2024-06-12 13:40:06,227.MTA_ConsumeLineQV2.INFO Row ingested: 02/01/22 8:00:00,subway,46,Cortelyou Rd (Q),Q,Brooklyn,Metrocard - Full Fare,170,1,40.64092636,-73.96389008,POINT (-73.9638900756836 40.640926361083984)
2024-06-12 13:40:06,227.MTA_ConsumeLineQV2.INFO  [x] Done.
2024-06-12 13:40:06,245.MTA_ConsumeLineQV2.INFO 02/01/22 8:00:00,subway,46,Cortelyou Rd (Q),Q,Brooklyn,Metrocard - Unlimited 30-Day,102,0,40.64092636,-73.96389008,POINT (-73.9638900756836 40.640926361083984)
2024-06-12 13:40:06,245.MTA_ConsumeLineQV2.INFO Row ingested: 02/01/22 8:00:00,subway,46,Cortelyou Rd (Q),Q,Brooklyn,Metrocard - Unlimited 30-Day,102,0,40.64092636,-73.96389008,POINT (-73.9638900756836 40.640926361083984)
2024-06-12 13:40:06,247.MTA_ConsumeLineQV2.INFO  [x] Done.
2024-06-12 13:40:06,248.MTA_ConsumeLineQV2.INFO 02/01/22 8:00:00,subway,46,Cortelyou Rd (Q),Q,Brooklyn,Metrocard - Students,6,0,40.64092636,-73.96389008,POINT (-73.9638900756836 40.640926361083984)
2024-06-12 13:40:06,248.MTA_ConsumeLineQV2.INFO Row ingested: 02/01/22 8:00:00,subway,46,Cortelyou Rd (Q),Q,Brooklyn,Metrocard - Students,6,0,40.64092636,-73.96389008,POINT (-73.9638900756836 40.640926361083984)
2024-06-12 13:40:06,258.MTA_ConsumeLineQV2.INFO  [x] Done.
2024-06-12 13:40:06,264.MTA_ConsumeLineQV2.INFO 02/01/22 8:00:00,subway,46,Cortelyou Rd (Q),Q,Brooklyn,Metrocard - Unlimited 7-Day,55,0,40.64092636,-73.96389008,POINT (-73.9638900756836 40.640926361083984)
2024-06-12 13:40:06,264.MTA_ConsumeLineQV2.INFO Row ingested: 02/01/22 8:00:00,subway,46,Cortelyou Rd (Q),Q,Brooklyn,Metrocard - Unlimited 7-Day,55,0,40.64092636,-73.96389008,POINT (-73.9638900756836 40.640926361083984)
2024-06-12 13:40:06,264.MTA_ConsumeLineQV2.INFO  [x] Done.
2024-06-12 13:40:06,548.MTA_ConsumeLineQV2.INFO 02/01/22 8:00:00,subway,47,Newkirk Plaza (B,Q),Q,Brooklyn,Metrocard - Fair Fare,32,2,40.63508224,-73.96279144,POINT (-73.9627914428711 40.63508224487305)
2024-06-12 13:40:06,548.MTA_ConsumeLineQV2.INFO Row ingested: 02/01/22 8:00:00,subway,47,Newkirk Plaza (B,Q),Q,Brooklyn,Metrocard - Fair Fare,32,2,40.63508224,-73.96279144,POINT (-73.9627914428711 40.63508224487305)
2024-06-12 13:40:06,553.MTA_ConsumeLineQV2.INFO  [x] Done.
2024-06-12 13:40:06,557.MTA_ConsumeLineQV2.INFO 02/01/22 8:00:00,subway,47,Newkirk Plaza (B,Q),Q,Brooklyn,Metrocard - Other,32,0,40.63508224,-73.96279144,POINT (-73.9627914428711 40.63508224487305)
2024-06-12 13:40:06,557.MTA_ConsumeLineQV2.INFO Row ingested: 02/01/22 8:00:00,subway,47,Newkirk Plaza (B,Q),Q,Brooklyn,Metrocard - Other,32,0,40.63508224,-73.96279144,POINT (-73.9627914428711 40.63508224487305)
2024-06-12 13:40:06,557.MTA_ConsumeLineQV2.INFO  [x] Done.
2024-06-12 13:40:06,557.MTA_ConsumeLineQV2.INFO 02/01/22 8:00:00,subway,47,Newkirk Plaza (B,Q),Q,Brooklyn,Metrocard - Full Fare,235,11,40.63508224,-73.96279144,POINT (-73.9627914428711 40.63508224487305)
2024-06-12 13:40:06,557.MTA_ConsumeLineQV2.INFO Row ingested: 02/01/22 8:00:00,subway,47,Newkirk Plaza (B,Q),Q,Brooklyn,Metrocard - Full Fare,235,11,40.63508224,-73.96279144,POINT (-73.9627914428711 40.63508224487305)
2024-06-12 13:40:06,573.MTA_ConsumeLineQV2.INFO  [x] Done.
2024-06-12 13:40:06,865.MTA_ConsumeLineQV2.INFO 02/01/22 9:00:00,subway,45,Beverley Rd (Q),Q,Brooklyn,Metrocard - Fair Fare,5,0,40.64403152,-73.9644928,POINT (-73.96449279785156 40.6440315246582)
2024-06-12 13:40:06,865.MTA_ConsumeLineQV2.INFO Row ingested: 02/01/22 9:00:00,subway,45,Beverley Rd (Q),Q,Brooklyn,Metrocard - Fair Fare,5,0,40.64403152,-73.9644928,POINT (-73.96449279785156 40.6440315246582)
2024-06-12 13:40:06,865.MTA_ConsumeLineQV2.INFO  [x] Done.
2024-06-12 13:40:06,878.MTA_ConsumeLineQV2.INFO 02/01/22 9:00:00,subway,45,Beverley Rd (Q),Q,Brooklyn,Metrocard - Full Fare,45,0,40.64403152,-73.9644928,POINT (-73.96449279785156 40.6440315246582)
2024-06-12 13:40:06,879.MTA_ConsumeLineQV2.INFO Row ingested: 02/01/22 9:00:00,subway,45,Beverley Rd (Q),Q,Brooklyn,Metrocard - Full Fare,45,0,40.64403152,-73.9644928,POINT (-73.96449279785156 40.6440315246582)
2024-06-12 13:40:06,880.MTA_ConsumeLineQV2.INFO  [x] Done.
2024-06-12 13:40:06,889.MTA_ConsumeLineQV2.INFO 02/01/22 9:00:00,subway,45,Beverley Rd (Q),Q,Brooklyn,Metrocard - Students,4,0,40.64403152,-73.9644928,POINT (-73.96449279785156 40.6440315246582)
2024-06-12 13:40:06,891.MTA_ConsumeLineQV2.INFO Row ingested: 02/01/22 9:00:00,subway,45,Beverley Rd (Q),Q,Brooklyn,Metrocard - Students,4,0,40.64403152,-73.9644928,POINT (-73.96449279785156 40.6440315246582)
2024-06-12 13:40:06,891.MTA_ConsumeLineQV2.INFO  [x] Done.
2024-06-12 13:40:06,895.MTA_ConsumeLineQV2.INFO 02/01/22 9:00:00,subway,45,Beverley Rd (Q),Q,Brooklyn,Metrocard - Seniors & Disability,7,0,40.64403152,-73.9644928,POINT (-73.96449279785156 40.6440315246582)
2024-06-12 13:40:06,895.MTA_ConsumeLineQV2.INFO Row ingested: 02/01/22 9:00:00,subway,45,Beverley Rd (Q),Q,Brooklyn,Metrocard - Seniors & Disability,7,0,40.64403152,-73.9644928,POINT (-73.96449279785156 40.6440315246582)
2024-06-12 13:40:06,895.MTA_ConsumeLineQV2.INFO  [x] Done.
2024-06-12 13:40:06,910.MTA_ConsumeLineQV2.INFO 02/01/22 9:00:00,subway,45,Beverley Rd (Q),Q,Brooklyn,Metrocard - Other,11,0,40.64403152,-73.9644928,POINT (-73.96449279785156 40.6440315246582)
2024-06-12 13:40:06,911.MTA_ConsumeLineQV2.INFO Row ingested: 02/01/22 9:00:00,subway,45,Beverley Rd (Q),Q,Brooklyn,Metrocard - Other,11,0,40.64403152,-73.9644928,POINT (-73.96449279785156 40.6440315246582)
2024-06-12 13:40:06,911.MTA_ConsumeLineQV2.INFO  [x] Done.
2024-06-12 13:40:06,915.MTA_ConsumeLineQV2.INFO 02/01/22 9:00:00,subway,45,Beverley Rd (Q),Q,Brooklyn,Metrocard - Unlimited 30-Day,20,0,40.64403152,-73.9644928,POINT (-73.96449279785156 40.6440315246582)
2024-06-12 13:40:06,915.MTA_ConsumeLineQV2.INFO Row ingested: 02/01/22 9:00:00,subway,45,Beverley Rd (Q),Q,Brooklyn,Metrocard - Unlimited 30-Day,20,0,40.64403152,-73.9644928,POINT (-73.96449279785156 40.6440315246582)
2024-06-12 13:40:06,922.MTA_ConsumeLineQV2.INFO  [x] Done.
2024-06-12 13:40:06,928.MTA_ConsumeLineQV2.INFO 02/01/22 9:00:00,subway,45,Beverley Rd (Q),Q,Brooklyn,Metrocard - Unlimited 7-Day,16,0,40.64403152,-73.9644928,POINT (-73.96449279785156 40.6440315246582)
2024-06-12 13:40:06,928.MTA_ConsumeLineQV2.INFO Row ingested: 02/01/22 9:00:00,subway,45,Beverley Rd (Q),Q,Brooklyn,Metrocard - Unlimited 7-Day,16,0,40.64403152,-73.9644928,POINT (-73.96449279785156 40.6440315246582)
2024-06-12 13:40:06,932.MTA_ConsumeLineQV2.INFO  [x] Done.
2024-06-12 13:40:07,596.MTA_ConsumeLineQV2.INFO 02/01/22 9:00:00,subway,46,Cortelyou Rd (Q),Q,Brooklyn,Metrocard - Fair Fare,8,0,40.64092636,-73.96389008,POINT (-73.9638900756836 40.640926361083984)
2024-06-12 13:40:07,596.MTA_ConsumeLineQV2.INFO Row ingested: 02/01/22 9:00:00,subway,46,Cortelyou Rd (Q),Q,Brooklyn,Metrocard - Fair Fare,8,0,40.64092636,-73.96389008,POINT (-73.9638900756836 40.640926361083984)
2024-06-12 13:40:07,604.MTA_ConsumeLineQV2.INFO  [x] Done.
2024-06-12 13:40:07,609.MTA_ConsumeLineQV2.INFO 02/01/22 9:00:00,subway,46,Cortelyou Rd (Q),Q,Brooklyn,Metrocard - Full Fare,110,1,40.64092636,-73.96389008,POINT (-73.9638900756836 40.640926361083984)
2024-06-12 13:40:07,609.MTA_ConsumeLineQV2.INFO Row ingested: 02/01/22 9:00:00,subway,46,Cortelyou Rd (Q),Q,Brooklyn,Metrocard - Full Fare,110,1,40.64092636,-73.96389008,POINT (-73.9638900756836 40.640926361083984)
2024-06-12 13:40:07,615.MTA_ConsumeLineQV2.INFO  [x] Done.
2024-06-12 13:40:07,623.MTA_ConsumeLineQV2.INFO 02/01/22 9:00:00,subway,46,Cortelyou Rd (Q),Q,Brooklyn,Metrocard - Other,8,0,40.64092636,-73.96389008,POINT (-73.9638900756836 40.640926361083984)
2024-06-12 13:40:07,624.MTA_ConsumeLineQV2.INFO Row ingested: 02/01/22 9:00:00,subway,46,Cortelyou Rd (Q),Q,Brooklyn,Metrocard - Other,8,0,40.64092636,-73.96389008,POINT (-73.9638900756836 40.640926361083984)
2024-06-12 13:40:07,625.MTA_ConsumeLineQV2.INFO  [x] Done.
2024-06-12 13:40:07,627.MTA_ConsumeLineQV2.INFO 02/01/22 9:00:00,subway,46,Cortelyou Rd (Q),Q,Brooklyn,Metrocard - Seniors & Disability,7,0,40.64092636,-73.96389008,POINT (-73.9638900756836 40.640926361083984)
2024-06-12 13:40:07,627.MTA_ConsumeLineQV2.INFO Row ingested: 02/01/22 9:00:00,subway,46,Cortelyou Rd (Q),Q,Brooklyn,Metrocard - Seniors & Disability,7,0,40.64092636,-73.96389008,POINT (-73.9638900756836 40.640926361083984)
2024-06-12 13:40:07,627.MTA_ConsumeLineQV2.INFO  [x] Done.
2024-06-12 13:40:07,644.MTA_ConsumeLineQV2.INFO 02/01/22 9:00:00,subway,46,Cortelyou Rd (Q),Q,Brooklyn,Metrocard - Unlimited 7-Day,37,0,40.64092636,-73.96389008,POINT (-73.9638900756836 40.640926361083984)
2024-06-12 13:40:07,644.MTA_ConsumeLineQV2.INFO Row ingested: 02/01/22 9:00:00,subway,46,Cortelyou Rd (Q),Q,Brooklyn,Metrocard - Unlimited 7-Day,37,0,40.64092636,-73.96389008,POINT (-73.9638900756836 40.640926361083984)
2024-06-12 13:40:07,648.MTA_ConsumeLineQV2.INFO  [x] Done.
2024-06-12 13:40:07,648.MTA_ConsumeLineQV2.INFO 02/01/22 9:00:00,subway,46,Cortelyou Rd (Q),Q,Brooklyn,Metrocard - Students,2,0,40.64092636,-73.96389008,POINT (-73.9638900756836 40.640926361083984)
2024-06-12 13:40:07,648.MTA_ConsumeLineQV2.INFO Row ingested: 02/01/22 9:00:00,subway,46,Cortelyou Rd (Q),Q,Brooklyn,Metrocard - Students,2,0,40.64092636,-73.96389008,POINT (-73.9638900756836 40.640926361083984)
2024-06-12 13:40:07,659.MTA_ConsumeLineQV2.INFO  [x] Done.
2024-06-12 13:40:07,664.MTA_ConsumeLineQV2.INFO 02/01/22 9:00:00,subway,46,Cortelyou Rd (Q),Q,Brooklyn,Metrocard - Unlimited 30-Day,55,0,40.64092636,-73.96389008,POINT (-73.9638900756836 40.640926361083984)
2024-06-12 13:40:07,664.MTA_ConsumeLineQV2.INFO Row ingested: 02/01/22 9:00:00,subway,46,Cortelyou Rd (Q),Q,Brooklyn,Metrocard - Unlimited 30-Day,55,0,40.64092636,-73.96389008,POINT (-73.9638900756836 40.640926361083984)
2024-06-12 13:40:07,672.MTA_ConsumeLineQV2.INFO  [x] Done.
2024-06-12 13:40:07,940.MTA_ConsumeLineQV2.INFO 02/01/22 9:00:00,subway,47,Newkirk Plaza (B,Q),Q,Brooklyn,Metrocard - Fair Fare,19,0,40.63508224,-73.96279144,POINT (-73.9627914428711 40.63508224487305)
2024-06-12 13:40:07,946.MTA_ConsumeLineQV2.INFO Row ingested: 02/01/22 9:00:00,subway,47,Newkirk Plaza (B,Q),Q,Brooklyn,Metrocard - Fair Fare,19,0,40.63508224,-73.96279144,POINT (-73.9627914428711 40.63508224487305)
2024-06-12 13:40:07,947.MTA_ConsumeLineQV2.INFO  [x] Done.
2024-06-12 13:40:08,211.MTA_ConsumeLineQV2.INFO 02/01/22 10:00:00,subway,45,Beverley Rd (Q),Q,Brooklyn,Metrocard - Full Fare,35,0,40.64403152,-73.9644928,POINT (-73.96449279785156 40.6440315246582)
2024-06-12 13:40:08,214.MTA_ConsumeLineQV2.INFO Row ingested: 02/01/22 10:00:00,subway,45,Beverley Rd (Q),Q,Brooklyn,Metrocard - Full Fare,35,0,40.64403152,-73.9644928,POINT (-73.96449279785156 40.6440315246582)
2024-06-12 13:40:08,215.MTA_ConsumeLineQV2.INFO  [x] Done.
2024-06-12 13:40:08,222.MTA_ConsumeLineQV2.INFO 02/01/22 10:00:00,subway,45,Beverley Rd (Q),Q,Brooklyn,Metrocard - Fair Fare,2,0,40.64403152,-73.9644928,POINT (-73.96449279785156 40.6440315246582)
2024-06-12 13:40:08,223.MTA_ConsumeLineQV2.INFO Row ingested: 02/01/22 10:00:00,subway,45,Beverley Rd (Q),Q,Brooklyn,Metrocard - Fair Fare,2,0,40.64403152,-73.9644928,POINT (-73.96449279785156 40.6440315246582)
2024-06-12 13:40:08,224.MTA_ConsumeLineQV2.INFO  [x] Done.
2024-06-12 13:40:08,232.MTA_ConsumeLineQV2.INFO 02/01/22 10:00:00,subway,45,Beverley Rd (Q),Q,Brooklyn,Metrocard - Other,4,0,40.64403152,-73.9644928,POINT (-73.96449279785156 40.6440315246582)
2024-06-12 13:40:08,232.MTA_ConsumeLineQV2.INFO Row ingested: 02/01/22 10:00:00,subway,45,Beverley Rd (Q),Q,Brooklyn,Metrocard - Other,4,0,40.64403152,-73.9644928,POINT (-73.96449279785156 40.6440315246582)
2024-06-12 13:40:08,232.MTA_ConsumeLineQV2.INFO  [x] Done.
2024-06-12 13:40:08,243.MTA_ConsumeLineQV2.INFO 02/01/22 10:00:00,subway,45,Beverley Rd (Q),Q,Brooklyn,Metrocard - Students,1,0,40.64403152,-73.9644928,POINT (-73.96449279785156 40.6440315246582)
2024-06-12 13:40:08,245.MTA_ConsumeLineQV2.INFO Row ingested: 02/01/22 10:00:00,subway,45,Beverley Rd (Q),Q,Brooklyn,Metrocard - Students,1,0,40.64403152,-73.9644928,POINT (-73.96449279785156 40.6440315246582)
2024-06-12 13:40:08,245.MTA_ConsumeLineQV2.INFO  [x] Done.
2024-06-12 13:40:08,248.MTA_ConsumeLineQV2.INFO 02/01/22 10:00:00,subway,45,Beverley Rd (Q),Q,Brooklyn,Metrocard - Seniors & Disability,5,0,40.64403152,-73.9644928,POINT (-73.96449279785156 40.6440315246582)
2024-06-12 13:40:08,248.MTA_ConsumeLineQV2.INFO Row ingested: 02/01/22 10:00:00,subway,45,Beverley Rd (Q),Q,Brooklyn,Metrocard - Seniors & Disability,5,0,40.64403152,-73.9644928,POINT (-73.96449279785156 40.6440315246582)
2024-06-12 13:40:08,248.MTA_ConsumeLineQV2.INFO  [x] Done.
2024-06-12 13:40:08,262.MTA_ConsumeLineQV2.INFO 02/01/22 10:00:00,subway,45,Beverley Rd (Q),Q,Brooklyn,Metrocard - Unlimited 30-Day,13,0,40.64403152,-73.9644928,POINT (-73.96449279785156 40.6440315246582)
2024-06-12 13:40:08,263.MTA_ConsumeLineQV2.INFO Row ingested: 02/01/22 10:00:00,subway,45,Beverley Rd (Q),Q,Brooklyn,Metrocard - Unlimited 30-Day,13,0,40.64403152,-73.9644928,POINT (-73.96449279785156 40.6440315246582)
2024-06-12 13:40:08,264.MTA_ConsumeLineQV2.INFO  [x] Done.
2024-06-12 13:40:08,264.MTA_ConsumeLineQV2.INFO 02/01/22 10:00:00,subway,45,Beverley Rd (Q),Q,Brooklyn,Metrocard - Unlimited 7-Day,16,0,40.64403152,-73.9644928,POINT (-73.96449279785156 40.6440315246582)
2024-06-12 13:40:08,264.MTA_ConsumeLineQV2.INFO Row ingested: 02/01/22 10:00:00,subway,45,Beverley Rd (Q),Q,Brooklyn,Metrocard - Unlimited 7-Day,16,0,40.64403152,-73.9644928,POINT (-73.96449279785156 40.6440315246582)
2024-06-12 13:40:08,264.MTA_ConsumeLineQV2.INFO  [x] Done.
2024-06-12 13:40:08,894.MTA_ConsumeLineQV2.INFO 02/01/22 10:00:00,subway,46,Cortelyou Rd (Q),Q,Brooklyn,Metrocard - Fair Fare,7,0,40.64092636,-73.96389008,POINT (-73.9638900756836 40.640926361083984)
2024-06-12 13:40:08,897.MTA_ConsumeLineQV2.INFO Row ingested: 02/01/22 10:00:00,subway,46,Cortelyou Rd (Q),Q,Brooklyn,Metrocard - Fair Fare,7,0,40.64092636,-73.96389008,POINT (-73.9638900756836 40.640926361083984)
2024-06-12 13:40:08,897.MTA_ConsumeLineQV2.INFO  [x] Done.
2024-06-12 13:40:08,904.MTA_ConsumeLineQV2.INFO 02/01/22 10:00:00,subway,46,Cortelyou Rd (Q),Q,Brooklyn,Metrocard - Seniors & Disability,11,0,40.64092636,-73.96389008,POINT (-73.9638900756836 40.640926361083984)
2024-06-12 13:40:08,904.MTA_ConsumeLineQV2.INFO Row ingested: 02/01/22 10:00:00,subway,46,Cortelyou Rd (Q),Q,Brooklyn,Metrocard - Seniors & Disability,11,0,40.64092636,-73.96389008,POINT (-73.9638900756836 40.640926361083984)
2024-06-12 13:40:08,907.MTA_ConsumeLineQV2.INFO  [x] Done.
2024-06-12 13:40:08,917.MTA_ConsumeLineQV2.INFO 02/01/22 10:00:00,subway,46,Cortelyou Rd (Q),Q,Brooklyn,Metrocard - Other,15,0,40.64092636,-73.96389008,POINT (-73.9638900756836 40.640926361083984)
2024-06-12 13:40:08,917.MTA_ConsumeLineQV2.INFO Row ingested: 02/01/22 10:00:00,subway,46,Cortelyou Rd (Q),Q,Brooklyn,Metrocard - Other,15,0,40.64092636,-73.96389008,POINT (-73.9638900756836 40.640926361083984)
2024-06-12 13:40:08,917.MTA_ConsumeLineQV2.INFO  [x] Done.
2024-06-12 13:40:08,922.MTA_ConsumeLineQV2.INFO 02/01/22 10:00:00,subway,46,Cortelyou Rd (Q),Q,Brooklyn,Metrocard - Full Fare,65,0,40.64092636,-73.96389008,POINT (-73.9638900756836 40.640926361083984)
2024-06-12 13:40:08,922.MTA_ConsumeLineQV2.INFO Row ingested: 02/01/22 10:00:00,subway,46,Cortelyou Rd (Q),Q,Brooklyn,Metrocard - Full Fare,65,0,40.64092636,-73.96389008,POINT (-73.9638900756836 40.640926361083984)
2024-06-12 13:40:08,926.MTA_ConsumeLineQV2.INFO  [x] Done.
2024-06-12 13:40:08,934.MTA_ConsumeLineQV2.INFO 02/01/22 10:00:00,subway,46,Cortelyou Rd (Q),Q,Brooklyn,Metrocard - Students,3,0,40.64092636,-73.96389008,POINT (-73.9638900756836 40.640926361083984)
2024-06-12 13:40:08,935.MTA_ConsumeLineQV2.INFO Row ingested: 02/01/22 10:00:00,subway,46,Cortelyou Rd (Q),Q,Brooklyn,Metrocard - Students,3,0,40.64092636,-73.96389008,POINT (-73.9638900756836 40.640926361083984)
2024-06-12 13:40:08,935.MTA_ConsumeLineQV2.INFO  [x] Done.
2024-06-12 13:40:08,939.MTA_ConsumeLineQV2.INFO 02/01/22 10:00:00,subway,46,Cortelyou Rd (Q),Q,Brooklyn,Metrocard - Unlimited 7-Day,20,0,40.64092636,-73.96389008,POINT (-73.9638900756836 40.640926361083984)
2024-06-12 13:40:08,939.MTA_ConsumeLineQV2.INFO Row ingested: 02/01/22 10:00:00,subway,46,Cortelyou Rd (Q),Q,Brooklyn,Metrocard - Unlimited 7-Day,20,0,40.64092636,-73.96389008,POINT (-73.9638900756836 40.640926361083984)
2024-06-12 13:40:08,945.MTA_ConsumeLineQV2.INFO  [x] Done.
2024-06-12 13:40:08,954.MTA_ConsumeLineQV2.INFO 02/01/22 10:00:00,subway,46,Cortelyou Rd (Q),Q,Brooklyn,Metrocard - Unlimited 30-Day,22,0,40.64092636,-73.96389008,POINT (-73.9638900756836 40.640926361083984)
2024-06-12 13:40:08,954.MTA_ConsumeLineQV2.INFO Row ingested: 02/01/22 10:00:00,subway,46,Cortelyou Rd (Q),Q,Brooklyn,Metrocard - Unlimited 30-Day,22,0,40.64092636,-73.96389008,POINT (-73.9638900756836 40.640926361083984)
2024-06-12 13:40:08,955.MTA_ConsumeLineQV2.INFO  [x] Done.
2024-06-12 13:40:09,236.MTA_ConsumeLineQV2.INFO 02/01/22 10:00:00,subway,47,Newkirk Plaza (B,Q),Q,Brooklyn,Metrocard - Fair Fare,14,0,40.63508224,-73.96279144,POINT (-73.9627914428711 40.63508224487305)
2024-06-12 13:40:09,236.MTA_ConsumeLineQV2.INFO Row ingested: 02/01/22 10:00:00,subway,47,Newkirk Plaza (B,Q),Q,Brooklyn,Metrocard - Fair Fare,14,0,40.63508224,-73.96279144,POINT (-73.9627914428711 40.63508224487305)
2024-06-12 13:40:09,237.MTA_ConsumeLineQV2.INFO  [x] Done.
2024-06-12 13:40:09,494.MTA_ConsumeLineQV2.INFO 02/01/22 11:00:00,subway,45,Beverley Rd (Q),Q,Brooklyn,Metrocard - Full Fare,31,0,40.64403152,-73.9644928,POINT (-73.96449279785156 40.6440315246582)
2024-06-12 13:40:09,497.MTA_ConsumeLineQV2.INFO Row ingested: 02/01/22 11:00:00,subway,45,Beverley Rd (Q),Q,Brooklyn,Metrocard - Full Fare,31,0,40.64403152,-73.9644928,POINT (-73.96449279785156 40.6440315246582)
2024-06-12 13:40:09,497.MTA_ConsumeLineQV2.INFO  [x] Done.
2024-06-12 13:40:09,504.MTA_ConsumeLineQV2.INFO 02/01/22 11:00:00,subway,45,Beverley Rd (Q),Q,Brooklyn,Metrocard - Fair Fare,3,0,40.64403152,-73.9644928,POINT (-73.96449279785156 40.6440315246582)
2024-06-12 13:40:09,504.MTA_ConsumeLineQV2.INFO Row ingested: 02/01/22 11:00:00,subway,45,Beverley Rd (Q),Q,Brooklyn,Metrocard - Fair Fare,3,0,40.64403152,-73.9644928,POINT (-73.96449279785156 40.6440315246582)
2024-06-12 13:40:09,507.MTA_ConsumeLineQV2.INFO  [x] Done.
2024-06-12 13:40:09,516.MTA_ConsumeLineQV2.INFO 02/01/22 11:00:00,subway,45,Beverley Rd (Q),Q,Brooklyn,Metrocard - Other,5,0,40.64403152,-73.9644928,POINT (-73.96449279785156 40.6440315246582)
2024-06-12 13:40:09,517.MTA_ConsumeLineQV2.INFO Row ingested: 02/01/22 11:00:00,subway,45,Beverley Rd (Q),Q,Brooklyn,Metrocard - Other,5,0,40.64403152,-73.9644928,POINT (-73.96449279785156 40.6440315246582)
2024-06-12 13:40:09,517.MTA_ConsumeLineQV2.INFO  [x] Done.
2024-06-12 13:40:09,523.MTA_ConsumeLineQV2.INFO 02/01/22 11:00:00,subway,45,Beverley Rd (Q),Q,Brooklyn,Metrocard - Seniors & Disability,5,0,40.64403152,-73.9644928,POINT (-73.96449279785156 40.6440315246582)
2024-06-12 13:40:09,523.MTA_ConsumeLineQV2.INFO Row ingested: 02/01/22 11:00:00,subway,45,Beverley Rd (Q),Q,Brooklyn,Metrocard - Seniors & Disability,5,0,40.64403152,-73.9644928,POINT (-73.96449279785156 40.6440315246582)
2024-06-12 13:40:09,526.MTA_ConsumeLineQV2.INFO  [x] Done.
2024-06-12 13:40:09,538.MTA_ConsumeLineQV2.INFO 02/01/22 11:00:00,subway,45,Beverley Rd (Q),Q,Brooklyn,Metrocard - Students,4,0,40.64403152,-73.9644928,POINT (-73.96449279785156 40.6440315246582)
2024-06-12 13:40:09,540.MTA_ConsumeLineQV2.INFO Row ingested: 02/01/22 11:00:00,subway,45,Beverley Rd (Q),Q,Brooklyn,Metrocard - Students,4,0,40.64403152,-73.9644928,POINT (-73.96449279785156 40.6440315246582)
2024-06-12 13:40:09,540.MTA_ConsumeLineQV2.INFO  [x] Done.
2024-06-12 13:40:09,548.MTA_ConsumeLineQV2.INFO 02/01/22 11:00:00,subway,45,Beverley Rd (Q),Q,Brooklyn,Metrocard - Unlimited 7-Day,9,0,40.64403152,-73.9644928,POINT (-73.96449279785156 40.6440315246582)
2024-06-12 13:40:09,549.MTA_ConsumeLineQV2.INFO Row ingested: 02/01/22 11:00:00,subway,45,Beverley Rd (Q),Q,Brooklyn,Metrocard - Unlimited 7-Day,9,0,40.64403152,-73.9644928,POINT (-73.96449279785156 40.6440315246582)
2024-06-12 13:40:09,549.MTA_ConsumeLineQV2.INFO  [x] Done.
2024-06-12 13:40:09,557.MTA_ConsumeLineQV2.INFO 02/01/22 11:00:00,subway,45,Beverley Rd (Q),Q,Brooklyn,Metrocard - Unlimited 30-Day,9,0,40.64403152,-73.9644928,POINT (-73.96449279785156 40.6440315246582)
2024-06-12 13:40:09,557.MTA_ConsumeLineQV2.INFO Row ingested: 02/01/22 11:00:00,subway,45,Beverley Rd (Q),Q,Brooklyn,Metrocard - Unlimited 30-Day,9,0,40.64403152,-73.9644928,POINT (-73.96449279785156 40.6440315246582)
2024-06-12 13:40:09,560.MTA_ConsumeLineQV2.INFO  [x] Done.
2024-06-12 13:40:10,171.MTA_ConsumeLineQV2.INFO 02/01/22 11:00:00,subway,46,Cortelyou Rd (Q),Q,Brooklyn,Metrocard - Fair Fare,4,0,40.64092636,-73.96389008,POINT (-73.9638900756836 40.640926361083984)
2024-06-12 13:40:10,171.MTA_ConsumeLineQV2.INFO Row ingested: 02/01/22 11:00:00,subway,46,Cortelyou Rd (Q),Q,Brooklyn,Metrocard - Fair Fare,4,0,40.64092636,-73.96389008,POINT (-73.9638900756836 40.640926361083984)
2024-06-12 13:40:10,175.MTA_ConsumeLineQV2.INFO  [x] Done.
2024-06-12 13:40:10,192.MTA_ConsumeLineQV2.INFO 02/01/22 11:00:00,subway,46,Cortelyou Rd (Q),Q,Brooklyn,Metrocard - Seniors & Disability,14,0,40.64092636,-73.96389008,POINT (-73.9638900756836 40.640926361083984)
2024-06-12 13:40:10,193.MTA_ConsumeLineQV2.INFO Row ingested: 02/01/22 11:00:00,subway,46,Cortelyou Rd (Q),Q,Brooklyn,Metrocard - Seniors & Disability,14,0,40.64092636,-73.96389008,POINT (-73.9638900756836 40.640926361083984)
2024-06-12 13:40:10,194.MTA_ConsumeLineQV2.INFO  [x] Done.
2024-06-12 13:40:10,199.MTA_ConsumeLineQV2.INFO 02/01/22 11:00:00,subway,46,Cortelyou Rd (Q),Q,Brooklyn,Metrocard - Other,6,0,40.64092636,-73.96389008,POINT (-73.9638900756836 40.640926361083984)
2024-06-12 13:40:10,199.MTA_ConsumeLineQV2.INFO Row ingested: 02/01/22 11:00:00,subway,46,Cortelyou Rd (Q),Q,Brooklyn,Metrocard - Other,6,0,40.64092636,-73.96389008,POINT (-73.9638900756836 40.640926361083984)
2024-06-12 13:40:10,199.MTA_ConsumeLineQV2.INFO  [x] Done.
2024-06-12 13:40:10,210.MTA_ConsumeLineQV2.INFO 02/01/22 11:00:00,subway,46,Cortelyou Rd (Q),Q,Brooklyn,Metrocard - Full Fare,57,0,40.64092636,-73.96389008,POINT (-73.9638900756836 40.640926361083984)
2024-06-12 13:40:10,210.MTA_ConsumeLineQV2.INFO Row ingested: 02/01/22 11:00:00,subway,46,Cortelyou Rd (Q),Q,Brooklyn,Metrocard - Full Fare,57,0,40.64092636,-73.96389008,POINT (-73.9638900756836 40.640926361083984)
2024-06-12 13:40:10,212.MTA_ConsumeLineQV2.INFO  [x] Done.
2024-06-12 13:40:10,219.MTA_ConsumeLineQV2.INFO 02/01/22 11:00:00,subway,46,Cortelyou Rd (Q),Q,Brooklyn,Metrocard - Unlimited 30-Day,29,0,40.64092636,-73.96389008,POINT (-73.9638900756836 40.640926361083984)
2024-06-12 13:40:10,219.MTA_ConsumeLineQV2.INFO Row ingested: 02/01/22 11:00:00,subway,46,Cortelyou Rd (Q),Q,Brooklyn,Metrocard - Unlimited 30-Day,29,0,40.64092636,-73.96389008,POINT (-73.9638900756836 40.640926361083984)
2024-06-12 13:40:10,223.MTA_ConsumeLineQV2.INFO  [x] Done.
2024-06-12 13:40:10,229.MTA_ConsumeLineQV2.INFO 02/01/22 11:00:00,subway,46,Cortelyou Rd (Q),Q,Brooklyn,Metrocard - Students,8,0,40.64092636,-73.96389008,POINT (-73.9638900756836 40.640926361083984)
2024-06-12 13:40:10,229.MTA_ConsumeLineQV2.INFO Row ingested: 02/01/22 11:00:00,subway,46,Cortelyou Rd (Q),Q,Brooklyn,Metrocard - Students,8,0,40.64092636,-73.96389008,POINT (-73.9638900756836 40.640926361083984)
2024-06-12 13:40:10,232.MTA_ConsumeLineQV2.INFO  [x] Done.
2024-06-12 13:40:10,238.MTA_ConsumeLineQV2.INFO 02/01/22 11:00:00,subway,46,Cortelyou Rd (Q),Q,Brooklyn,Metrocard - Unlimited 7-Day,21,0,40.64092636,-73.96389008,POINT (-73.9638900756836 40.640926361083984)
2024-06-12 13:40:10,238.MTA_ConsumeLineQV2.INFO Row ingested: 02/01/22 11:00:00,subway,46,Cortelyou Rd (Q),Q,Brooklyn,Metrocard - Unlimited 7-Day,21,0,40.64092636,-73.96389008,POINT (-73.9638900756836 40.640926361083984)
2024-06-12 13:40:10,242.MTA_ConsumeLineQV2.INFO  [x] Done.
2024-06-12 13:40:10,515.MTA_ConsumeLineQV2.INFO 02/01/22 11:00:00,subway,47,Newkirk Plaza (B,Q),Q,Brooklyn,Metrocard - Fair Fare,18,1,40.63508224,-73.96279144,POINT (-73.9627914428711 40.63508224487305)
2024-06-12 13:40:10,515.MTA_ConsumeLineQV2.INFO Row ingested: 02/01/22 11:00:00,subway,47,Newkirk Plaza (B,Q),Q,Brooklyn,Metrocard - Fair Fare,18,1,40.63508224,-73.96279144,POINT (-73.9627914428711 40.63508224487305)
2024-06-12 13:40:10,515.MTA_ConsumeLineQV2.INFO  [x] Done.
2024-06-12 13:40:27,454.MTA_ConsumeLineQV2.INFO KeyboardInterrupt. Stopping the Program
2024-06-12 13:40:27,454.MTA_ConsumeLineQV2.INFO 
closing connection. Goodby

